[2025-07-26 22:20:01] [INFO] Starting Mirror operation from D:\Documents\GoogleDriveSync\Books to D:\Documents\Google Drive\Books
[2025-07-26 22:20:02] [INFO] 
[2025-07-26 22:20:02] [INFO] -------------------------------------------------------------------------------
[2025-07-26 22:20:02] [INFO]    ROBOCOPY     ::     Robust File Copy for Windows                              
[2025-07-26 22:20:02] [INFO] -------------------------------------------------------------------------------
[2025-07-26 22:20:02] [INFO] 
[2025-07-26 22:20:02] [INFO]   Started : Saturday, 26 July 2025 10:20:02 pm
[2025-07-26 22:20:02] [INFO]    Source : D:\Documents\GoogleDriveSync\Books\
[2025-07-26 22:20:02] [INFO]      Dest : D:\Documents\Google Drive\Books\
[2025-07-26 22:20:02] [INFO] 
[2025-07-26 22:20:02] [INFO]     Files : *.*
[2025-07-26 22:20:02] [INFO] 	    
[2025-07-26 22:20:02] [INFO]   Options : *.* /NDL /NFL /TEE /S /E /DCOPY:DA /COPY:DAT /PURGE /MIR /Z /MT:1 /R:0 /W:0 
[2025-07-26 22:20:02] [INFO] 
[2025-07-26 22:20:02] [INFO] ------------------------------------------------------------------------------
[2025-07-26 22:20:02] [INFO] 
[2025-07-26 22:20:02] [INFO] 
[2025-07-26 22:20:02] [INFO] ------------------------------------------------------------------------------
[2025-07-26 22:20:02] [INFO] 
[2025-07-26 22:20:02] [INFO]                Total    Copied   Skipped  Mismatch    FAILED    Extras
[2025-07-26 22:20:02] [INFO]     Dirs :         5         5         5         0         0         0
[2025-07-26 22:20:02] [INFO]    Files :        56         0        56         0         0         0
[2025-07-26 22:20:02] [INFO]    Bytes :  947.84 m         0  947.84 m         0         0         0
[2025-07-26 22:20:02] [INFO]    Times :   0:00:00   0:00:00                       0:00:00   0:00:00
[2025-07-26 22:20:02] [INFO]    Ended : Saturday, 26 July 2025 10:20:02 pm
[2025-07-26 22:20:02] [INFO] 
[2025-07-26 22:20:02] [INFO] Mirror operation completed (Exit code: 0)
[2025-07-26 22:20:02] [INFO] Starting Mirror operation from D:\Documents\GoogleDriveSync\Piano to D:\Documents\Google Drive\Piano
[2025-07-26 22:20:02] [INFO] 
[2025-07-26 22:20:02] [INFO] -------------------------------------------------------------------------------
[2025-07-26 22:20:02] [INFO]    ROBOCOPY     ::     Robust File Copy for Windows                              
[2025-07-26 22:20:02] [INFO] -------------------------------------------------------------------------------
[2025-07-26 22:20:02] [INFO] 
[2025-07-26 22:20:02] [INFO]   Started : Saturday, 26 July 2025 10:20:02 pm
[2025-07-26 22:20:02] [INFO]    Source : D:\Documents\GoogleDriveSync\Piano\
[2025-07-26 22:20:02] [INFO]      Dest : D:\Documents\Google Drive\Piano\
[2025-07-26 22:20:02] [INFO] 
[2025-07-26 22:20:02] [INFO]     Files : *.*
[2025-07-26 22:20:02] [INFO] 	    
[2025-07-26 22:20:02] [INFO]   Options : *.* /NDL /NFL /TEE /S /E /DCOPY:DA /COPY:DAT /PURGE /MIR /Z /MT:1 /R:0 /W:0 
[2025-07-26 22:20:02] [INFO] 
[2025-07-26 22:20:02] [INFO] ------------------------------------------------------------------------------
[2025-07-26 22:20:02] [INFO] 
[2025-07-26 22:20:02] [INFO] 
[2025-07-26 22:20:02] [INFO] ------------------------------------------------------------------------------
[2025-07-26 22:20:02] [INFO] 
[2025-07-26 22:20:02] [INFO]                Total    Copied   Skipped  Mismatch    FAILED    Extras
[2025-07-26 22:20:02] [INFO]     Dirs :         1         1         1         0         0         0
[2025-07-26 22:20:02] [INFO]    Files :         1         0         1         0         0         0
[2025-07-26 22:20:02] [INFO]    Bytes :    13.3 k         0    13.3 k         0         0         0
[2025-07-26 22:20:02] [INFO]    Times :   0:00:00   0:00:00                       0:00:00   0:00:00
[2025-07-26 22:20:02] [INFO]    Ended : Saturday, 26 July 2025 10:20:02 pm
[2025-07-26 22:20:02] [INFO] 
[2025-07-26 22:20:02] [INFO] Mirror operation completed (Exit code: 0)
[2025-07-26 22:20:02] [INFO] Starting Mirror operation from D:\Documents\GoogleDriveSync\SketchUp to D:\Documents\Google Drive\SketchUp
[2025-07-26 22:20:02] [INFO] 
[2025-07-26 22:20:02] [INFO] -------------------------------------------------------------------------------
[2025-07-26 22:20:02] [INFO]    ROBOCOPY     ::     Robust File Copy for Windows                              
[2025-07-26 22:20:02] [INFO] -------------------------------------------------------------------------------
[2025-07-26 22:20:02] [INFO] 
[2025-07-26 22:20:02] [INFO]   Started : Saturday, 26 July 2025 10:20:02 pm
[2025-07-26 22:20:02] [INFO]    Source : D:\Documents\GoogleDriveSync\SketchUp\
[2025-07-26 22:20:02] [INFO]      Dest : D:\Documents\Google Drive\SketchUp\
[2025-07-26 22:20:02] [INFO] 
[2025-07-26 22:20:02] [INFO]     Files : *.*
[2025-07-26 22:20:02] [INFO] 	    
[2025-07-26 22:20:02] [INFO]   Options : *.* /NDL /NFL /TEE /S /E /DCOPY:DA /COPY:DAT /PURGE /MIR /Z /MT:1 /R:0 /W:0 
[2025-07-26 22:20:02] [INFO] 
[2025-07-26 22:20:02] [INFO] ------------------------------------------------------------------------------
[2025-07-26 22:20:02] [INFO] 
[2025-07-26 22:20:02] [INFO] 
[2025-07-26 22:20:02] [INFO] ------------------------------------------------------------------------------
[2025-07-26 22:20:02] [INFO] 
[2025-07-26 22:20:02] [INFO]                Total    Copied   Skipped  Mismatch    FAILED    Extras
[2025-07-26 22:20:02] [INFO]     Dirs :        19        19        19         0         0         0
[2025-07-26 22:20:02] [INFO]    Files :        88         0        88         0         0         0
[2025-07-26 22:20:02] [INFO]    Bytes :  438.33 m         0  438.33 m         0         0         0
[2025-07-26 22:20:02] [INFO]    Times :   0:00:00   0:00:00                       0:00:00   0:00:00
[2025-07-26 22:20:02] [INFO]    Ended : Saturday, 26 July 2025 10:20:02 pm
[2025-07-26 22:20:02] [INFO] 
[2025-07-26 22:20:02] [INFO] Mirror operation completed (Exit code: 0)
[2025-07-26 22:20:02] [INFO] Starting Mirror operation from D:\Documents\GoogleDriveSync\Software to D:\Documents\Google Drive\Software
[2025-07-26 22:20:02] [INFO] 
[2025-07-26 22:20:02] [INFO] -------------------------------------------------------------------------------
[2025-07-26 22:20:02] [INFO]    ROBOCOPY     ::     Robust File Copy for Windows                              
[2025-07-26 22:20:02] [INFO] -------------------------------------------------------------------------------
[2025-07-26 22:20:02] [INFO] 
[2025-07-26 22:20:02] [INFO]   Started : Saturday, 26 July 2025 10:20:02 pm
[2025-07-26 22:20:02] [INFO]    Source : D:\Documents\GoogleDriveSync\Software\
[2025-07-26 22:20:02] [INFO]      Dest : D:\Documents\Google Drive\Software\
[2025-07-26 22:20:02] [INFO] 
[2025-07-26 22:20:02] [INFO]     Files : *.*
[2025-07-26 22:20:02] [INFO] 	    
[2025-07-26 22:20:02] [INFO]   Options : *.* /NDL /NFL /TEE /S /E /DCOPY:DA /COPY:DAT /PURGE /MIR /Z /MT:1 /R:0 /W:0 
[2025-07-26 22:20:02] [INFO] 
[2025-07-26 22:20:02] [INFO] ------------------------------------------------------------------------------
[2025-07-26 22:20:02] [INFO] 
[2025-07-26 22:20:02] [INFO] 
[2025-07-26 22:20:02] [INFO] ------------------------------------------------------------------------------
[2025-07-26 22:20:02] [INFO] 
[2025-07-26 22:20:03] [INFO]                Total    Copied   Skipped  Mismatch    FAILED    Extras
[2025-07-26 22:20:03] [INFO]     Dirs :        99        99        99         0         0         0
[2025-07-26 22:20:03] [INFO]    Files :        44         0        44         0         0         0
[2025-07-26 22:20:03] [INFO]    Bytes :  860.87 m         0  860.87 m         0         0         0
[2025-07-26 22:20:03] [INFO]    Times :   0:00:00   0:00:00                       0:00:00   0:00:00
[2025-07-26 22:20:03] [INFO]    Ended : Saturday, 26 July 2025 10:20:02 pm
[2025-07-26 22:20:03] [INFO] 
[2025-07-26 22:20:03] [INFO] Mirror operation completed (Exit code: 0)
[2025-07-26 22:20:03] [INFO] Starting Mirror operation from D:\Documents\GoogleDriveSync\Woodwork to D:\Documents\Google Drive\Woodwork
[2025-07-26 22:20:03] [INFO] 
[2025-07-26 22:20:03] [INFO] -------------------------------------------------------------------------------
[2025-07-26 22:20:03] [INFO]    ROBOCOPY     ::     Robust File Copy for Windows                              
[2025-07-26 22:20:03] [INFO] -------------------------------------------------------------------------------
[2025-07-26 22:20:03] [INFO] 
[2025-07-26 22:20:03] [INFO]   Started : Saturday, 26 July 2025 10:20:03 pm
[2025-07-26 22:20:03] [INFO]    Source : D:\Documents\GoogleDriveSync\Woodwork\
[2025-07-26 22:20:03] [INFO]      Dest : D:\Documents\Google Drive\Woodwork\
[2025-07-26 22:20:03] [INFO] 
[2025-07-26 22:20:03] [INFO]     Files : *.*
[2025-07-26 22:20:03] [INFO] 	    
[2025-07-26 22:20:03] [INFO]   Options : *.* /NDL /NFL /TEE /S /E /DCOPY:DA /COPY:DAT /PURGE /MIR /Z /MT:1 /R:0 /W:0 
[2025-07-26 22:20:03] [INFO] 
[2025-07-26 22:20:03] [INFO] ------------------------------------------------------------------------------
[2025-07-26 22:20:03] [INFO] 
[2025-07-26 22:20:03] [INFO] 
[2025-07-26 22:20:03] [INFO] ------------------------------------------------------------------------------
[2025-07-26 22:20:03] [INFO] 
[2025-07-26 22:20:03] [INFO]                Total    Copied   Skipped  Mismatch    FAILED    Extras
[2025-07-26 22:20:03] [INFO]     Dirs :         6         6         6         0         0         0
[2025-07-26 22:20:03] [INFO]    Files :        17         0        17         0         0         0
[2025-07-26 22:20:03] [INFO]    Bytes :  158.42 m         0  158.42 m         0         0         0
[2025-07-26 22:20:03] [INFO]    Times :   0:00:00   0:00:00                       0:00:00   0:00:00
[2025-07-26 22:20:03] [INFO]    Ended : Saturday, 26 July 2025 10:20:03 pm
[2025-07-26 22:20:03] [INFO] 
[2025-07-26 22:20:03] [INFO] Mirror operation completed (Exit code: 0)
[2025-07-26 22:20:03] [INFO] Starting Mirror operation from D:\Documents\GoogleDriveSync\Zoom to D:\Documents\Google Drive\Zoom
[2025-07-26 22:20:03] [INFO] 
[2025-07-26 22:20:03] [INFO] -------------------------------------------------------------------------------
[2025-07-26 22:20:03] [INFO]    ROBOCOPY     ::     Robust File Copy for Windows                              
[2025-07-26 22:20:03] [INFO] -------------------------------------------------------------------------------
[2025-07-26 22:20:03] [INFO] 
[2025-07-26 22:20:03] [INFO]   Started : Saturday, 26 July 2025 10:20:03 pm
[2025-07-26 22:20:03] [INFO]    Source : D:\Documents\GoogleDriveSync\Zoom\
[2025-07-26 22:20:03] [INFO]      Dest : D:\Documents\Google Drive\Zoom\
[2025-07-26 22:20:03] [INFO] 
[2025-07-26 22:20:03] [INFO]     Files : *.*
[2025-07-26 22:20:03] [INFO] 	    
[2025-07-26 22:20:03] [INFO]   Options : *.* /NDL /NFL /TEE /S /E /DCOPY:DA /COPY:DAT /PURGE /MIR /Z /MT:1 /R:0 /W:0 
[2025-07-26 22:20:03] [INFO] 
[2025-07-26 22:20:03] [INFO] ------------------------------------------------------------------------------
[2025-07-26 22:20:03] [INFO] 
[2025-07-26 22:20:03] [INFO] 
[2025-07-26 22:20:03] [INFO] ------------------------------------------------------------------------------
[2025-07-26 22:20:03] [INFO] 
[2025-07-26 22:20:03] [INFO]                Total    Copied   Skipped  Mismatch    FAILED    Extras
[2025-07-26 22:20:03] [INFO]     Dirs :         1         1         1         0         0         0
[2025-07-26 22:20:03] [INFO]    Files :         0         0         0         0         0         0
[2025-07-26 22:20:03] [INFO]    Bytes :         0         0         0         0         0         0
[2025-07-26 22:20:03] [INFO]    Times :   0:00:00   0:00:00                       0:00:00   0:00:00
[2025-07-26 22:20:03] [INFO]    Ended : Saturday, 26 July 2025 10:20:03 pm
[2025-07-26 22:20:03] [INFO] 
[2025-07-26 22:20:03] [INFO] Mirror operation completed (Exit code: 0)
[2025-07-26 22:20:03] [INFO] Starting Mirror operation from D:\Documents\MegaSync\NZMA to D:\Documents\Mega\NZMA
[2025-07-26 22:20:03] [INFO] 
[2025-07-26 22:20:03] [INFO] -------------------------------------------------------------------------------
[2025-07-26 22:20:03] [INFO]    ROBOCOPY     ::     Robust File Copy for Windows                              
[2025-07-26 22:20:03] [INFO] -------------------------------------------------------------------------------
[2025-07-26 22:20:03] [INFO] 
[2025-07-26 22:20:03] [INFO]   Started : Saturday, 26 July 2025 10:20:03 pm
[2025-07-26 22:20:03] [INFO]    Source : D:\Documents\MegaSync\NZMA\
[2025-07-26 22:20:03] [INFO]      Dest : D:\Documents\Mega\NZMA\
[2025-07-26 22:20:03] [INFO] 
[2025-07-26 22:20:03] [INFO]     Files : *.*
[2025-07-26 22:20:03] [INFO] 	    
[2025-07-26 22:20:03] [INFO]   Options : *.* /NDL /NFL /TEE /S /E /DCOPY:DA /COPY:DAT /PURGE /MIR /Z /MT:1 /R:0 /W:0 
[2025-07-26 22:20:03] [INFO] 
[2025-07-26 22:20:03] [INFO] ------------------------------------------------------------------------------
[2025-07-26 22:20:03] [INFO] 
[2025-07-26 22:20:03] [INFO] 
[2025-07-26 22:20:03] [INFO] ------------------------------------------------------------------------------
[2025-07-26 22:20:03] [INFO] 
[2025-07-26 22:20:03] [INFO]                Total    Copied   Skipped  Mismatch    FAILED    Extras
[2025-07-26 22:20:03] [INFO]     Dirs :        27        27        27         0         0         0
[2025-07-26 22:20:03] [INFO]    Files :        84         0        84         0         0         0
[2025-07-26 22:20:03] [INFO]    Bytes :  266.02 m         0  266.02 m         0         0         0
[2025-07-26 22:20:03] [INFO]    Times :   0:00:00   0:00:00                       0:00:00   0:00:00
[2025-07-26 22:20:03] [INFO]    Ended : Saturday, 26 July 2025 10:20:03 pm
[2025-07-26 22:20:03] [INFO] 
[2025-07-26 22:20:03] [INFO] Mirror operation completed (Exit code: 0)
[2025-07-26 22:20:03] [INFO] Starting Mirror operation from D:\Documents\MegaSync\Personal to D:\Documents\Mega\Personal
[2025-07-26 22:20:03] [INFO] 
[2025-07-26 22:20:03] [INFO] -------------------------------------------------------------------------------
[2025-07-26 22:20:03] [INFO]    ROBOCOPY     ::     Robust File Copy for Windows                              
[2025-07-26 22:20:03] [INFO] -------------------------------------------------------------------------------
[2025-07-26 22:20:03] [INFO] 
[2025-07-26 22:20:03] [INFO]   Started : Saturday, 26 July 2025 10:20:03 pm
[2025-07-26 22:20:03] [INFO]    Source : D:\Documents\MegaSync\Personal\
[2025-07-26 22:20:03] [INFO]      Dest : D:\Documents\Mega\Personal\
[2025-07-26 22:20:03] [INFO] 
[2025-07-26 22:20:03] [INFO]     Files : *.*
[2025-07-26 22:20:03] [INFO] 	    
[2025-07-26 22:20:03] [INFO]   Options : *.* /NDL /NFL /TEE /S /E /DCOPY:DA /COPY:DAT /PURGE /MIR /Z /MT:1 /R:0 /W:0 
[2025-07-26 22:20:03] [INFO] 
[2025-07-26 22:20:03] [INFO] ------------------------------------------------------------------------------
[2025-07-26 22:20:03] [INFO] 
[2025-07-26 22:20:03] [INFO] 
[2025-07-26 22:20:03] [INFO] ------------------------------------------------------------------------------
[2025-07-26 22:20:03] [INFO] 
[2025-07-26 22:20:03] [INFO]                Total    Copied   Skipped  Mismatch    FAILED    Extras
[2025-07-26 22:20:03] [INFO]     Dirs :       679       679       679         0         0         0
[2025-07-26 22:20:03] [INFO]    Files :      3799         0      3799         0         0         0
[2025-07-26 22:20:03] [INFO]    Bytes :   1.411 g         0   1.411 g         0         0         0
[2025-07-26 22:20:03] [INFO]    Times :   0:00:00   0:00:00                       0:00:00   0:00:00
[2025-07-26 22:20:03] [INFO]    Ended : Saturday, 26 July 2025 10:20:03 pm
[2025-07-26 22:20:03] [INFO] 
[2025-07-26 22:20:03] [INFO] Mirror operation completed (Exit code: 0)
[2025-07-26 22:20:04] [INFO] Starting zip operation for D:\Documents\GitHub\portfolio.github.io
[2025-07-26 22:20:04] [INFO] Removing existing zip: C:\Users\Lenovo\Dropbox\portfolio.github.io-Sat.zip
[2025-07-26 22:20:53] [INFO] Successfully created zip: C:\Users\Lenovo\Dropbox\portfolio.github.io-Sat.zip
[2025-07-26 22:20:53] [INFO] Monitoring sync status...
[2025-07-26 22:20:54] [INFO] All sync operations completed
[2025-07-26 22:20:54] [INFO] Backup process completed
