[2025-07-24 12:57:36] [ERROR] Job 'Google': Destination must include one of: Google Drive, DriveFS
[2025-07-24 12:57:36] [ERROR] Job 'Dropbox': Destination must include one of: Dropbox
[2025-07-24 12:57:36] [ERROR] One or more jobs are invalid. Backup cancelled.
[2025-07-24 12:58:07] [ERROR] Job 'Dropbox': Destination must include one of: Dropbox
[2025-07-24 12:58:07] [ERROR] One or more jobs are invalid. Backup cancelled.
[2025-07-24 12:58:27] [INFO] Starting Mirror operation from D:\Documents\GoogleDriveSync to D:\Documents\Google Drive
[2025-07-24 12:58:27] [INFO] 
[2025-07-24 12:58:27] [INFO] -------------------------------------------------------------------------------
[2025-07-24 12:58:27] [INFO]    ROBOCOPY     ::     Robust File Copy for Windows                              
[2025-07-24 12:58:27] [INFO] -------------------------------------------------------------------------------
[2025-07-24 12:58:27] [INFO] 
[2025-07-24 12:58:27] [INFO]   Started : Thursday, 24 July 2025 12:58:27 pm
[2025-07-24 12:58:27] [INFO]    Source : D:\Documents\GoogleDriveSync\
[2025-07-24 12:58:27] [INFO]      Dest : D:\Documents\Google Drive\
[2025-07-24 12:58:27] [INFO] 
[2025-07-24 12:58:27] [INFO]     Files : *.*
[2025-07-24 12:58:27] [INFO] 	    
[2025-07-24 12:58:27] [INFO]   Options : *.* /NDL /NFL /TEE /S /E /DCOPY:DA /COPY:DAT /PURGE /MIR /Z /MT:8 /R:3 /W:5 
[2025-07-24 12:58:27] [INFO] 
[2025-07-24 12:58:27] [INFO] ------------------------------------------------------------------------------
[2025-07-24 12:58:27] [INFO] 
[2025-07-24 12:58:27] [INFO] 
[2025-07-24 12:58:27] [INFO] ------------------------------------------------------------------------------
[2025-07-24 12:58:27] [INFO] 
[2025-07-24 12:58:27] [INFO]                Total    Copied   Skipped  Mismatch    FAILED    Extras
[2025-07-24 12:58:27] [INFO]     Dirs :       838       838       837         0         0         0
[2025-07-24 12:58:27] [INFO]    Files :      4088         0      4088         0         0         0
[2025-07-24 12:58:27] [INFO]    Bytes :   4.020 g         0   4.020 g         0         0         0
[2025-07-24 12:58:27] [INFO]    Times :   0:00:00   0:00:00                       0:00:00   0:00:00
[2025-07-24 12:58:27] [INFO]    Ended : Thursday, 24 July 2025 12:58:27 pm
[2025-07-24 12:58:27] [INFO] 
[2025-07-24 12:58:27] [INFO] Mirror operation completed (Exit code: 0)
[2025-07-24 12:58:27] [INFO] Starting zip operation for D:\Documents\GitHub\portfolio.github.io
[2025-07-24 12:58:27] [INFO] Removing existing zip: C:\Users\Lenovo\Dropbox\portfolio.github.io-Thu.zip
[2025-07-24 12:59:13] [INFO] Successfully created zip: C:\Users\Lenovo\Dropbox\portfolio.github.io-Thu.zip
[2025-07-24 12:59:13] [INFO] Monitoring sync status...
[2025-07-24 12:59:14] [INFO] Active sync detected in C:\Users\Lenovo\Dropbox
[2025-07-24 12:59:20] [INFO] Active sync detected in C:\Users\Lenovo\Dropbox
[2025-07-24 12:59:26] [INFO] All sync operations completed
[2025-07-24 12:59:26] [INFO] Backup process completed
