[2025-07-26 15:38:07] [ERROR] Job 'Google': Destination must include one of: D:\Documents\Google Drive
[2025-07-26 15:38:07] [ERROR] One or more jobs are invalid. Backup cancelled.
[2025-07-26 15:38:23] [ERROR] Job 'Mega': Destination must include one of: D:\Documents\Mega
[2025-07-26 15:38:23] [ERROR] One or more jobs are invalid. Backup cancelled.
[2025-07-26 15:38:48] [ERROR] Job 'Dropbox': Destination must include one of: C:\Users\Lenovo\Dropbox
[2025-07-26 15:38:48] [ERROR] One or more jobs are invalid. Backup cancelled.
[2025-07-26 15:39:06] [INFO] Starting Mirror operation from D:\Documents\GoogleDriveSync to D:\Documents\Google Drive
[2025-07-26 15:39:06] [INFO] 
[2025-07-26 15:39:06] [INFO] -------------------------------------------------------------------------------
[2025-07-26 15:39:06] [INFO]    ROBOCOPY     ::     Robust File Copy for Windows                              
[2025-07-26 15:39:06] [INFO] -------------------------------------------------------------------------------
[2025-07-26 15:39:06] [INFO] 
[2025-07-26 15:39:06] [INFO]   Started : Saturday, 26 July 2025 3:39:06 pm
[2025-07-26 15:39:06] [INFO]    Source : D:\Documents\GoogleDriveSync\
[2025-07-26 15:39:06] [INFO]      Dest : D:\Documents\Google Drive\
[2025-07-26 15:39:06] [INFO] 
[2025-07-26 15:39:06] [INFO]     Files : *.*
[2025-07-26 15:39:06] [INFO] 	    
[2025-07-26 15:39:06] [INFO]   Options : *.* /NDL /NFL /TEE /S /E /DCOPY:DA /COPY:DAT /PURGE /MIR /Z /MT:1 /R:0 /W:0 
[2025-07-26 15:39:06] [INFO] 
[2025-07-26 15:39:06] [INFO] ------------------------------------------------------------------------------
[2025-07-26 15:39:06] [INFO] 
[2025-07-26 15:39:06] [INFO] 
[2025-07-26 15:39:06] [INFO] ------------------------------------------------------------------------------
[2025-07-26 15:39:06] [INFO] 
[2025-07-26 15:39:06] [INFO]                Total    Copied   Skipped  Mismatch    FAILED    Extras
[2025-07-26 15:39:06] [INFO]     Dirs :       132       132       132         0         0         0
[2025-07-26 15:39:06] [INFO]    Files :       206         0       206         0         0         0
[2025-07-26 15:39:06] [INFO]    Bytes :   2.349 g         0   2.349 g         0         0         0
[2025-07-26 15:39:06] [INFO]    Times :   0:00:00   0:00:00                       0:00:00   0:00:00
[2025-07-26 15:39:06] [INFO]    Ended : Saturday, 26 July 2025 3:39:06 pm
[2025-07-26 15:39:06] [INFO] 
[2025-07-26 15:39:06] [INFO] Mirror operation completed (Exit code: 0)
[2025-07-26 15:39:06] [INFO] Starting zip operation for D:\Documents\GitHub\portfolio.github.io
[2025-07-26 15:39:06] [INFO] Removing existing zip: C:\Users\Lenovo\Dropbox\portfolio.github.io-Sat.zip
[2025-07-26 15:39:51] [INFO] Successfully created zip: C:\Users\Lenovo\Dropbox\portfolio.github.io-Sat.zip
[2025-07-26 15:39:51] [INFO] Monitoring sync status...
[2025-07-26 15:39:51] [INFO] All sync operations completed
[2025-07-26 15:39:51] [INFO] Backup process completed
