[2025-07-26 21:49:33] [INFO] Starting Mirror operation from D:\Documents\GoogleDriveSync to D:\Documents\Google Drive
[2025-07-26 21:49:33] [INFO] 
[2025-07-26 21:49:33] [INFO] -------------------------------------------------------------------------------
[2025-07-26 21:49:33] [INFO]    ROBOCOPY     ::     Robust File Copy for Windows                              
[2025-07-26 21:49:33] [INFO] -------------------------------------------------------------------------------
[2025-07-26 21:49:33] [INFO] 
[2025-07-26 21:49:33] [INFO]   Started : Saturday, 26 July 2025 9:49:33 pm
[2025-07-26 21:49:33] [INFO]    Source : D:\Documents\GoogleDriveSync\
[2025-07-26 21:49:33] [INFO]      Dest : D:\Documents\Google Drive\
[2025-07-26 21:49:33] [INFO] 
[2025-07-26 21:49:33] [INFO]     Files : *.*
[2025-07-26 21:49:33] [INFO] 	    
[2025-07-26 21:49:33] [INFO]   Options : *.* /NDL /NFL /TEE /S /E /DCOPY:DA /COPY:DAT /PURGE /MIR /Z /MT:1 /R:0 /W:0 
[2025-07-26 21:49:33] [INFO] 
[2025-07-26 21:49:33] [INFO] ------------------------------------------------------------------------------
[2025-07-26 21:49:33] [INFO] 
[2025-07-26 21:49:33] [INFO] 
[2025-07-26 21:49:33] [INFO] ------------------------------------------------------------------------------
[2025-07-26 21:49:33] [INFO] 
[2025-07-26 21:49:33] [INFO]                Total    Copied   Skipped  Mismatch    FAILED    Extras
[2025-07-26 21:49:33] [INFO]     Dirs :       132       132       132         0         0         0
[2025-07-26 21:49:33] [INFO]    Files :       206         0       206         0         0         0
[2025-07-26 21:49:33] [INFO]    Bytes :   2.349 g         0   2.349 g         0         0         0
[2025-07-26 21:49:33] [INFO]    Times :   0:00:00   0:00:00                       0:00:00   0:00:00
[2025-07-26 21:49:33] [INFO]    Ended : Saturday, 26 July 2025 9:49:33 pm
[2025-07-26 21:49:33] [INFO] 
[2025-07-26 21:49:33] [INFO] Mirror operation completed (Exit code: 0)
[2025-07-26 21:49:33] [INFO] Starting Mirror operation from D:\Documents\New folder to D:\Documents\Google Drive
[2025-07-26 21:49:33] [INFO] 
[2025-07-26 21:49:33] [INFO] -------------------------------------------------------------------------------
[2025-07-26 21:49:33] [INFO]    ROBOCOPY     ::     Robust File Copy for Windows                              
[2025-07-26 21:49:33] [INFO] -------------------------------------------------------------------------------
[2025-07-26 21:49:33] [INFO] 
[2025-07-26 21:49:33] [INFO]   Started : Saturday, 26 July 2025 9:49:33 pm
[2025-07-26 21:49:33] [INFO]    Source : D:\Documents\New folder\
[2025-07-26 21:49:33] [INFO]      Dest : D:\Documents\Google Drive\
[2025-07-26 21:49:33] [INFO] 
[2025-07-26 21:49:33] [INFO]     Files : *.*
[2025-07-26 21:49:33] [INFO] 	    
[2025-07-26 21:49:33] [INFO]   Options : *.* /NDL /NFL /TEE /S /E /DCOPY:DA /COPY:DAT /PURGE /MIR /Z /MT:1 /R:0 /W:0 
[2025-07-26 21:49:33] [INFO] 
[2025-07-26 21:49:33] [INFO] ------------------------------------------------------------------------------
[2025-07-26 21:49:33] [INFO] 
[2025-07-26 21:49:33] [INFO] 	*EXTRA Dir        -1	D:\Documents\Google Drive\Books\
[2025-07-26 21:49:33] [INFO] 	  *EXTRA File 		  93.9 m	D:\Documents\Google Drive\Books\100 Books that Changed the Worlds.epub
[2025-07-26 21:49:33] [INFO] 	  *EXTRA File 		  17.9 m	D:\Documents\Google Drive\Books\Beyond Order_ 12 More Rules for Life by Jordan B. Peterson.epub
[2025-07-26 21:49:33] [INFO] 	  *EXTRA File 		   7.6 m	D:\Documents\Google Drive\Books\Python Data Science Handbook - Essential Tools for Working with Data.epub
[2025-07-26 21:49:33] [INFO] 	  *EXTRA File 		  79.0 m	D:\Documents\Google Drive\Books\Treasury of Greek Mythology - Classic Stories of Gods, Goddesses, Heroes & Monsters.epub
[2025-07-26 21:49:33] [INFO] 	*EXTRA Dir        -1	D:\Documents\Google Drive\Books\Science\
[2025-07-26 21:49:33] [INFO] 	  *EXTRA File 		   4.2 m	D:\Documents\Google Drive\Books\Science\A Brief History of Time by Stephen Hawking.epub
[2025-07-26 21:49:33] [INFO] 	  *EXTRA File 		   3.3 m	D:\Documents\Google Drive\Books\Science\An Introduction to Applied Electromagnetics and Optics.epub
[2025-07-26 21:49:33] [INFO] 	  *EXTRA File 		  250574	D:\Documents\Google Drive\Books\Science\Einstein's Cosmos.epub
[2025-07-26 21:49:33] [INFO] 	  *EXTRA File 		   2.3 m	D:\Documents\Google Drive\Books\Science\Helferich, Gerard - Humboldt's Cosmos.epub
[2025-07-26 21:49:33] [INFO] 	  *EXTRA File 		  520052	D:\Documents\Google Drive\Books\Science\The Dark Web_ A Comprehensive Handbook by Mohamed Karim.epub
[2025-07-26 21:49:33] [INFO] 	  *EXTRA File 		   8.6 m	D:\Documents\Google Drive\Books\Science\The Disordered Cosmos.epub
[2025-07-26 21:49:33] [INFO] 	  *EXTRA File 		   3.1 m	D:\Documents\Google Drive\Books\Science\The Fabric of the Cosmos Space,Tim.mobi
[2025-07-26 21:49:33] [INFO] 	*EXTRA Dir        -1	D:\Documents\Google Drive\Books\Science\Kaku, Michio\
[2025-07-26 21:49:33] [INFO] 	  *EXTRA File 		   3.0 m	D:\Documents\Google Drive\Books\Science\Kaku, Michio\Kaku, Michio (ed.) - Best American Science and Nature Writing 2020 (HMH, 2020).epub
[2025-07-26 21:49:33] [INFO] 	  *EXTRA File 		  340165	D:\Documents\Google Drive\Books\Science\Kaku, Michio\Kaku, Michio - Einstein's Cosmos (Norton, 2004).epub
[2025-07-26 21:49:34] [INFO] 	  *EXTRA File 		  13.9 m	D:\Documents\Google Drive\Books\Science\Kaku, Michio\Kaku, Michio - Future of Humanity, The (Doubleday, 2018).epub
[2025-07-26 21:49:34] [INFO] 	  *EXTRA File 		   4.4 m	D:\Documents\Google Drive\Books\Science\Kaku, Michio\Kaku, Michio - Future of the Mind, The (Doubleday, 2014).epub
[2025-07-26 21:49:34] [INFO] 	  *EXTRA File 		   4.4 m	D:\Documents\Google Drive\Books\Science\Kaku, Michio\Kaku, Michio - God Equation, The (Doubleday, 2021).epub
[2025-07-26 21:49:34] [INFO] 	  *EXTRA File 		   1.1 m	D:\Documents\Google Drive\Books\Science\Kaku, Michio\Kaku, Michio - Hyperspace (Oxford, 1994).epub
[2025-07-26 21:49:34] [INFO] 	  *EXTRA File 		   2.4 m	D:\Documents\Google Drive\Books\Science\Kaku, Michio\Kaku, Michio - Parallel Worlds (Doubleday, 2005).epub
[2025-07-26 21:49:34] [INFO] 	  *EXTRA File 		   4.6 m	D:\Documents\Google Drive\Books\Science\Kaku, Michio\Kaku, Michio - Physics of the Future (Doubleday, 2011).epub
[2025-07-26 21:49:34] [INFO] 	  *EXTRA File 		   1.2 m	D:\Documents\Google Drive\Books\Science\Kaku, Michio\Kaku, Michio - Physics of the Impossible (Doubleday, 2008).epub
[2025-07-26 21:49:34] [INFO] 	  *EXTRA File 		   3.6 m	D:\Documents\Google Drive\Books\Science\Kaku, Michio\Kaku, Michio - Visions (Anchor, 1998).epub
[2025-07-26 21:49:34] [INFO] 	  *EXTRA File 		   5.8 m	D:\Documents\Google Drive\Books\Science\Kaku, Michio\Quantum Supremacy_ How the Quantum Computer Revolution Will Change Everything by Michio Kaku.epub
[2025-07-26 21:49:34] [INFO] 	*EXTRA Dir        -1	D:\Documents\Google Drive\Books\Science\Sagan, Carl\
[2025-07-26 21:49:34] [INFO] 	  *EXTRA File 		  19.8 m	D:\Documents\Google Drive\Books\Science\Sagan, Carl\Sagan, Carl - A Path Where No Man Thought.pdf
[2025-07-26 21:49:34] [INFO] 	  *EXTRA File 		   5.6 m	D:\Documents\Google Drive\Books\Science\Sagan, Carl\Sagan, Carl - Billions and Billions.epub
[2025-07-26 21:49:34] [INFO] 	  *EXTRA File 		   2.8 m	D:\Documents\Google Drive\Books\Science\Sagan, Carl\Sagan, Carl - Broca's Brain.epub
[2025-07-26 21:49:34] [INFO] 	  *EXTRA File 		   4.7 m	D:\Documents\Google Drive\Books\Science\Sagan, Carl\Sagan, Carl - Cold and the Dark.pdf
[2025-07-26 21:49:34] [INFO] 	  *EXTRA File 		  14.6 m	D:\Documents\Google Drive\Books\Science\Sagan, Carl\Sagan, Carl - Comet.epub
[2025-07-26 21:49:34] [INFO] 	  *EXTRA File 		   1.2 m	D:\Documents\Google Drive\Books\Science\Sagan, Carl\Sagan, Carl - Contact.epub
[2025-07-26 21:49:34] [INFO] 	  *EXTRA File 		   2.8 m	D:\Documents\Google Drive\Books\Science\Sagan, Carl\Sagan, Carl - Cosmic Connection.pdf
[2025-07-26 21:49:34] [INFO] 	  *EXTRA File 		  77.7 m	D:\Documents\Google Drive\Books\Science\Sagan, Carl\Sagan, Carl - Cosmos.pdf
[2025-07-26 21:49:34] [INFO] 	  *EXTRA File 		   3.9 m	D:\Documents\Google Drive\Books\Science\Sagan, Carl\Sagan, Carl - Demon-Haunted World.epub
[2025-07-26 21:49:34] [INFO] 	  *EXTRA File 		  23.9 m	D:\Documents\Google Drive\Books\Science\Sagan, Carl\Sagan, Carl - Dragons of Eden.epub
[2025-07-26 21:49:34] [INFO] 	  *EXTRA File 		  21.2 m	D:\Documents\Google Drive\Books\Science\Sagan, Carl\Sagan, Carl - Murmurs of Earth.epub
[2025-07-26 21:49:34] [INFO] 	  *EXTRA File 		  31.2 m	D:\Documents\Google Drive\Books\Science\Sagan, Carl\Sagan, Carl - Other Worlds.pdf
[2025-07-26 21:49:34] [INFO] 	  *EXTRA File 		   3.9 m	D:\Documents\Google Drive\Books\Science\Sagan, Carl\Sagan, Carl - Pale Blue Dot.epub
[2025-07-26 21:49:34] [INFO] 	  *EXTRA File 		   3.1 m	D:\Documents\Google Drive\Books\Science\Sagan, Carl\Sagan, Carl - Shadows of Forgotten Ancestors.epub
[2025-07-26 21:49:34] [INFO] 	  *EXTRA File 		  13.2 m	D:\Documents\Google Drive\Books\Science\Sagan, Carl\Sagan, Carl - UFO's_ A Scientific Debate.pdf
[2025-07-26 21:49:34] [INFO] 	  *EXTRA File 		   2.3 m	D:\Documents\Google Drive\Books\Science\Sagan, Carl\Sagan, Carl - Varieties of Scientific Exp.epub
[2025-07-26 21:49:34] [INFO] 	*EXTRA Dir        -1	D:\Documents\Google Drive\Books\Science\Tyson, Neil deGrasse\
[2025-07-26 21:49:34] [INFO] 	  *EXTRA File 		  131295	D:\Documents\Google Drive\Books\Science\Tyson, Neil deGrasse\Johnson, Frank - In the Words of Neil deGrasse Tyson (SmashWords, 2014).epub
[2025-07-26 21:49:34] [INFO] 	  *EXTRA File 		  38.4 m	D:\Documents\Google Drive\Books\Science\Tyson, Neil deGrasse\Origins_ Fourteen Billion Years of Cosmic Evolution, Revised & Updated Edition by Neil deGrasse Tyson.epub
[2025-07-26 21:49:34] [INFO] 	  *EXTRA File 		   4.8 m	D:\Documents\Google Drive\Books\Science\Tyson, Neil deGrasse\Starry Messenger_ Cosmic Perspectives on Civilization by Neil deGrasse Tyson.epub
[2025-07-26 21:49:34] [INFO] 	  *EXTRA File 		  92.6 m	D:\Documents\Google Drive\Books\Science\Tyson, Neil deGrasse\To Infinity and Beyond_ A Journey of Cosmic Discovery by Neil deGrasse Tyson.epub
[2025-07-26 21:49:34] [INFO] 	  *EXTRA File 		   7.2 m	D:\Documents\Google Drive\Books\Science\Tyson, Neil deGrasse\Tyson, Neil deGrasse - Accessory to War (Norton, 2018).epub
[2025-07-26 21:49:34] [INFO] 	  *EXTRA File 		   3.6 m	D:\Documents\Google Drive\Books\Science\Tyson, Neil deGrasse\Tyson, Neil deGrasse - Astrophysics for People in a Hurry (Norton, 2017).epub
[2025-07-26 21:49:34] [INFO] 	  *EXTRA File 		  33.4 m	D:\Documents\Google Drive\Books\Science\Tyson, Neil deGrasse\Tyson, Neil deGrasse - Astrophysics for Young People in a Hurry (Norton, 2019).epub
[2025-07-26 21:49:34] [INFO] 	  *EXTRA File 		 174.7 m	D:\Documents\Google Drive\Books\Science\Tyson, Neil deGrasse\Tyson, Neil deGrasse - Cosmic Queries (National Geographic, 2021).epub
[2025-07-26 21:49:34] [INFO] 	  *EXTRA File 		   1.0 m	D:\Documents\Google Drive\Books\Science\Tyson, Neil deGrasse\Tyson, Neil deGrasse - Death by Black Hole (Norton, 2007).epub
[2025-07-26 21:49:34] [INFO] 	  *EXTRA File 		   4.8 m	D:\Documents\Google Drive\Books\Science\Tyson, Neil deGrasse\Tyson, Neil deGrasse - Just Visiting This Planet (Doubleday, 1998).epub
[2025-07-26 21:49:34] [INFO] 	  *EXTRA File 		   3.5 m	D:\Documents\Google Drive\Books\Science\Tyson, Neil deGrasse\Tyson, Neil deGrasse - Letters from an Astrophysicist (Norton, 2019).epub
[2025-07-26 21:49:34] [INFO] 	  *EXTRA File 		   5.2 m	D:\Documents\Google Drive\Books\Science\Tyson, Neil deGrasse\Tyson, Neil deGrasse - Merlin's Tour of the Universe (Doubleday, 1997).epub
[2025-07-26 21:49:34] [INFO] 	  *EXTRA File 		  19.7 m	D:\Documents\Google Drive\Books\Science\Tyson, Neil deGrasse\Tyson, Neil deGrasse - Origins (Norton, 2004).epub
[2025-07-26 21:49:34] [INFO] 	  *EXTRA File 		   2.5 m	D:\Documents\Google Drive\Books\Science\Tyson, Neil deGrasse\Tyson, Neil deGrasse - Pluto Files (Norton, 2014).epub
[2025-07-26 21:49:34] [INFO] 	  *EXTRA File 		   3.9 m	D:\Documents\Google Drive\Books\Science\Tyson, Neil deGrasse\Tyson, Neil deGrasse - Sky Is Not the Limit (Prometheus, 2004).epub
[2025-07-26 21:49:34] [INFO] 	  *EXTRA File 		   1.7 m	D:\Documents\Google Drive\Books\Science\Tyson, Neil deGrasse\Tyson, Neil deGrasse - Space Chronicles (Norton, 2012).epub
[2025-07-26 21:49:34] [INFO] 	  *EXTRA File 		  34.0 m	D:\Documents\Google Drive\Books\Science\Tyson, Neil deGrasse\Tyson, Neil deGrasse - StarTalk (National Geographic, 2016).epub
[2025-07-26 21:49:34] [INFO] 	  *EXTRA File 		  17.2 m	D:\Documents\Google Drive\Books\Science\Tyson, Neil deGrasse\Tyson, Neil deGrasse - Welcome to the Universe (Princeton, 2016).epub
[2025-07-26 21:49:34] [INFO] 	*EXTRA Dir        -1	D:\Documents\Google Drive\Piano\
[2025-07-26 21:49:34] [INFO] 	  *EXTRA File 		   13689	D:\Documents\Google Drive\Piano\FlowKey_Piano_Lessons-Plan.xlsx
[2025-07-26 21:49:34] [INFO] 	*EXTRA Dir        -1	D:\Documents\Google Drive\SketchUp\
[2025-07-26 21:49:34] [INFO] 	*EXTRA Dir        -1	D:\Documents\Google Drive\SketchUp\Back Fence Planter Boxes - Sketchup\
[2025-07-26 21:49:34] [INFO] 	*EXTRA Dir        -1	D:\Documents\Google Drive\SketchUp\Back Fence Planter Boxes - Sketchup\Back Fence Planter Box Costing\
[2025-07-26 21:49:34] [INFO] 	  *EXTRA File 		  513759	D:\Documents\Google Drive\SketchUp\Back Fence Planter Boxes - Sketchup\Back Fence Planter Box Costing\Back Fence Planter Box Costing-FINAL.pdf
[2025-07-26 21:49:34] [INFO] 	  *EXTRA File 		   1.9 m	D:\Documents\Google Drive\SketchUp\Back Fence Planter Boxes - Sketchup\Back Fence Planter Box Costing\Back Fence Planter Box Costing-V1.docx
[2025-07-26 21:49:34] [INFO] 	  *EXTRA File 		   15738	D:\Documents\Google Drive\SketchUp\Back Fence Planter Boxes - Sketchup\Back Fence Planter Box Costing\Back Fence Planter Box Costing-V1.xlsx
[2025-07-26 21:49:34] [INFO] 	*EXTRA Dir        -1	D:\Documents\Google Drive\SketchUp\Back Fence Planter Boxes - Sketchup\Back Fence Planter Boxes - Models\
[2025-07-26 21:49:34] [INFO] 	  *EXTRA File 		  10.7 m	D:\Documents\Google Drive\SketchUp\Back Fence Planter Boxes - Sketchup\Back Fence Planter Boxes - Models\Back Fence Planter Boxes.zip
[2025-07-26 21:49:34] [INFO] 	*EXTRA Dir        -1	D:\Documents\Google Drive\SketchUp\Back Fence Planter Boxes - Sketchup\Back Fence Planter Boxes - PDF\
[2025-07-26 21:49:34] [INFO] 	  *EXTRA File 		  225838	D:\Documents\Google Drive\SketchUp\Back Fence Planter Boxes - Sketchup\Back Fence Planter Boxes - PDF\Back Fence Planter Boxes - Box Dimensions.pdf
[2025-07-26 21:49:34] [INFO] 	  *EXTRA File 		  515210	D:\Documents\Google Drive\SketchUp\Back Fence Planter Boxes - Sketchup\Back Fence Planter Boxes - PDF\Back Fence Planter Boxes - Box Fence Ground Soil.pdf
[2025-07-26 21:49:34] [INFO] 	  *EXTRA File 		  736039	D:\Documents\Google Drive\SketchUp\Back Fence Planter Boxes - Sketchup\Back Fence Planter Boxes - PDF\Back Fence Planter Boxes - Box Fence Ground.pdf
[2025-07-26 21:49:34] [INFO] 	  *EXTRA File 		  452995	D:\Documents\Google Drive\SketchUp\Back Fence Planter Boxes - Sketchup\Back Fence Planter Boxes - PDF\Back Fence Planter Boxes - Box Only.pdf
[2025-07-26 21:49:34] [INFO] 	*EXTRA Dir        -1	D:\Documents\Google Drive\SketchUp\Back Fence Planter Boxes - Sketchup\Back Fence Planter Boxes - SketchUp\
[2025-07-26 21:49:34] [INFO] 	  *EXTRA File 		  27.4 m	D:\Documents\Google Drive\SketchUp\Back Fence Planter Boxes - Sketchup\Back Fence Planter Boxes - SketchUp\Back Fence Planter Boxes - V1.skb
[2025-07-26 21:49:34] [INFO] 	  *EXTRA File 		  27.4 m	D:\Documents\Google Drive\SketchUp\Back Fence Planter Boxes - Sketchup\Back Fence Planter Boxes - SketchUp\Back Fence Planter Boxes - V1.skp
[2025-07-26 21:49:34] [INFO] 	*EXTRA Dir        -1	D:\Documents\Google Drive\SketchUp\Bobby's Garage Shelves - Sketchup\
[2025-07-26 21:49:34] [INFO] 	*EXTRA Dir        -1	D:\Documents\Google Drive\SketchUp\Bobby's Garage Shelves - Sketchup\Bobby's Garage Shelves - PDF\
[2025-07-26 21:49:34] [INFO] 	*EXTRA Dir        -1	D:\Documents\Google Drive\SketchUp\Bobby's Garage Shelves - Sketchup\Bobby's Garage Shelves - PDF\Bobbys Garage Shelves\
[2025-07-26 21:49:34] [INFO] 	  *EXTRA File 		  106217	D:\Documents\Google Drive\SketchUp\Bobby's Garage Shelves - Sketchup\Bobby's Garage Shelves - PDF\Bobbys Garage Shelves\Bobby's Garage Shelves 2.pdf
[2025-07-26 21:49:34] [INFO] 	  *EXTRA File 		  464622	D:\Documents\Google Drive\SketchUp\Bobby's Garage Shelves - Sketchup\Bobby's Garage Shelves - PDF\Bobbys Garage Shelves\Bobby's Garage Shelves All.pdf
[2025-07-26 21:49:34] [INFO] 	  *EXTRA File 		   86412	D:\Documents\Google Drive\SketchUp\Bobby's Garage Shelves - Sketchup\Bobby's Garage Shelves - PDF\Bobbys Garage Shelves\Bobby's Garage Shelves End View 2.pdf
[2025-07-26 21:49:34] [INFO] 	  *EXTRA File 		   85949	D:\Documents\Google Drive\SketchUp\Bobby's Garage Shelves - Sketchup\Bobby's Garage Shelves - PDF\Bobbys Garage Shelves\Bobby's Garage Shelves End View.pdf
[2025-07-26 21:49:34] [INFO] 	  *EXTRA File 		   66651	D:\Documents\Google Drive\SketchUp\Bobby's Garage Shelves - Sketchup\Bobby's Garage Shelves - PDF\Bobbys Garage Shelves\Bobby's Garage Shelves Front View 2.pdf
[2025-07-26 21:49:34] [INFO] 	  *EXTRA File 		   57675	D:\Documents\Google Drive\SketchUp\Bobby's Garage Shelves - Sketchup\Bobby's Garage Shelves - PDF\Bobbys Garage Shelves\Bobby's Garage Shelves Front View.pdf
[2025-07-26 21:49:34] [INFO] 	  *EXTRA File 		   12934	D:\Documents\Google Drive\SketchUp\Bobby's Garage Shelves - Sketchup\Bobby's Garage Shelves - PDF\Bobbys Garage Shelves\Bobby's Garage Shelves Plan View.pdf
[2025-07-26 21:49:34] [INFO] 	  *EXTRA File 		   93011	D:\Documents\Google Drive\SketchUp\Bobby's Garage Shelves - Sketchup\Bobby's Garage Shelves - PDF\Bobbys Garage Shelves\Bobby's Garage Shelves.pdf
[2025-07-26 21:49:34] [INFO] 	*EXTRA Dir        -1	D:\Documents\Google Drive\SketchUp\Bobby's Garage Shelves - Sketchup\Bobby's Garage Shelves - PDF\Bobbys Garage Shelves - Framing Only\
[2025-07-26 21:49:34] [INFO] 	  *EXTRA File 		   98881	D:\Documents\Google Drive\SketchUp\Bobby's Garage Shelves - Sketchup\Bobby's Garage Shelves - PDF\Bobbys Garage Shelves - Framing Only\Bobby's Garage Shelves - Framing Only.pdf
[2025-07-26 21:49:34] [INFO] 	  *EXTRA File 		  131673	D:\Documents\Google Drive\SketchUp\Bobby's Garage Shelves - Sketchup\Bobby's Garage Shelves - PDF\Bobbys Garage Shelves - Framing Only\Bobby's Garage Shelves 2 - Framing Only.pdf
[2025-07-26 21:49:34] [INFO] 	  *EXTRA File 		  490464	D:\Documents\Google Drive\SketchUp\Bobby's Garage Shelves - Sketchup\Bobby's Garage Shelves - PDF\Bobbys Garage Shelves - Framing Only\Bobby's Garage Shelves All - Framing Only.pdf
[2025-07-26 21:49:34] [INFO] 	  *EXTRA File 		   80621	D:\Documents\Google Drive\SketchUp\Bobby's Garage Shelves - Sketchup\Bobby's Garage Shelves - PDF\Bobbys Garage Shelves - Framing Only\Bobby's Garage Shelves End View - Framing Only.pdf
[2025-07-26 21:49:34] [INFO] 	  *EXTRA File 		   86675	D:\Documents\Google Drive\SketchUp\Bobby's Garage Shelves - Sketchup\Bobby's Garage Shelves - PDF\Bobbys Garage Shelves - Framing Only\Bobby's Garage Shelves End View 2 - Framing Only.pdf
[2025-07-26 21:49:34] [INFO] 	  *EXTRA File 		   60498	D:\Documents\Google Drive\SketchUp\Bobby's Garage Shelves - Sketchup\Bobby's Garage Shelves - PDF\Bobbys Garage Shelves - Framing Only\Bobby's Garage Shelves Front View - Framing Only.pdf
[2025-07-26 21:49:34] [INFO] 	  *EXTRA File 		   62784	D:\Documents\Google Drive\SketchUp\Bobby's Garage Shelves - Sketchup\Bobby's Garage Shelves - PDF\Bobbys Garage Shelves - Framing Only\Bobby's Garage Shelves Front View 2 - Framing Only.pdf
[2025-07-26 21:49:34] [INFO] 	  *EXTRA File 		   13738	D:\Documents\Google Drive\SketchUp\Bobby's Garage Shelves - Sketchup\Bobby's Garage Shelves - PDF\Bobbys Garage Shelves - Framing Only\Bobby's Garage Shelves Plan View - Framing Only.pdf
[2025-07-26 21:49:34] [INFO] 	*EXTRA Dir        -1	D:\Documents\Google Drive\SketchUp\Bobby's Garage Shelves - Sketchup\Bobby's Garage Shelves - SketchUp\
[2025-07-26 21:49:34] [INFO] 	  *EXTRA File 		  386664	D:\Documents\Google Drive\SketchUp\Bobby's Garage Shelves - Sketchup\Bobby's Garage Shelves - SketchUp\Bobby's Garage Shelves - Framing Only.skb
[2025-07-26 21:49:34] [INFO] 	  *EXTRA File 		  406519	D:\Documents\Google Drive\SketchUp\Bobby's Garage Shelves - Sketchup\Bobby's Garage Shelves - SketchUp\Bobby's Garage Shelves - Framing Only.skp
[2025-07-26 21:49:34] [INFO] 	  *EXTRA File 		  402355	D:\Documents\Google Drive\SketchUp\Bobby's Garage Shelves - Sketchup\Bobby's Garage Shelves - SketchUp\Bobby's Garage Shelves.skb
[2025-07-26 21:49:34] [INFO] 	  *EXTRA File 		  403815	D:\Documents\Google Drive\SketchUp\Bobby's Garage Shelves - Sketchup\Bobby's Garage Shelves - SketchUp\Bobby's Garage Shelves.skp
[2025-07-26 21:49:34] [INFO] 	*EXTRA Dir        -1	D:\Documents\Google Drive\SketchUp\Front Gate - Sketchup\
[2025-07-26 21:49:34] [INFO] 	  *EXTRA File 		  763341	D:\Documents\Google Drive\SketchUp\Front Gate - Sketchup\Front Gate - Closed - 1.pdf
[2025-07-26 21:49:34] [INFO] 	  *EXTRA File 		  572552	D:\Documents\Google Drive\SketchUp\Front Gate - Sketchup\Front Gate - Closed - 2.pdf
[2025-07-26 21:49:34] [INFO] 	  *EXTRA File 		  468471	D:\Documents\Google Drive\SketchUp\Front Gate - Sketchup\Front Gate - Open - 1.pdf
[2025-07-26 21:49:35] [INFO] 	  *EXTRA File 		  378787	D:\Documents\Google Drive\SketchUp\Front Gate - Sketchup\Front Gate - Open - 2.pdf
[2025-07-26 21:49:35] [INFO] 	  *EXTRA File 		   9.8 m	D:\Documents\Google Drive\SketchUp\Front Gate - Sketchup\Front Gate - Sketchup - V1.skb
[2025-07-26 21:49:35] [INFO] 	  *EXTRA File 		   9.8 m	D:\Documents\Google Drive\SketchUp\Front Gate - Sketchup\Front Gate - Sketchup - V1.skp
[2025-07-26 21:49:35] [INFO] 	*EXTRA Dir        -1	D:\Documents\Google Drive\SketchUp\Greenhouse Planter Boxes - Sketchup\
[2025-07-26 21:49:35] [INFO] 	*EXTRA Dir        -1	D:\Documents\Google Drive\SketchUp\Greenhouse Planter Boxes - Sketchup\Greenhouse Planter Box Costing\
[2025-07-26 21:49:35] [INFO] 	  *EXTRA File 		  573017	D:\Documents\Google Drive\SketchUp\Greenhouse Planter Boxes - Sketchup\Greenhouse Planter Box Costing\Greenhouse Planter Box Costing-Capping-FINAL.pdf
[2025-07-26 21:49:35] [INFO] 	  *EXTRA File 		   2.9 m	D:\Documents\Google Drive\SketchUp\Greenhouse Planter Boxes - Sketchup\Greenhouse Planter Box Costing\Greenhouse Planter Box Costing-Capping-V2.docx
[2025-07-26 21:49:35] [INFO] 	  *EXTRA File 		   18060	D:\Documents\Google Drive\SketchUp\Greenhouse Planter Boxes - Sketchup\Greenhouse Planter Box Costing\Greenhouse Planter Box Costing-Capping-V2.xlsx
[2025-07-26 21:49:35] [INFO] 	  *EXTRA File 		  551704	D:\Documents\Google Drive\SketchUp\Greenhouse Planter Boxes - Sketchup\Greenhouse Planter Box Costing\Greenhouse Planter Box Costing-FINAL.pdf
[2025-07-26 21:49:35] [INFO] 	  *EXTRA File 		   2.4 m	D:\Documents\Google Drive\SketchUp\Greenhouse Planter Boxes - Sketchup\Greenhouse Planter Box Costing\Greenhouse Planter Box Costing-V1.docx
[2025-07-26 21:49:35] [INFO] 	  *EXTRA File 		   21837	D:\Documents\Google Drive\SketchUp\Greenhouse Planter Boxes - Sketchup\Greenhouse Planter Box Costing\Greenhouse Planter Box Costing-V1.xlsx
[2025-07-26 21:49:35] [INFO] 	*EXTRA Dir        -1	D:\Documents\Google Drive\SketchUp\Greenhouse Planter Boxes - Sketchup\Greenhouse Planter Boxes - Models\
[2025-07-26 21:49:35] [INFO] 	  *EXTRA File 		   6.6 m	D:\Documents\Google Drive\SketchUp\Greenhouse Planter Boxes - Sketchup\Greenhouse Planter Boxes - Models\Greenhouse Planter Boxes - Capping.zip
[2025-07-26 21:49:35] [INFO] 	  *EXTRA File 		   6.6 m	D:\Documents\Google Drive\SketchUp\Greenhouse Planter Boxes - Sketchup\Greenhouse Planter Boxes - Models\Greenhouse Planter Boxes - Corner Capping.zip
[2025-07-26 21:49:35] [INFO] 	  *EXTRA File 		   6.6 m	D:\Documents\Google Drive\SketchUp\Greenhouse Planter Boxes - Sketchup\Greenhouse Planter Boxes - Models\Greenhouse Planter Boxes - Herb Boxes.zip
[2025-07-26 21:49:35] [INFO] 	*EXTRA Dir        -1	D:\Documents\Google Drive\SketchUp\Greenhouse Planter Boxes - Sketchup\Greenhouse Planter Boxes - PDF\
[2025-07-26 21:49:35] [INFO] 	  *EXTRA File 		  717181	D:\Documents\Google Drive\SketchUp\Greenhouse Planter Boxes - Sketchup\Greenhouse Planter Boxes - PDF\Greenhouse Planter Boxes - Capping.pdf
[2025-07-26 21:49:35] [INFO] 	  *EXTRA File 		  665159	D:\Documents\Google Drive\SketchUp\Greenhouse Planter Boxes - Sketchup\Greenhouse Planter Boxes - PDF\Greenhouse Planter Boxes - Corner Cap.pdf
[2025-07-26 21:49:35] [INFO] 	  *EXTRA File 		  691061	D:\Documents\Google Drive\SketchUp\Greenhouse Planter Boxes - Sketchup\Greenhouse Planter Boxes - PDF\Greenhouse Planter Boxes - Herb Boxes.pdf
[2025-07-26 21:49:35] [INFO] 	  *EXTRA File 		  671481	D:\Documents\Google Drive\SketchUp\Greenhouse Planter Boxes - Sketchup\Greenhouse Planter Boxes - PDF\Greenhouse Planter Boxes Back.pdf
[2025-07-26 21:49:35] [INFO] 	  *EXTRA File 		  384684	D:\Documents\Google Drive\SketchUp\Greenhouse Planter Boxes - Sketchup\Greenhouse Planter Boxes - PDF\Greenhouse Planter Boxes Dimensions.pdf
[2025-07-26 21:49:35] [INFO] 	  *EXTRA File 		  707553	D:\Documents\Google Drive\SketchUp\Greenhouse Planter Boxes - Sketchup\Greenhouse Planter Boxes - PDF\Greenhouse Planter Boxes Full.pdf
[2025-07-26 21:49:35] [INFO] 	  *EXTRA File 		  616609	D:\Documents\Google Drive\SketchUp\Greenhouse Planter Boxes - Sketchup\Greenhouse Planter Boxes - PDF\Greenhouse Planter Boxes Left and Right.pdf
[2025-07-26 21:49:35] [INFO] 	*EXTRA Dir        -1	D:\Documents\Google Drive\SketchUp\Greenhouse Planter Boxes - Sketchup\Greenhouse Planter Boxes - SketchUp\
[2025-07-26 21:49:35] [INFO] 	  *EXTRA File 		  410287	D:\Documents\Google Drive\SketchUp\Greenhouse Planter Boxes - Sketchup\Greenhouse Planter Boxes - SketchUp\Greenhouse Planter Boxes - Frame Only.skb
[2025-07-26 21:49:35] [INFO] 	  *EXTRA File 		  432429	D:\Documents\Google Drive\SketchUp\Greenhouse Planter Boxes - Sketchup\Greenhouse Planter Boxes - SketchUp\Greenhouse Planter Boxes - Frame Only.skp
[2025-07-26 21:49:35] [INFO] 	  *EXTRA File 		   7.6 m	D:\Documents\Google Drive\SketchUp\Greenhouse Planter Boxes - Sketchup\Greenhouse Planter Boxes - SketchUp\Greenhouse Planter Boxes - V2.skb
[2025-07-26 21:49:35] [INFO] 	  *EXTRA File 		   7.5 m	D:\Documents\Google Drive\SketchUp\Greenhouse Planter Boxes - Sketchup\Greenhouse Planter Boxes - SketchUp\Greenhouse Planter Boxes - V2.skp
[2025-07-26 21:49:35] [INFO] 	  *EXTRA File 		  11.2 m	D:\Documents\Google Drive\SketchUp\Greenhouse Planter Boxes - Sketchup\Greenhouse Planter Boxes - SketchUp\Greenhouse Planter Boxes - V3.skb
[2025-07-26 21:49:35] [INFO] 	  *EXTRA File 		  11.2 m	D:\Documents\Google Drive\SketchUp\Greenhouse Planter Boxes - Sketchup\Greenhouse Planter Boxes - SketchUp\Greenhouse Planter Boxes - V3.skp
[2025-07-26 21:49:35] [INFO] 	  *EXTRA File 		  11.2 m	D:\Documents\Google Drive\SketchUp\Greenhouse Planter Boxes - Sketchup\Greenhouse Planter Boxes - SketchUp\Greenhouse Planter Boxes - V4.skb
[2025-07-26 21:49:35] [INFO] 	  *EXTRA File 		  11.2 m	D:\Documents\Google Drive\SketchUp\Greenhouse Planter Boxes - Sketchup\Greenhouse Planter Boxes - SketchUp\Greenhouse Planter Boxes - V4.skp
[2025-07-26 21:49:35] [INFO] 	*EXTRA Dir        -1	D:\Documents\Google Drive\SketchUp\Gym Equipment - Sketchup\
[2025-07-26 21:49:35] [INFO] 	  *EXTRA File 		  25.2 m	D:\Documents\Google Drive\SketchUp\Gym Equipment - Sketchup\005.skp
[2025-07-26 21:49:35] [INFO] 	  *EXTRA File 		   8.3 m	D:\Documents\Google Drive\SketchUp\Gym Equipment - Sketchup\80A00001_Half+Rack.skp
[2025-07-26 21:49:35] [INFO] 	  *EXTRA File 		  18.2 m	D:\Documents\Google Drive\SketchUp\Gym Equipment - Sketchup\80A00003_Back2Back+Half+Rack.skp
[2025-07-26 21:49:35] [INFO] 	  *EXTRA File 		  16.0 m	D:\Documents\Google Drive\SketchUp\Gym Equipment - Sketchup\80A00007_Back2Back+Power+Rack.skp
[2025-07-26 21:49:35] [INFO] 	  *EXTRA File 		  18.5 m	D:\Documents\Google Drive\SketchUp\Gym Equipment - Sketchup\80A00008_Power_Rack_Collegiate_Back2Back.skp
[2025-07-26 21:49:35] [INFO] 	  *EXTRA File 		   7.2 m	D:\Documents\Google Drive\SketchUp\Gym Equipment - Sketchup\80A00009_Bench+Press.skp
[2025-07-26 21:49:35] [INFO] 	  *EXTRA File 		   4.6 m	D:\Documents\Google Drive\SketchUp\Gym Equipment - Sketchup\80A00026-80ATHLETICS_MULTI_POSITION_BENCH.skp
[2025-07-26 21:49:35] [INFO] 	  *EXTRA File 		   5.2 m	D:\Documents\Google Drive\SketchUp\Gym Equipment - Sketchup\80A00128_Wall+Rack+Extension.skp
[2025-07-26 21:49:35] [INFO] 	  *EXTRA File 		 1002309	D:\Documents\Google Drive\SketchUp\Gym Equipment - Sketchup\DRABINKA+GIMNASTYCZNA+OLYMPIC+2.skp
[2025-07-26 21:49:35] [INFO] 	  *EXTRA File 		  321965	D:\Documents\Google Drive\SketchUp\Gym Equipment - Sketchup\Freestanding+Parkour+Pipe+Structure+v1.skp
[2025-07-26 21:49:35] [INFO] 	  *EXTRA File 		   2.3 m	D:\Documents\Google Drive\SketchUp\Gym Equipment - Sketchup\Hammer_Strength_Plateloaded_09.skp
[2025-07-26 21:49:35] [INFO] 	  *EXTRA File 		   6.2 m	D:\Documents\Google Drive\SketchUp\Gym Equipment - Sketchup\Hammer_Strength_Plateloaded_23.skp
[2025-07-26 21:49:35] [INFO] 	  *EXTRA File 		   3.7 m	D:\Documents\Google Drive\SketchUp\Gym Equipment - Sketchup\Home+Gym.skp
[2025-07-26 21:49:35] [INFO] 	  *EXTRA File 		   2.2 m	D:\Documents\Google Drive\SketchUp\Gym Equipment - Sketchup\jungle_gym.skp
[2025-07-26 21:49:35] [INFO] 	  *EXTRA File 		   1.0 m	D:\Documents\Google Drive\SketchUp\Gym Equipment - Sketchup\RogueR3.skp
[2025-07-26 21:49:35] [INFO] 	  *EXTRA File 		   4.8 m	D:\Documents\Google Drive\SketchUp\Gym Equipment - Sketchup\SR-70+Rackv2+2017.skp
[2025-07-26 21:49:35] [INFO] 	  *EXTRA File 		   22528	D:\Documents\Google Drive\SketchUp\Gym Equipment - Sketchup\Thumbs.db
[2025-07-26 21:49:35] [INFO] 	  *EXTRA File 		  987100	D:\Documents\Google Drive\SketchUp\Gym Equipment - Sketchup\Untitled.skp
[2025-07-26 21:49:35] [INFO] 	  *EXTRA File 		  706559	D:\Documents\Google Drive\SketchUp\Gym Equipment - Sketchup\weight+cage.skp
[2025-07-26 21:49:35] [INFO] 	*EXTRA Dir        -1	D:\Documents\Google Drive\SketchUp\Stair Garden Boxes - Sketchup\
[2025-07-26 21:49:35] [INFO] 	  *EXTRA File 		  887768	D:\Documents\Google Drive\SketchUp\Stair Garden Boxes - Sketchup\Stair Garden Boxes - Sketchup - Per Veiw1.pdf
[2025-07-26 21:49:35] [INFO] 	  *EXTRA File 		  830790	D:\Documents\Google Drive\SketchUp\Stair Garden Boxes - Sketchup\Stair Garden Boxes - Sketchup - Per Veiw2.pdf
[2025-07-26 21:49:35] [INFO] 	  *EXTRA File 		  712069	D:\Documents\Google Drive\SketchUp\Stair Garden Boxes - Sketchup\Stair Garden Boxes - Sketchup - Per Veiw3.pdf
[2025-07-26 21:49:35] [INFO] 	  *EXTRA File 		  766320	D:\Documents\Google Drive\SketchUp\Stair Garden Boxes - Sketchup\Stair Garden Boxes - Sketchup - Per Veiw4.pdf
[2025-07-26 21:49:35] [INFO] 	  *EXTRA File 		  26.5 m	D:\Documents\Google Drive\SketchUp\Stair Garden Boxes - Sketchup\Stair Garden Boxes - Sketchup - V1.skb
[2025-07-26 21:49:35] [INFO] 	  *EXTRA File 		  26.5 m	D:\Documents\Google Drive\SketchUp\Stair Garden Boxes - Sketchup\Stair Garden Boxes - Sketchup - V1.skp
[2025-07-26 21:49:35] [INFO] 	  *EXTRA File 		  26.5 m	D:\Documents\Google Drive\SketchUp\Stair Garden Boxes - Sketchup\Stair Garden Boxes - Sketchup - V2.skb
[2025-07-26 21:49:35] [INFO] 	  *EXTRA File 		  26.4 m	D:\Documents\Google Drive\SketchUp\Stair Garden Boxes - Sketchup\Stair Garden Boxes - Sketchup - V2.skp
[2025-07-26 21:49:35] [INFO] 	  *EXTRA File 		  15.4 m	D:\Documents\Google Drive\SketchUp\Stair Garden Boxes - Sketchup\Terrace_Gardens.zip
[2025-07-26 21:49:35] [INFO] 	*EXTRA Dir        -1	D:\Documents\Google Drive\Software\
[2025-07-26 21:49:35] [INFO] 	*EXTRA Dir        -1	D:\Documents\Google Drive\Software\Software Configurations\
[2025-07-26 21:49:35] [INFO] 	*EXTRA Dir        -1	D:\Documents\Google Drive\Software\Software Configurations\Ableton\
[2025-07-26 21:49:35] [INFO] 	*EXTRA Dir        -1	D:\Documents\Google Drive\Software\Software Configurations\Ableton\Bug Reporting\
[2025-07-26 21:49:35] [INFO] 	*EXTRA Dir        -1	D:\Documents\Google Drive\Software\Software Configurations\Ableton\Live Recordings\
[2025-07-26 21:49:35] [INFO] 	*EXTRA Dir        -1	D:\Documents\Google Drive\Software\Software Configurations\Ableton\User Library\
[2025-07-26 21:49:35] [INFO] 	  *EXTRA File 		     106	D:\Documents\Google Drive\Software\Software Configurations\Ableton\User Library\Desktop.ini
[2025-07-26 21:49:35] [INFO] 	*EXTRA Dir        -1	D:\Documents\Google Drive\Software\Software Configurations\Ableton\User Library\Ableton Project Info\
[2025-07-26 21:49:35] [INFO] 	  *EXTRA File 		  481686	D:\Documents\Google Drive\Software\Software Configurations\Ableton\User Library\Ableton Project Info\AProject.ico
[2025-07-26 21:49:35] [INFO] 	  *EXTRA File 		     459	D:\Documents\Google Drive\Software\Software Configurations\Ableton\User Library\Ableton Project Info\Project8_1.cfg
[2025-07-26 21:49:35] [INFO] 	*EXTRA Dir        -1	D:\Documents\Google Drive\Software\Software Configurations\Ableton\User Library\Clips\
[2025-07-26 21:49:35] [INFO] 	*EXTRA Dir        -1	D:\Documents\Google Drive\Software\Software Configurations\Ableton\User Library\Defaults\
[2025-07-26 21:49:35] [INFO] 	*EXTRA Dir        -1	D:\Documents\Google Drive\Software\Software Configurations\Ableton\User Library\Defaults\Audio to MIDI\
[2025-07-26 21:49:35] [INFO] 	*EXTRA Dir        -1	D:\Documents\Google Drive\Software\Software Configurations\Ableton\User Library\Defaults\Audio to MIDI\Drums to MIDI\
[2025-07-26 21:49:35] [INFO] 	*EXTRA Dir        -1	D:\Documents\Google Drive\Software\Software Configurations\Ableton\User Library\Defaults\Audio to MIDI\Harmony to MIDI\
[2025-07-26 21:49:35] [INFO] 	*EXTRA Dir        -1	D:\Documents\Google Drive\Software\Software Configurations\Ableton\User Library\Defaults\Audio to MIDI\Melody to MIDI\
[2025-07-26 21:49:35] [INFO] 	*EXTRA Dir        -1	D:\Documents\Google Drive\Software\Software Configurations\Ableton\User Library\Defaults\Dropping Samples\
[2025-07-26 21:49:35] [INFO] 	*EXTRA Dir        -1	D:\Documents\Google Drive\Software\Software Configurations\Ableton\User Library\Defaults\Dropping Samples\On Device View\
[2025-07-26 21:49:35] [INFO] 	*EXTRA Dir        -1	D:\Documents\Google Drive\Software\Software Configurations\Ableton\User Library\Defaults\Dropping Samples\On Drum Rack\
[2025-07-26 21:49:35] [INFO] 	*EXTRA Dir        -1	D:\Documents\Google Drive\Software\Software Configurations\Ableton\User Library\Defaults\Slicing\
[2025-07-26 21:49:35] [INFO] 	*EXTRA Dir        -1	D:\Documents\Google Drive\Software\Software Configurations\Ableton\User Library\Grooves\
[2025-07-26 21:49:35] [INFO] 	*EXTRA Dir        -1	D:\Documents\Google Drive\Software\Software Configurations\Ableton\User Library\Presets\
[2025-07-26 21:49:35] [INFO] 	*EXTRA Dir        -1	D:\Documents\Google Drive\Software\Software Configurations\Ableton\User Library\Presets\Audio Effects\
[2025-07-26 21:49:35] [INFO] 	*EXTRA Dir        -1	D:\Documents\Google Drive\Software\Software Configurations\Ableton\User Library\Presets\Audio Effects\Amp\
[2025-07-26 21:49:35] [INFO] 	*EXTRA Dir        -1	D:\Documents\Google Drive\Software\Software Configurations\Ableton\User Library\Presets\Audio Effects\Audio Effect Rack\
[2025-07-26 21:49:35] [INFO] 	*EXTRA Dir        -1	D:\Documents\Google Drive\Software\Software Configurations\Ableton\User Library\Presets\Audio Effects\Auto Filter\
[2025-07-26 21:49:35] [INFO] 	*EXTRA Dir        -1	D:\Documents\Google Drive\Software\Software Configurations\Ableton\User Library\Presets\Audio Effects\Auto Pan\
[2025-07-26 21:49:35] [INFO] 	*EXTRA Dir        -1	D:\Documents\Google Drive\Software\Software Configurations\Ableton\User Library\Presets\Audio Effects\Beat Repeat\
[2025-07-26 21:49:35] [INFO] 	*EXTRA Dir        -1	D:\Documents\Google Drive\Software\Software Configurations\Ableton\User Library\Presets\Audio Effects\Cabinet\
[2025-07-26 21:49:35] [INFO] 	*EXTRA Dir        -1	D:\Documents\Google Drive\Software\Software Configurations\Ableton\User Library\Presets\Audio Effects\Chorus\
[2025-07-26 21:49:35] [INFO] 	*EXTRA Dir        -1	D:\Documents\Google Drive\Software\Software Configurations\Ableton\User Library\Presets\Audio Effects\Compressor\
[2025-07-26 21:49:35] [INFO] 	*EXTRA Dir        -1	D:\Documents\Google Drive\Software\Software Configurations\Ableton\User Library\Presets\Audio Effects\Corpus\
[2025-07-26 21:49:35] [INFO] 	*EXTRA Dir        -1	D:\Documents\Google Drive\Software\Software Configurations\Ableton\User Library\Presets\Audio Effects\Dynamic Tube\
[2025-07-26 21:49:35] [INFO] 	*EXTRA Dir        -1	D:\Documents\Google Drive\Software\Software Configurations\Ableton\User Library\Presets\Audio Effects\EQ Eight\
[2025-07-26 21:49:36] [INFO] 	*EXTRA Dir        -1	D:\Documents\Google Drive\Software\Software Configurations\Ableton\User Library\Presets\Audio Effects\EQ Three\
[2025-07-26 21:49:36] [INFO] 	*EXTRA Dir        -1	D:\Documents\Google Drive\Software\Software Configurations\Ableton\User Library\Presets\Audio Effects\Erosion\
[2025-07-26 21:49:36] [INFO] 	*EXTRA Dir        -1	D:\Documents\Google Drive\Software\Software Configurations\Ableton\User Library\Presets\Audio Effects\External Audio Effect\
[2025-07-26 21:49:36] [INFO] 	*EXTRA Dir        -1	D:\Documents\Google Drive\Software\Software Configurations\Ableton\User Library\Presets\Audio Effects\Filter Delay\
[2025-07-26 21:49:36] [INFO] 	*EXTRA Dir        -1	D:\Documents\Google Drive\Software\Software Configurations\Ableton\User Library\Presets\Audio Effects\Flanger\
[2025-07-26 21:49:36] [INFO] 	*EXTRA Dir        -1	D:\Documents\Google Drive\Software\Software Configurations\Ableton\User Library\Presets\Audio Effects\Frequency Shifter\
[2025-07-26 21:49:36] [INFO] 	*EXTRA Dir        -1	D:\Documents\Google Drive\Software\Software Configurations\Ableton\User Library\Presets\Audio Effects\Gate\
[2025-07-26 21:49:36] [INFO] 	*EXTRA Dir        -1	D:\Documents\Google Drive\Software\Software Configurations\Ableton\User Library\Presets\Audio Effects\Glue Compressor\
[2025-07-26 21:49:36] [INFO] 	*EXTRA Dir        -1	D:\Documents\Google Drive\Software\Software Configurations\Ableton\User Library\Presets\Audio Effects\Grain Delay\
[2025-07-26 21:49:36] [INFO] 	*EXTRA Dir        -1	D:\Documents\Google Drive\Software\Software Configurations\Ableton\User Library\Presets\Audio Effects\Limiter\
[2025-07-26 21:49:36] [INFO] 	*EXTRA Dir        -1	D:\Documents\Google Drive\Software\Software Configurations\Ableton\User Library\Presets\Audio Effects\Looper\
[2025-07-26 21:49:36] [INFO] 	*EXTRA Dir        -1	D:\Documents\Google Drive\Software\Software Configurations\Ableton\User Library\Presets\Audio Effects\Max Audio Effect\
[2025-07-26 21:49:36] [INFO] 	*EXTRA Dir        -1	D:\Documents\Google Drive\Software\Software Configurations\Ableton\User Library\Presets\Audio Effects\Multiband Dynamics\
[2025-07-26 21:49:36] [INFO] 	*EXTRA Dir        -1	D:\Documents\Google Drive\Software\Software Configurations\Ableton\User Library\Presets\Audio Effects\Overdrive\
[2025-07-26 21:49:36] [INFO] 	*EXTRA Dir        -1	D:\Documents\Google Drive\Software\Software Configurations\Ableton\User Library\Presets\Audio Effects\Phaser\
[2025-07-26 21:49:36] [INFO] 	*EXTRA Dir        -1	D:\Documents\Google Drive\Software\Software Configurations\Ableton\User Library\Presets\Audio Effects\Ping Pong Delay\
[2025-07-26 21:49:36] [INFO] 	*EXTRA Dir        -1	D:\Documents\Google Drive\Software\Software Configurations\Ableton\User Library\Presets\Audio Effects\Redux\
[2025-07-26 21:49:36] [INFO] 	*EXTRA Dir        -1	D:\Documents\Google Drive\Software\Software Configurations\Ableton\User Library\Presets\Audio Effects\Resonators\
[2025-07-26 21:49:36] [INFO] 	*EXTRA Dir        -1	D:\Documents\Google Drive\Software\Software Configurations\Ableton\User Library\Presets\Audio Effects\Reverb\
[2025-07-26 21:49:36] [INFO] 	*EXTRA Dir        -1	D:\Documents\Google Drive\Software\Software Configurations\Ableton\User Library\Presets\Audio Effects\Saturator\
[2025-07-26 21:49:36] [INFO] 	*EXTRA Dir        -1	D:\Documents\Google Drive\Software\Software Configurations\Ableton\User Library\Presets\Audio Effects\Simple Delay\
[2025-07-26 21:49:36] [INFO] 	*EXTRA Dir        -1	D:\Documents\Google Drive\Software\Software Configurations\Ableton\User Library\Presets\Audio Effects\Spectrum\
[2025-07-26 21:49:36] [INFO] 	*EXTRA Dir        -1	D:\Documents\Google Drive\Software\Software Configurations\Ableton\User Library\Presets\Audio Effects\Tuner\
[2025-07-26 21:49:36] [INFO] 	*EXTRA Dir        -1	D:\Documents\Google Drive\Software\Software Configurations\Ableton\User Library\Presets\Audio Effects\Utility\
[2025-07-26 21:49:36] [INFO] 	*EXTRA Dir        -1	D:\Documents\Google Drive\Software\Software Configurations\Ableton\User Library\Presets\Audio Effects\Vinyl Distortion\
[2025-07-26 21:49:36] [INFO] 	*EXTRA Dir        -1	D:\Documents\Google Drive\Software\Software Configurations\Ableton\User Library\Presets\Audio Effects\Vocoder\
[2025-07-26 21:49:36] [INFO] 	*EXTRA Dir        -1	D:\Documents\Google Drive\Software\Software Configurations\Ableton\User Library\Presets\Instruments\
[2025-07-26 21:49:36] [INFO] 	*EXTRA Dir        -1	D:\Documents\Google Drive\Software\Software Configurations\Ableton\User Library\Presets\Instruments\Analog\
[2025-07-26 21:49:36] [INFO] 	*EXTRA Dir        -1	D:\Documents\Google Drive\Software\Software Configurations\Ableton\User Library\Presets\Instruments\Collision\
[2025-07-26 21:49:36] [INFO] 	*EXTRA Dir        -1	D:\Documents\Google Drive\Software\Software Configurations\Ableton\User Library\Presets\Instruments\Drum Rack\
[2025-07-26 21:49:36] [INFO] 	*EXTRA Dir        -1	D:\Documents\Google Drive\Software\Software Configurations\Ableton\User Library\Presets\Instruments\Electric\
[2025-07-26 21:49:36] [INFO] 	*EXTRA Dir        -1	D:\Documents\Google Drive\Software\Software Configurations\Ableton\User Library\Presets\Instruments\External Instrument\
[2025-07-26 21:49:36] [INFO] 	*EXTRA Dir        -1	D:\Documents\Google Drive\Software\Software Configurations\Ableton\User Library\Presets\Instruments\Impulse\
[2025-07-26 21:49:36] [INFO] 	*EXTRA Dir        -1	D:\Documents\Google Drive\Software\Software Configurations\Ableton\User Library\Presets\Instruments\Instrument Rack\
[2025-07-26 21:49:36] [INFO] 	*EXTRA Dir        -1	D:\Documents\Google Drive\Software\Software Configurations\Ableton\User Library\Presets\Instruments\Max Instrument\
[2025-07-26 21:49:36] [INFO] 	*EXTRA Dir        -1	D:\Documents\Google Drive\Software\Software Configurations\Ableton\User Library\Presets\Instruments\Operator\
[2025-07-26 21:49:36] [INFO] 	*EXTRA Dir        -1	D:\Documents\Google Drive\Software\Software Configurations\Ableton\User Library\Presets\Instruments\Sampler\
[2025-07-26 21:49:36] [INFO] 	*EXTRA Dir        -1	D:\Documents\Google Drive\Software\Software Configurations\Ableton\User Library\Presets\Instruments\Simpler\
[2025-07-26 21:49:36] [INFO] 	*EXTRA Dir        -1	D:\Documents\Google Drive\Software\Software Configurations\Ableton\User Library\Presets\Instruments\Tension\
[2025-07-26 21:49:36] [INFO] 	*EXTRA Dir        -1	D:\Documents\Google Drive\Software\Software Configurations\Ableton\User Library\Presets\MIDI Effects\
[2025-07-26 21:49:36] [INFO] 	*EXTRA Dir        -1	D:\Documents\Google Drive\Software\Software Configurations\Ableton\User Library\Presets\MIDI Effects\Arpeggiator\
[2025-07-26 21:49:36] [INFO] 	*EXTRA Dir        -1	D:\Documents\Google Drive\Software\Software Configurations\Ableton\User Library\Presets\MIDI Effects\Chord\
[2025-07-26 21:49:36] [INFO] 	*EXTRA Dir        -1	D:\Documents\Google Drive\Software\Software Configurations\Ableton\User Library\Presets\MIDI Effects\Max MIDI Effect\
[2025-07-26 21:49:36] [INFO] 	*EXTRA Dir        -1	D:\Documents\Google Drive\Software\Software Configurations\Ableton\User Library\Presets\MIDI Effects\MIDI Effect Rack\
[2025-07-26 21:49:36] [INFO] 	*EXTRA Dir        -1	D:\Documents\Google Drive\Software\Software Configurations\Ableton\User Library\Presets\MIDI Effects\Note Length\
[2025-07-26 21:49:36] [INFO] 	*EXTRA Dir        -1	D:\Documents\Google Drive\Software\Software Configurations\Ableton\User Library\Presets\MIDI Effects\Pitch\
[2025-07-26 21:49:36] [INFO] 	*EXTRA Dir        -1	D:\Documents\Google Drive\Software\Software Configurations\Ableton\User Library\Presets\MIDI Effects\Random\
[2025-07-26 21:49:36] [INFO] 	*EXTRA Dir        -1	D:\Documents\Google Drive\Software\Software Configurations\Ableton\User Library\Presets\MIDI Effects\Scale\
[2025-07-26 21:49:36] [INFO] 	*EXTRA Dir        -1	D:\Documents\Google Drive\Software\Software Configurations\Ableton\User Library\Presets\MIDI Effects\Velocity\
[2025-07-26 21:49:36] [INFO] 	*EXTRA Dir        -1	D:\Documents\Google Drive\Software\Software Configurations\Ableton\User Library\Samples\
[2025-07-26 21:49:36] [INFO] 	*EXTRA Dir        -1	D:\Documents\Google Drive\Software\Software Configurations\Adobe\
[2025-07-26 21:49:36] [INFO] 	  *EXTRA File 		     197	D:\Documents\Google Drive\Software\Software Configurations\Adobe\PhotoshopPrefsManager-20171231-151809.log
[2025-07-26 21:49:36] [INFO] 	*EXTRA Dir        -1	D:\Documents\Google Drive\Software\Software Configurations\Adobe\After Effects CC 2015\
[2025-07-26 21:49:36] [INFO] 	*EXTRA Dir        -1	D:\Documents\Google Drive\Software\Software Configurations\Adobe\After Effects CC 2015\User Libraries\
[2025-07-26 21:49:36] [INFO] 	*EXTRA Dir        -1	D:\Documents\Google Drive\Software\Software Configurations\Adobe\After Effects CC 2015\User Presets\
[2025-07-26 21:49:36] [INFO] 	  *EXTRA File 		    1086	D:\Documents\Google Drive\Software\Software Configurations\Adobe\After Effects CC 2015\User Presets\(Adobe).lnk
[2025-07-26 21:49:36] [INFO] 	*EXTRA Dir        -1	D:\Documents\Google Drive\Software\Software Configurations\Adobe\dynamiclinkmediaserver\
[2025-07-26 21:49:36] [INFO] 	*EXTRA Dir        -1	D:\Documents\Google Drive\Software\Software Configurations\Adobe\dynamiclinkmediaserver\7.0\
[2025-07-26 21:49:36] [INFO] 	*EXTRA Dir        -1	D:\Documents\Google Drive\Software\Software Configurations\Custom Office Templates\
[2025-07-26 21:49:36] [INFO] 	*EXTRA Dir        -1	D:\Documents\Google Drive\Software\Software Configurations\DisplayFusion Backups\
[2025-07-26 21:49:36] [INFO] 	*EXTRA Dir        -1	D:\Documents\Google Drive\Software\Software Configurations\OneNote Notebooks\
[2025-07-26 21:49:36] [INFO] 	*EXTRA Dir        -1	D:\Documents\Google Drive\Software\Software Configurations\OneNote Notebooks\My Notebook\
[2025-07-26 21:49:36] [INFO] 	  *EXTRA File 		    6184	D:\Documents\Google Drive\Software\Software Configurations\OneNote Notebooks\My Notebook\Open Notebook.onetoc2
[2025-07-26 21:49:36] [INFO] 	  *EXTRA File 		  360136	D:\Documents\Google Drive\Software\Software Configurations\OneNote Notebooks\My Notebook\Quick Notes.one
[2025-07-26 21:49:36] [INFO] 	*EXTRA Dir        -1	D:\Documents\Google Drive\Software\Software Configurations\TrinusVR\
[2025-07-26 21:49:36] [INFO] 	  *EXTRA File 		    2606	D:\Documents\Google Drive\Software\Software Configurations\TrinusVR\default.cfg
[2025-07-26 21:49:36] [INFO] 	  *EXTRA File 		      82	D:\Documents\Google Drive\Software\Software Configurations\TrinusVR\fallout4 _89.hud
[2025-07-26 21:49:36] [INFO] 	  *EXTRA File 		     151	D:\Documents\Google Drive\Software\Software Configurations\TrinusVR\gtav_43.hud
[2025-07-26 21:49:36] [INFO] 	  *EXTRA File 		     165	D:\Documents\Google Drive\Software\Software Configurations\TrinusVR\gtav_89.hud
[2025-07-26 21:49:36] [INFO] 	  *EXTRA File 		    2606	D:\Documents\Google Drive\Software\Software Configurations\TrinusVR\Samsung S5 - VR Box.cfg
[2025-07-26 21:49:36] [INFO] 	  *EXTRA File 		     176	D:\Documents\Google Drive\Software\Software Configurations\TrinusVR\skyrim _89.hud
[2025-07-26 21:49:36] [INFO] 	  *EXTRA File 		     779	D:\Documents\Google Drive\Software\Software Configurations\TrinusVR\trinus.log
[2025-07-26 21:49:36] [INFO] 	*EXTRA Dir        -1	D:\Documents\Google Drive\Software\Software Help Files\
[2025-07-26 21:49:36] [INFO] 	*EXTRA Dir        -1	D:\Documents\Google Drive\Software\Software Help Files\SketchUp Pro - Help Files\
[2025-07-26 21:49:36] [INFO] 	*EXTRA Dir        -1	D:\Documents\Google Drive\Software\Software Help Files\SketchUp Pro - Help Files\SketchUp Pro - Video Tutorials\
[2025-07-26 21:49:36] [INFO] 	  *EXTRA File 		  17.6 m	D:\Documents\Google Drive\Software\Software Help Files\SketchUp Pro - Help Files\SketchUp Pro - Video Tutorials\Getting Started with SketchUp - Part 1.mp4
[2025-07-26 21:49:36] [INFO] 	  *EXTRA File 		  15.5 m	D:\Documents\Google Drive\Software\Software Help Files\SketchUp Pro - Help Files\SketchUp Pro - Video Tutorials\Getting Started with SketchUp - Part 2.mp4
[2025-07-26 21:49:36] [INFO] 	  *EXTRA File 		  29.7 m	D:\Documents\Google Drive\Software\Software Help Files\SketchUp Pro - Help Files\SketchUp Pro - Video Tutorials\Getting Started with SketchUp - Part 3.mp4
[2025-07-26 21:49:36] [INFO] 	  *EXTRA File 		  23.5 m	D:\Documents\Google Drive\Software\Software Help Files\SketchUp Pro - Help Files\SketchUp Pro - Video Tutorials\Getting started with SketchUp - Part 4.mp4
[2025-07-26 21:49:36] [INFO] 	  *EXTRA File 		  45.9 m	D:\Documents\Google Drive\Software\Software Help Files\SketchUp Pro - Help Files\SketchUp Pro - Video Tutorials\SketchUp Tutorial - 1 - Beginner SketchUp Tutorial.mp4
[2025-07-26 21:49:36] [INFO] 	  *EXTRA File 		  32.6 m	D:\Documents\Google Drive\Software\Software Help Files\SketchUp Pro - Help Files\SketchUp Pro - Video Tutorials\SketchUp Tutorial - 2 - Circle Arc Offset Scale.mp4
[2025-07-26 21:49:36] [INFO] 	  *EXTRA File 		  31.3 m	D:\Documents\Google Drive\Software\Software Help Files\SketchUp Pro - Help Files\SketchUp Pro - Video Tutorials\SketchUp Tutorial - 3 - Groups and Components.mp4
[2025-07-26 21:49:36] [INFO] 	  *EXTRA File 		  92.6 m	D:\Documents\Google Drive\Software\Software Help Files\SketchUp Pro - Help Files\SketchUp Pro - Video Tutorials\SketchUp Tutorial - 4 - Materials.mp4
[2025-07-26 21:49:36] [INFO] 	  *EXTRA File 		  55.8 m	D:\Documents\Google Drive\Software\Software Help Files\SketchUp Pro - Help Files\SketchUp Pro - Video Tutorials\SketchUp Tutorial - 5 - Important Tips.mp4
[2025-07-26 21:49:36] [INFO] 	  *EXTRA File 		  39.3 m	D:\Documents\Google Drive\Software\Software Help Files\SketchUp Pro - Help Files\SketchUp Pro - Video Tutorials\SketchUp Tutorial - 6 - Follow Me Tool.mp4
[2025-07-26 21:49:36] [INFO] 	  *EXTRA File 		  36.6 m	D:\Documents\Google Drive\Software\Software Help Files\SketchUp Pro - Help Files\SketchUp Pro - Video Tutorials\SketchUp Tutorial - 7 - SketchUp Shortcuts.mp4
[2025-07-26 21:49:36] [INFO] 	  *EXTRA File 		  24.2 m	D:\Documents\Google Drive\Software\Software Help Files\SketchUp Pro - Help Files\SketchUp Pro - Video Tutorials\SketchUp Tutorial - 8 - Working With Curved Surfaces.mp4
[2025-07-26 21:49:36] [INFO] 	  *EXTRA File 		   95744	D:\Documents\Google Drive\Software\Software Help Files\SketchUp Pro - Help Files\SketchUp Pro - Video Tutorials\Thumbs.db
[2025-07-26 21:49:36] [INFO] 	*EXTRA Dir        -1	D:\Documents\Google Drive\Software\Software Help Files\SketchUp Pro - Help Files\SketchUp Pro v18 - E-books\
[2025-07-26 21:49:36] [INFO] 	  *EXTRA File 		  57.2 m	D:\Documents\Google Drive\Software\Software Help Files\SketchUp Pro - Help Files\SketchUp Pro v18 - E-books\Google Sketchup Guide for Woodworkers.pdf
[2025-07-26 21:49:36] [INFO] 	  *EXTRA File 		  20.5 m	D:\Documents\Google Drive\Software\Software Help Files\SketchUp Pro - Help Files\SketchUp Pro v18 - E-books\Photographic Rendering with V-Ray for SketchUp.pdf
[2025-07-26 21:49:36] [INFO] 	  *EXTRA File 		 176.9 m	D:\Documents\Google Drive\Software\Software Help Files\SketchUp Pro - Help Files\SketchUp Pro v18 - E-books\Rendering in SketchUp.pdf
[2025-07-26 21:49:37] [INFO] 	  *EXTRA File 		  22.3 m	D:\Documents\Google Drive\Software\Software Help Files\SketchUp Pro - Help Files\SketchUp Pro v18 - E-books\SketchUp for Interior Design.pdf
[2025-07-26 21:49:37] [INFO] 	  *EXTRA File 		  75.7 m	D:\Documents\Google Drive\Software\Software Help Files\SketchUp Pro - Help Files\SketchUp Pro v18 - E-books\The SketchUp Workflow for Architecture.pdf
[2025-07-26 21:49:37] [INFO] 	*EXTRA Dir        -1	D:\Documents\Google Drive\Software\Software Help Files\SketchUp Pro - Help Files\SketchUp Pro v18 - Plans\
[2025-07-26 21:49:37] [INFO] 	*EXTRA Dir        -1	D:\Documents\Google Drive\Software\Software Help Files\SketchUp Pro - Help Files\SketchUp Pro v18 - Plans\SketchUp Pro - MAME Cabinet\
[2025-07-26 21:49:37] [INFO] 	  *EXTRA File 		   84306	D:\Documents\Google Drive\Software\Software Help Files\SketchUp Pro - Help Files\SketchUp Pro v18 - Plans\SketchUp Pro - MAME Cabinet\MAME 4 Player Bar Top Cabinet.skp
[2025-07-26 21:49:37] [INFO] 	  *EXTRA File 		  518341	D:\Documents\Google Drive\Software\Software Help Files\SketchUp Pro - Help Files\SketchUp Pro v18 - Plans\SketchUp Pro - MAME Cabinet\MAME 4 Player Console.skp
[2025-07-26 21:49:37] [INFO] 	  *EXTRA File 		   2.4 m	D:\Documents\Google Drive\Software\Software Help Files\SketchUp Pro - Help Files\SketchUp Pro v18 - Plans\SketchUp Pro - MAME Cabinet\MAME 4 Player Sega Swing.skp
[2025-07-26 21:49:37] [INFO] 	  *EXTRA File 		   1.1 m	D:\Documents\Google Drive\Software\Software Help Files\SketchUp Pro - Help Files\SketchUp Pro v18 - Plans\SketchUp Pro - MAME Cabinet\MAME Aussie Arcade Cabinet.skp
[2025-07-26 21:49:37] [INFO] 	  *EXTRA File 		   4.5 m	D:\Documents\Google Drive\Software\Software Help Files\SketchUp Pro - Help Files\SketchUp Pro v18 - Plans\SketchUp Pro - MAME Cabinet\MAME Black & Blue Arcade Cabinet.skp
[2025-07-26 21:49:37] [INFO] 	  *EXTRA File 		   68113	D:\Documents\Google Drive\Software\Software Help Files\SketchUp Pro - Help Files\SketchUp Pro v18 - Plans\SketchUp Pro - MAME Cabinet\MAME Cabinet Base.skp
[2025-07-26 21:49:37] [INFO] 	  *EXTRA File 		   2.4 m	D:\Documents\Google Drive\Software\Software Help Files\SketchUp Pro - Help Files\SketchUp Pro v18 - Plans\SketchUp Pro - MAME Cabinet\MAME Cocktail Arcade Cabinet.skp
[2025-07-26 21:49:37] [INFO] 	  *EXTRA File 		   6.1 m	D:\Documents\Google Drive\Software\Software Help Files\SketchUp Pro - Help Files\SketchUp Pro v18 - Plans\SketchUp Pro - MAME Cabinet\MAME Show Case Cabinet.skp
[2025-07-26 21:49:37] [INFO] 	  *EXTRA File 		   3.9 m	D:\Documents\Google Drive\Software\Software Help Files\SketchUp Pro - Help Files\SketchUp Pro v18 - Plans\SketchUp Pro - MAME Cabinet\MAME Table Top & Counter Top Arcade Cabinet.skp
[2025-07-26 21:49:37] [INFO] 	*EXTRA Dir        -1	D:\Documents\Google Drive\Software\Software Help Files\SketchUp Pro - Help Files\SketchUp Pro v18 - Plans\SketchUp Pro - Outdoor Gym\
[2025-07-26 21:49:37] [INFO] 	  *EXTRA File 		  36.7 m	D:\Documents\Google Drive\Software\Software Help Files\SketchUp Pro - Help Files\SketchUp Pro v18 - Plans\SketchUp Pro - Outdoor Gym\Fit+Lab+3D+Gym.skp
[2025-07-26 21:49:37] [INFO] 	  *EXTRA File 		   3.6 m	D:\Documents\Google Drive\Software\Software Help Files\SketchUp Pro - Help Files\SketchUp Pro v18 - Plans\SketchUp Pro - Outdoor Gym\Log+Monkey+Bars-Home.skp
[2025-07-26 21:49:37] [INFO] 	  *EXTRA File 		  134221	D:\Documents\Google Drive\Software\Software Help Files\SketchUp Pro - Help Files\SketchUp Pro v18 - Plans\SketchUp Pro - Outdoor Gym\Squat Rack.skp
[2025-07-26 21:49:37] [INFO] 	*EXTRA Dir        -1	D:\Documents\Google Drive\Woodwork\
[2025-07-26 21:49:37] [INFO] 	  *EXTRA File 		  52.2 m	D:\Documents\Google Drive\Woodwork\200 Personal Woodworking Plans and Projects.pdf
[2025-07-26 21:49:37] [INFO] 	  *EXTRA File 		  210934	D:\Documents\Google Drive\Woodwork\Adirondack Chair.pdf
[2025-07-26 21:49:37] [INFO] 	  *EXTRA File 		  556536	D:\Documents\Google Drive\Woodwork\Dovetail Jig.pdf
[2025-07-26 21:49:37] [INFO] 	  *EXTRA File 		  71.8 m	D:\Documents\Google Drive\Woodwork\Woodcraft Magazine - February-March 2020.pdf
[2025-07-26 21:49:37] [INFO] 	*EXTRA Dir        -1	D:\Documents\Google Drive\Woodwork\DIY Gym Equipment\
[2025-07-26 21:49:37] [INFO] 	  *EXTRA File 		   26321	D:\Documents\Google Drive\Woodwork\DIY Gym Equipment\Calisthenics Rack.jpg
[2025-07-26 21:49:37] [INFO] 	  *EXTRA File 		  104897	D:\Documents\Google Drive\Woodwork\DIY Gym Equipment\Dip Station.jpg
[2025-07-26 21:49:37] [INFO] 	  *EXTRA File 		  104702	D:\Documents\Google Drive\Woodwork\DIY Gym Equipment\DIY Bench Press, Chin-Up, Squat Rack.jpg
[2025-07-26 21:49:37] [INFO] 	  *EXTRA File 		   88608	D:\Documents\Google Drive\Woodwork\DIY Gym Equipment\Lat Machine.jpg
[2025-07-26 21:49:37] [INFO] 	  *EXTRA File 		   45803	D:\Documents\Google Drive\Woodwork\DIY Gym Equipment\Power Rack.jpg
[2025-07-26 21:49:37] [INFO] 	  *EXTRA File 		   53693	D:\Documents\Google Drive\Woodwork\DIY Gym Equipment\Squat Rack 2.jpg
[2025-07-26 21:49:37] [INFO] 	  *EXTRA File 		  235299	D:\Documents\Google Drive\Woodwork\DIY Gym Equipment\Squat Rack.jpg
[2025-07-26 21:49:37] [INFO] 	  *EXTRA File 		  109568	D:\Documents\Google Drive\Woodwork\DIY Gym Equipment\Thumbs.db
[2025-07-26 21:49:37] [INFO] 	  *EXTRA File 		   20634	D:\Documents\Google Drive\Woodwork\DIY Gym Equipment\Weight Bench.jpg
[2025-07-26 21:49:37] [INFO] 	*EXTRA Dir        -1	D:\Documents\Google Drive\Woodwork\Homemade 3 in 1 Multipurpose Workbench\
[2025-07-26 21:49:37] [INFO] 	*EXTRA Dir        -1	D:\Documents\Google Drive\Woodwork\Homemade 3 in 1 Multipurpose Workbench\Homemade 3 in 1 Multipurpose Workbench CAD Files\
[2025-07-26 21:49:37] [INFO] 	*EXTRA Dir        -1	D:\Documents\Google Drive\Woodwork\Homemade 3 in 1 Multipurpose Workbench\Homemade 3 in 1 Multipurpose Workbench Drawings PDF Files\
[2025-07-26 21:49:37] [INFO] 	  *EXTRA File 		   1.3 m	D:\Documents\Google Drive\Woodwork\Homemade 3 in 1 Multipurpose Workbench\Homemade 3 in 1 Multipurpose Workbench Drawings PDF Files\Homemade 3 in 1 Multipurpose Workbench Drawing.PDF
[2025-07-26 21:49:37] [INFO] 	*EXTRA Dir        -1	D:\Documents\Google Drive\Woodwork\Homemade 3 in 1 Multipurpose Workbench\Homemade 3 in 1 Multipurpose Workbench SketchUp Files\
[2025-07-26 21:49:37] [INFO] 	  *EXTRA File 		   4.6 m	D:\Documents\Google Drive\Woodwork\Homemade 3 in 1 Multipurpose Workbench\Homemade 3 in 1 Multipurpose Workbench SketchUp Files\Homemade 3 in 1 Multipurpose Workbench CAD File.STEP
[2025-07-26 21:49:37] [INFO] 	  *EXTRA File 		  10.0 m	D:\Documents\Google Drive\Woodwork\Homemade 3 in 1 Multipurpose Workbench\Homemade 3 in 1 Multipurpose Workbench SketchUp Files\Homemade 3 in 1 Multipurpose Workbench SketchUp File.dae
[2025-07-26 21:49:37] [INFO] 	  *EXTRA File 		  16.8 m	D:\Documents\Google Drive\Woodwork\Homemade 3 in 1 Multipurpose Workbench\Homemade 3 in 1 Multipurpose Workbench SketchUp Files\Homemade 3 in 1 Multipurpose Workbench SketchUp File.skp
[2025-07-26 21:49:37] [INFO] 	*EXTRA Dir        -1	D:\Documents\Google Drive\Zoom\
[2025-07-26 21:49:37] [INFO] 
[2025-07-26 21:49:37] [INFO] ------------------------------------------------------------------------------
[2025-07-26 21:49:37] [INFO] 
[2025-07-26 21:49:37] [INFO]                Total    Copied   Skipped  Mismatch    FAILED    Extras
[2025-07-26 21:49:37] [INFO]     Dirs :         1         1         1         0         0       131
[2025-07-26 21:49:37] [INFO]    Files :         0         0         0         0         0       206
[2025-07-26 21:49:37] [INFO]    Bytes :         0         0         0         0         0   2.349 g
[2025-07-26 21:49:37] [INFO]    Times :   0:00:03   0:00:00                       0:00:00   0:00:03
[2025-07-26 21:49:37] [INFO]    Ended : Saturday, 26 July 2025 9:49:37 pm
[2025-07-26 21:49:37] [INFO] 
[2025-07-26 21:49:37] [INFO] Mirror operation completed (Exit code: 2)
[2025-07-26 21:49:37] [INFO] Starting Mirror operation from D:\Documents\MegaSync to D:\Documents\Mega
[2025-07-26 21:49:37] [INFO] 
[2025-07-26 21:49:37] [INFO] -------------------------------------------------------------------------------
[2025-07-26 21:49:37] [INFO]    ROBOCOPY     ::     Robust File Copy for Windows                              
[2025-07-26 21:49:37] [INFO] -------------------------------------------------------------------------------
[2025-07-26 21:49:37] [INFO] 
[2025-07-26 21:49:37] [INFO]   Started : Saturday, 26 July 2025 9:49:37 pm
[2025-07-26 21:49:37] [INFO]    Source : D:\Documents\MegaSync\
[2025-07-26 21:49:37] [INFO]      Dest : D:\Documents\Mega\
[2025-07-26 21:49:37] [INFO] 
[2025-07-26 21:49:37] [INFO]     Files : *.*
[2025-07-26 21:49:37] [INFO] 	    
[2025-07-26 21:49:37] [INFO]   Options : *.* /NDL /NFL /TEE /S /E /DCOPY:DA /COPY:DAT /PURGE /MIR /Z /MT:1 /R:0 /W:0 
[2025-07-26 21:49:37] [INFO] 
[2025-07-26 21:49:37] [INFO] ------------------------------------------------------------------------------
[2025-07-26 21:49:37] [INFO] 
[2025-07-26 21:49:37] [INFO] 
[2025-07-26 21:49:37] [INFO] ------------------------------------------------------------------------------
[2025-07-26 21:49:37] [INFO] 
[2025-07-26 21:49:37] [INFO]                Total    Copied   Skipped  Mismatch    FAILED    Extras
[2025-07-26 21:49:37] [INFO]     Dirs :       707       707       707         0         0         0
[2025-07-26 21:49:37] [INFO]    Files :      3883         0      3883         0         0         0
[2025-07-26 21:49:37] [INFO]    Bytes :   1.670 g         0   1.670 g         0         0         0
[2025-07-26 21:49:37] [INFO]    Times :   0:00:00   0:00:00                       0:00:00   0:00:00
[2025-07-26 21:49:37] [INFO]    Ended : Saturday, 26 July 2025 9:49:37 pm
[2025-07-26 21:49:37] [INFO] 
[2025-07-26 21:49:37] [INFO] Mirror operation completed (Exit code: 0)
[2025-07-26 21:49:37] [INFO] Starting zip operation for D:\Documents\GitHub\portfolio.github.io
[2025-07-26 21:49:37] [INFO] Removing existing zip: C:\Users\Lenovo\Dropbox\portfolio.github.io-Sat.zip
[2025-07-26 21:50:22] [INFO] Successfully created zip: C:\Users\Lenovo\Dropbox\portfolio.github.io-Sat.zip
[2025-07-26 21:50:22] [INFO] Monitoring sync status...
[2025-07-26 21:50:23] [INFO] All sync operations completed
[2025-07-26 21:50:23] [INFO] Backup process completed
