[2025-07-24 13:01:45] [ERROR] Job 'Google': Destination must include one of: Google Drive, DriveFS
[2025-07-24 13:01:45] [ERROR] One or more jobs are invalid. Backup cancelled.
[2025-07-24 13:01:48] [ERROR] Job 'Google': Destination must include one of: Google Drive, DriveFS
[2025-07-24 13:01:48] [ERROR] One or more jobs are invalid. Backup cancelled.
[2025-07-24 13:02:04] [INFO] Starting Mirror operation from D:\Documents\GoogleDriveSync to D:\Documents\Google Drive
[2025-07-24 13:02:04] [INFO] 
[2025-07-24 13:02:04] [INFO] -------------------------------------------------------------------------------
[2025-07-24 13:02:04] [INFO]    ROBOCOPY     ::     Robust File Copy for Windows                              
[2025-07-24 13:02:04] [INFO] -------------------------------------------------------------------------------
[2025-07-24 13:02:04] [INFO] 
[2025-07-24 13:02:04] [INFO]   Started : Thursday, 24 July 2025 1:02:04 pm
[2025-07-24 13:02:04] [INFO]    Source : D:\Documents\GoogleDriveSync\
[2025-07-24 13:02:04] [INFO]      Dest : D:\Documents\Google Drive\
[2025-07-24 13:02:04] [INFO] 
[2025-07-24 13:02:04] [INFO]     Files : *.*
[2025-07-24 13:02:04] [INFO] 	    
[2025-07-24 13:02:04] [INFO]   Options : *.* /NDL /NFL /TEE /S /E /DCOPY:DA /COPY:DAT /PURGE /MIR /Z /MT:8 /R:3 /W:5 
[2025-07-24 13:02:04] [INFO] 
[2025-07-24 13:02:04] [INFO] ------------------------------------------------------------------------------
[2025-07-24 13:02:04] [INFO] 
[2025-07-24 13:02:04] [INFO] 
[2025-07-24 13:02:04] [INFO] ------------------------------------------------------------------------------
[2025-07-24 13:02:04] [INFO] 
[2025-07-24 13:02:04] [INFO]                Total    Copied   Skipped  Mismatch    FAILED    Extras
[2025-07-24 13:02:04] [INFO]     Dirs :       838       838       838         0         0         0
[2025-07-24 13:02:04] [INFO]    Files :      4083         0      4084         0         0         0
[2025-07-24 13:02:04] [INFO]    Bytes :   4.019 g         0   4.019 g         0         0         0
[2025-07-24 13:02:04] [INFO]    Times :   0:00:00   0:00:00                       0:00:00   0:00:00
[2025-07-24 13:02:04] [INFO]    Ended : Thursday, 24 July 2025 1:02:04 pm
[2025-07-24 13:02:04] [INFO] 
[2025-07-24 13:02:04] [INFO] Mirror operation completed (Exit code: 0)
[2025-07-24 13:02:04] [INFO] Starting zip operation for D:\Documents\GitHub\portfolio.github.io
[2025-07-24 13:02:04] [INFO] Removing existing zip: C:\Users\Lenovo\Dropbox\portfolio.github.io-Thu.zip
[2025-07-24 13:02:48] [INFO] Successfully created zip: C:\Users\Lenovo\Dropbox\portfolio.github.io-Thu.zip
[2025-07-24 13:02:48] [INFO] Monitoring sync status...
[2025-07-24 13:02:49] [INFO] Active sync detected in C:\Users\Lenovo\Dropbox
[2025-07-24 13:02:55] [INFO] Active sync detected in C:\Users\Lenovo\Dropbox
[2025-07-24 13:03:01] [INFO] All sync operations completed
[2025-07-24 13:03:01] [INFO] Backup process completed
