[2025-07-23 13:12:24] [INFO] No source path provided. Skipping job for provider 'MegaNZ'.

[2025-07-23 13:12:24] [INFO] Backing up from 'D:\Documents\GoogleDriveSync' to 'D:\Documents\New folder' for provider 'Google Drive'
[2025-07-23 13:12:24] [INFO] [DEBUG] Validating destination for provider 'Google Drive'...
[2025-07-23 13:12:24] [INFO] [DEBUG] Input destination: 'D:\Documents\New folder'
[2025-07-23 13:12:24] [INFO] [DEBUG] Checking if 'D:\Documents\New folder' -like '*Google Drive*'
[2025-07-23 13:12:24] [INFO] [DEBUG] Checking if 'D:\Documents\New folder' -like '*DriveFS*'
[2025-07-23 13:12:24] [ERROR] Destination 'D:\Documents\New folder' is not allowed for provider 'Google Drive'.
Valid paths must include: Google Drive, DriveFS
[2025-07-23 13:12:25] [INFO] [DEBUG] Destination check passed — proceeding with backup for 'Google Drive'
[2025-07-23 13:12:25] [INFO] Robocopy finished with exit code 0

[2025-07-23 13:12:25] [INFO] Backing up from 'D:\Documents\GitHub\portfolio.github.io' to 'C:\Users\Lenovo\Dropbox' for provider 'Dropbox'
[2025-07-23 13:12:25] [INFO] [DEBUG] Validating destination for provider 'Dropbox'...
[2025-07-23 13:12:25] [INFO] [DEBUG] Input destination: 'C:\Users\Lenovo\Dropbox'
[2025-07-23 13:12:25] [INFO] [DEBUG] Checking if 'C:\Users\Lenovo\Dropbox' -like '*Dropbox*'
[2025-07-23 13:12:25] [INFO] [DEBUG] Destination matches allowed: Dropbox
[2025-07-23 13:12:25] [INFO] [DEBUG] Destination check passed — proceeding with backup for 'Dropbox'
[2025-07-23 13:12:25] [INFO] Zipping the following files:
[2025-07-23 13:12:25] [INFO] D:\Documents\GitHub\portfolio.github.io\.git

[2025-07-23 13:12:25] [INFO] D:\Documents\GitHub\portfolio.github.io\diagrams

[2025-07-23 13:12:25] [INFO] D:\Documents\GitHub\portfolio.github.io\files

[2025-07-23 13:12:25] [INFO] D:\Documents\GitHub\portfolio.github.io\images

[2025-07-23 13:12:25] [INFO] D:\Documents\GitHub\portfolio.github.io\js

[2025-07-23 13:12:25] [INFO] D:\Documents\GitHub\portfolio.github.io\projects

[2025-07-23 13:12:25] [INFO] D:\Documents\GitHub\portfolio.github.io\pythonFiles

[2025-07-23 13:12:25] [INFO] D:\Documents\GitHub\portfolio.github.io\styles

[2025-07-23 13:12:25] [INFO] D:\Documents\GitHub\portfolio.github.io\about.html

[2025-07-23 13:12:25] [INFO] D:\Documents\GitHub\portfolio.github.io\contact.html

[2025-07-23 13:12:25] [INFO] D:\Documents\GitHub\portfolio.github.io\index.html

[2025-07-23 13:12:25] [INFO] D:\Documents\GitHub\portfolio.github.io\LICENSE

[2025-07-23 13:12:25] [INFO] D:\Documents\GitHub\portfolio.github.io\projects.html

[2025-07-23 13:12:25] [INFO] D:\Documents\GitHub\portfolio.github.io\README.md

[2025-07-23 13:12:25] [INFO] D:\Documents\GitHub\portfolio.github.io\resume.html

[2025-07-23 13:12:25] [INFO] D:\Documents\GitHub\portfolio.github.io\.git\hooks

[2025-07-23 13:12:25] [INFO] D:\Documents\GitHub\portfolio.github.io\.git\info

[2025-07-23 13:12:25] [INFO] D:\Documents\GitHub\portfolio.github.io\.git\logs

[2025-07-23 13:12:25] [INFO] D:\Documents\GitHub\portfolio.github.io\.git\objects

[2025-07-23 13:12:25] [INFO] D:\Documents\GitHub\portfolio.github.io\.git\refs

[2025-07-23 13:12:25] [INFO] D:\Documents\GitHub\portfolio.github.io\.git\COMMIT_EDITMSG

[2025-07-23 13:12:25] [INFO] D:\Documents\GitHub\portfolio.github.io\.git\config

[2025-07-23 13:12:25] [INFO] D:\Documents\GitHub\portfolio.github.io\.git\description

[2025-07-23 13:12:25] [INFO] D:\Documents\GitHub\portfolio.github.io\.git\FETCH_HEAD

[2025-07-23 13:12:25] [INFO] D:\Documents\GitHub\portfolio.github.io\.git\HEAD

[2025-07-23 13:12:25] [INFO] D:\Documents\GitHub\portfolio.github.io\.git\index

[2025-07-23 13:12:25] [INFO] D:\Documents\GitHub\portfolio.github.io\.git\ORIG_HEAD

[2025-07-23 13:12:25] [INFO] D:\Documents\GitHub\portfolio.github.io\.git\packed-refs

[2025-07-23 13:12:25] [INFO] D:\Documents\GitHub\portfolio.github.io\.git\hooks\applypatch-msg.sample

[2025-07-23 13:12:25] [INFO] D:\Documents\GitHub\portfolio.github.io\.git\hooks\commit-msg.sample

[2025-07-23 13:12:25] [INFO] D:\Documents\GitHub\portfolio.github.io\.git\hooks\fsmonitor-watchman.sample

[2025-07-23 13:12:25] [INFO] D:\Documents\GitHub\portfolio.github.io\.git\hooks\post-update.sample

[2025-07-23 13:12:25] [INFO] D:\Documents\GitHub\portfolio.github.io\.git\hooks\pre-applypatch.sample

[2025-07-23 13:12:25] [INFO] D:\Documents\GitHub\portfolio.github.io\.git\hooks\pre-commit.sample

[2025-07-23 13:12:25] [INFO] D:\Documents\GitHub\portfolio.github.io\.git\hooks\pre-merge-commit.sample

[2025-07-23 13:12:25] [INFO] D:\Documents\GitHub\portfolio.github.io\.git\hooks\pre-push.sample

[2025-07-23 13:12:25] [INFO] D:\Documents\GitHub\portfolio.github.io\.git\hooks\pre-rebase.sample

[2025-07-23 13:12:25] [INFO] D:\Documents\GitHub\portfolio.github.io\.git\hooks\pre-receive.sample

[2025-07-23 13:12:25] [INFO] D:\Documents\GitHub\portfolio.github.io\.git\hooks\prepare-commit-msg.sample

[2025-07-23 13:12:25] [INFO] D:\Documents\GitHub\portfolio.github.io\.git\hooks\push-to-checkout.sample

[2025-07-23 13:12:25] [INFO] D:\Documents\GitHub\portfolio.github.io\.git\hooks\sendemail-validate.sample

[2025-07-23 13:12:25] [INFO] D:\Documents\GitHub\portfolio.github.io\.git\hooks\update.sample

[2025-07-23 13:12:25] [INFO] D:\Documents\GitHub\portfolio.github.io\.git\info\exclude

[2025-07-23 13:12:25] [INFO] D:\Documents\GitHub\portfolio.github.io\.git\logs\refs

[2025-07-23 13:12:25] [INFO] D:\Documents\GitHub\portfolio.github.io\.git\logs\HEAD

[2025-07-23 13:12:25] [INFO] D:\Documents\GitHub\portfolio.github.io\.git\logs\refs\heads

[2025-07-23 13:12:25] [INFO] D:\Documents\GitHub\portfolio.github.io\.git\logs\refs\remotes

[2025-07-23 13:12:25] [INFO] D:\Documents\GitHub\portfolio.github.io\.git\logs\refs\heads\main

[2025-07-23 13:12:25] [INFO] D:\Documents\GitHub\portfolio.github.io\.git\logs\refs\remotes\origin

[2025-07-23 13:12:25] [INFO] D:\Documents\GitHub\portfolio.github.io\.git\logs\refs\remotes\origin\HEAD

[2025-07-23 13:12:25] [INFO] D:\Documents\GitHub\portfolio.github.io\.git\logs\refs\remotes\origin\main

[2025-07-23 13:12:25] [INFO] D:\Documents\GitHub\portfolio.github.io\.git\objects\00

[2025-07-23 13:12:25] [INFO] D:\Documents\GitHub\portfolio.github.io\.git\objects\01

[2025-07-23 13:12:25] [INFO] D:\Documents\GitHub\portfolio.github.io\.git\objects\02

[2025-07-23 13:12:25] [INFO] D:\Documents\GitHub\portfolio.github.io\.git\objects\03

[2025-07-23 13:12:25] [INFO] D:\Documents\GitHub\portfolio.github.io\.git\objects\04

[2025-07-23 13:12:25] [INFO] D:\Documents\GitHub\portfolio.github.io\.git\objects\05

[2025-07-23 13:12:25] [INFO] D:\Documents\GitHub\portfolio.github.io\.git\objects\06

[2025-07-23 13:12:25] [INFO] D:\Documents\GitHub\portfolio.github.io\.git\objects\07

[2025-07-23 13:12:25] [INFO] D:\Documents\GitHub\portfolio.github.io\.git\objects\08

[2025-07-23 13:12:25] [INFO] D:\Documents\GitHub\portfolio.github.io\.git\objects\09

[2025-07-23 13:12:25] [INFO] D:\Documents\GitHub\portfolio.github.io\.git\objects\0a

[2025-07-23 13:12:25] [INFO] D:\Documents\GitHub\portfolio.github.io\.git\objects\0b

[2025-07-23 13:12:25] [INFO] D:\Documents\GitHub\portfolio.github.io\.git\objects\0c

[2025-07-23 13:12:25] [INFO] D:\Documents\GitHub\portfolio.github.io\.git\objects\0d

[2025-07-23 13:12:25] [INFO] D:\Documents\GitHub\portfolio.github.io\.git\objects\0e

[2025-07-23 13:12:25] [INFO] D:\Documents\GitHub\portfolio.github.io\.git\objects\0f

[2025-07-23 13:12:25] [INFO] D:\Documents\GitHub\portfolio.github.io\.git\objects\10

[2025-07-23 13:12:25] [INFO] D:\Documents\GitHub\portfolio.github.io\.git\objects\11

[2025-07-23 13:12:25] [INFO] D:\Documents\GitHub\portfolio.github.io\.git\objects\12

[2025-07-23 13:12:25] [INFO] D:\Documents\GitHub\portfolio.github.io\.git\objects\13

[2025-07-23 13:12:25] [INFO] D:\Documents\GitHub\portfolio.github.io\.git\objects\14

[2025-07-23 13:12:25] [INFO] D:\Documents\GitHub\portfolio.github.io\.git\objects\15

[2025-07-23 13:12:25] [INFO] D:\Documents\GitHub\portfolio.github.io\.git\objects\16

[2025-07-23 13:12:25] [INFO] D:\Documents\GitHub\portfolio.github.io\.git\objects\17

[2025-07-23 13:12:25] [INFO] D:\Documents\GitHub\portfolio.github.io\.git\objects\18

[2025-07-23 13:12:25] [INFO] D:\Documents\GitHub\portfolio.github.io\.git\objects\19

[2025-07-23 13:12:25] [INFO] D:\Documents\GitHub\portfolio.github.io\.git\objects\1a

[2025-07-23 13:12:25] [INFO] D:\Documents\GitHub\portfolio.github.io\.git\objects\1b

[2025-07-23 13:12:25] [INFO] D:\Documents\GitHub\portfolio.github.io\.git\objects\1c

[2025-07-23 13:12:25] [INFO] D:\Documents\GitHub\portfolio.github.io\.git\objects\1d

[2025-07-23 13:12:25] [INFO] D:\Documents\GitHub\portfolio.github.io\.git\objects\1e

[2025-07-23 13:12:25] [INFO] D:\Documents\GitHub\portfolio.github.io\.git\objects\1f

[2025-07-23 13:12:25] [INFO] D:\Documents\GitHub\portfolio.github.io\.git\objects\20

[2025-07-23 13:12:25] [INFO] D:\Documents\GitHub\portfolio.github.io\.git\objects\21

[2025-07-23 13:12:25] [INFO] D:\Documents\GitHub\portfolio.github.io\.git\objects\22

[2025-07-23 13:12:25] [INFO] D:\Documents\GitHub\portfolio.github.io\.git\objects\23

[2025-07-23 13:12:25] [INFO] D:\Documents\GitHub\portfolio.github.io\.git\objects\24

[2025-07-23 13:12:25] [INFO] D:\Documents\GitHub\portfolio.github.io\.git\objects\25

[2025-07-23 13:12:25] [INFO] D:\Documents\GitHub\portfolio.github.io\.git\objects\26

[2025-07-23 13:12:25] [INFO] D:\Documents\GitHub\portfolio.github.io\.git\objects\27

[2025-07-23 13:12:25] [INFO] D:\Documents\GitHub\portfolio.github.io\.git\objects\28

[2025-07-23 13:12:25] [INFO] D:\Documents\GitHub\portfolio.github.io\.git\objects\29

[2025-07-23 13:12:25] [INFO] D:\Documents\GitHub\portfolio.github.io\.git\objects\2a

[2025-07-23 13:12:25] [INFO] D:\Documents\GitHub\portfolio.github.io\.git\objects\2b

[2025-07-23 13:12:25] [INFO] D:\Documents\GitHub\portfolio.github.io\.git\objects\2c

[2025-07-23 13:12:25] [INFO] D:\Documents\GitHub\portfolio.github.io\.git\objects\2d

[2025-07-23 13:12:25] [INFO] D:\Documents\GitHub\portfolio.github.io\.git\objects\2e

[2025-07-23 13:12:25] [INFO] D:\Documents\GitHub\portfolio.github.io\.git\objects\2f

[2025-07-23 13:12:25] [INFO] D:\Documents\GitHub\portfolio.github.io\.git\objects\30

[2025-07-23 13:12:25] [INFO] D:\Documents\GitHub\portfolio.github.io\.git\objects\31

[2025-07-23 13:12:25] [INFO] D:\Documents\GitHub\portfolio.github.io\.git\objects\32

[2025-07-23 13:12:25] [INFO] D:\Documents\GitHub\portfolio.github.io\.git\objects\33

[2025-07-23 13:12:25] [INFO] D:\Documents\GitHub\portfolio.github.io\.git\objects\34

[2025-07-23 13:12:26] [INFO] D:\Documents\GitHub\portfolio.github.io\.git\objects\35

[2025-07-23 13:12:26] [INFO] D:\Documents\GitHub\portfolio.github.io\.git\objects\36

[2025-07-23 13:12:26] [INFO] D:\Documents\GitHub\portfolio.github.io\.git\objects\37

[2025-07-23 13:12:26] [INFO] D:\Documents\GitHub\portfolio.github.io\.git\objects\38

[2025-07-23 13:12:26] [INFO] D:\Documents\GitHub\portfolio.github.io\.git\objects\39

[2025-07-23 13:12:26] [INFO] D:\Documents\GitHub\portfolio.github.io\.git\objects\3a

[2025-07-23 13:12:26] [INFO] D:\Documents\GitHub\portfolio.github.io\.git\objects\3b

[2025-07-23 13:12:26] [INFO] D:\Documents\GitHub\portfolio.github.io\.git\objects\3c

[2025-07-23 13:12:26] [INFO] D:\Documents\GitHub\portfolio.github.io\.git\objects\3d

[2025-07-23 13:12:26] [INFO] D:\Documents\GitHub\portfolio.github.io\.git\objects\3e

[2025-07-23 13:12:26] [INFO] D:\Documents\GitHub\portfolio.github.io\.git\objects\3f

[2025-07-23 13:12:26] [INFO] D:\Documents\GitHub\portfolio.github.io\.git\objects\40

[2025-07-23 13:12:26] [INFO] D:\Documents\GitHub\portfolio.github.io\.git\objects\41

[2025-07-23 13:12:26] [INFO] D:\Documents\GitHub\portfolio.github.io\.git\objects\42

[2025-07-23 13:12:26] [INFO] D:\Documents\GitHub\portfolio.github.io\.git\objects\43

[2025-07-23 13:12:26] [INFO] D:\Documents\GitHub\portfolio.github.io\.git\objects\44

[2025-07-23 13:12:26] [INFO] D:\Documents\GitHub\portfolio.github.io\.git\objects\45

[2025-07-23 13:12:26] [INFO] D:\Documents\GitHub\portfolio.github.io\.git\objects\46

[2025-07-23 13:12:26] [INFO] D:\Documents\GitHub\portfolio.github.io\.git\objects\47

[2025-07-23 13:12:26] [INFO] D:\Documents\GitHub\portfolio.github.io\.git\objects\48

[2025-07-23 13:12:26] [INFO] D:\Documents\GitHub\portfolio.github.io\.git\objects\49

[2025-07-23 13:12:26] [INFO] D:\Documents\GitHub\portfolio.github.io\.git\objects\4a

[2025-07-23 13:12:26] [INFO] D:\Documents\GitHub\portfolio.github.io\.git\objects\4b

[2025-07-23 13:12:26] [INFO] D:\Documents\GitHub\portfolio.github.io\.git\objects\4c

[2025-07-23 13:12:26] [INFO] D:\Documents\GitHub\portfolio.github.io\.git\objects\4d

[2025-07-23 13:12:26] [INFO] D:\Documents\GitHub\portfolio.github.io\.git\objects\4e

[2025-07-23 13:12:26] [INFO] D:\Documents\GitHub\portfolio.github.io\.git\objects\4f

[2025-07-23 13:12:26] [INFO] D:\Documents\GitHub\portfolio.github.io\.git\objects\50

[2025-07-23 13:12:26] [INFO] D:\Documents\GitHub\portfolio.github.io\.git\objects\51

[2025-07-23 13:12:26] [INFO] D:\Documents\GitHub\portfolio.github.io\.git\objects\52

[2025-07-23 13:12:26] [INFO] D:\Documents\GitHub\portfolio.github.io\.git\objects\53

[2025-07-23 13:12:26] [INFO] D:\Documents\GitHub\portfolio.github.io\.git\objects\54

[2025-07-23 13:12:26] [INFO] D:\Documents\GitHub\portfolio.github.io\.git\objects\55

[2025-07-23 13:12:26] [INFO] D:\Documents\GitHub\portfolio.github.io\.git\objects\56

[2025-07-23 13:12:26] [INFO] D:\Documents\GitHub\portfolio.github.io\.git\objects\57

[2025-07-23 13:12:26] [INFO] D:\Documents\GitHub\portfolio.github.io\.git\objects\58

[2025-07-23 13:12:26] [INFO] D:\Documents\GitHub\portfolio.github.io\.git\objects\59

[2025-07-23 13:12:26] [INFO] D:\Documents\GitHub\portfolio.github.io\.git\objects\5a

[2025-07-23 13:12:26] [INFO] D:\Documents\GitHub\portfolio.github.io\.git\objects\5b

[2025-07-23 13:12:26] [INFO] D:\Documents\GitHub\portfolio.github.io\.git\objects\5c

[2025-07-23 13:12:26] [INFO] D:\Documents\GitHub\portfolio.github.io\.git\objects\5d

[2025-07-23 13:12:26] [INFO] D:\Documents\GitHub\portfolio.github.io\.git\objects\5e

[2025-07-23 13:12:26] [INFO] D:\Documents\GitHub\portfolio.github.io\.git\objects\5f

[2025-07-23 13:12:26] [INFO] D:\Documents\GitHub\portfolio.github.io\.git\objects\60

[2025-07-23 13:12:26] [INFO] D:\Documents\GitHub\portfolio.github.io\.git\objects\61

[2025-07-23 13:12:26] [INFO] D:\Documents\GitHub\portfolio.github.io\.git\objects\62

[2025-07-23 13:12:26] [INFO] D:\Documents\GitHub\portfolio.github.io\.git\objects\63

[2025-07-23 13:12:26] [INFO] D:\Documents\GitHub\portfolio.github.io\.git\objects\64

[2025-07-23 13:12:26] [INFO] D:\Documents\GitHub\portfolio.github.io\.git\objects\65

[2025-07-23 13:12:26] [INFO] D:\Documents\GitHub\portfolio.github.io\.git\objects\66

[2025-07-23 13:12:26] [INFO] D:\Documents\GitHub\portfolio.github.io\.git\objects\67

[2025-07-23 13:12:26] [INFO] D:\Documents\GitHub\portfolio.github.io\.git\objects\68

[2025-07-23 13:12:26] [INFO] D:\Documents\GitHub\portfolio.github.io\.git\objects\69

[2025-07-23 13:12:26] [INFO] D:\Documents\GitHub\portfolio.github.io\.git\objects\6a

[2025-07-23 13:12:26] [INFO] D:\Documents\GitHub\portfolio.github.io\.git\objects\6b

[2025-07-23 13:12:26] [INFO] D:\Documents\GitHub\portfolio.github.io\.git\objects\6c

[2025-07-23 13:12:26] [INFO] D:\Documents\GitHub\portfolio.github.io\.git\objects\6d

[2025-07-23 13:12:26] [INFO] D:\Documents\GitHub\portfolio.github.io\.git\objects\6e

[2025-07-23 13:12:26] [INFO] D:\Documents\GitHub\portfolio.github.io\.git\objects\6f

[2025-07-23 13:12:26] [INFO] D:\Documents\GitHub\portfolio.github.io\.git\objects\70

[2025-07-23 13:12:26] [INFO] D:\Documents\GitHub\portfolio.github.io\.git\objects\71

[2025-07-23 13:12:26] [INFO] D:\Documents\GitHub\portfolio.github.io\.git\objects\72

[2025-07-23 13:12:26] [INFO] D:\Documents\GitHub\portfolio.github.io\.git\objects\73

[2025-07-23 13:12:26] [INFO] D:\Documents\GitHub\portfolio.github.io\.git\objects\74

[2025-07-23 13:12:26] [INFO] D:\Documents\GitHub\portfolio.github.io\.git\objects\75

[2025-07-23 13:12:26] [INFO] D:\Documents\GitHub\portfolio.github.io\.git\objects\76

[2025-07-23 13:12:26] [INFO] D:\Documents\GitHub\portfolio.github.io\.git\objects\77

[2025-07-23 13:12:26] [INFO] D:\Documents\GitHub\portfolio.github.io\.git\objects\78

[2025-07-23 13:12:26] [INFO] D:\Documents\GitHub\portfolio.github.io\.git\objects\79

[2025-07-23 13:12:26] [INFO] D:\Documents\GitHub\portfolio.github.io\.git\objects\7a

[2025-07-23 13:12:26] [INFO] D:\Documents\GitHub\portfolio.github.io\.git\objects\7b

[2025-07-23 13:12:26] [INFO] D:\Documents\GitHub\portfolio.github.io\.git\objects\7c

[2025-07-23 13:12:26] [INFO] D:\Documents\GitHub\portfolio.github.io\.git\objects\7d

[2025-07-23 13:12:26] [INFO] D:\Documents\GitHub\portfolio.github.io\.git\objects\7e

[2025-07-23 13:12:26] [INFO] D:\Documents\GitHub\portfolio.github.io\.git\objects\7f

[2025-07-23 13:12:26] [INFO] D:\Documents\GitHub\portfolio.github.io\.git\objects\80

[2025-07-23 13:12:26] [INFO] D:\Documents\GitHub\portfolio.github.io\.git\objects\81

[2025-07-23 13:12:26] [INFO] D:\Documents\GitHub\portfolio.github.io\.git\objects\82

[2025-07-23 13:12:26] [INFO] D:\Documents\GitHub\portfolio.github.io\.git\objects\83

[2025-07-23 13:12:26] [INFO] D:\Documents\GitHub\portfolio.github.io\.git\objects\84

[2025-07-23 13:12:26] [INFO] D:\Documents\GitHub\portfolio.github.io\.git\objects\85

[2025-07-23 13:12:26] [INFO] D:\Documents\GitHub\portfolio.github.io\.git\objects\86

[2025-07-23 13:12:26] [INFO] D:\Documents\GitHub\portfolio.github.io\.git\objects\87

[2025-07-23 13:12:26] [INFO] D:\Documents\GitHub\portfolio.github.io\.git\objects\88

[2025-07-23 13:12:26] [INFO] D:\Documents\GitHub\portfolio.github.io\.git\objects\89

[2025-07-23 13:12:26] [INFO] D:\Documents\GitHub\portfolio.github.io\.git\objects\8a

[2025-07-23 13:12:26] [INFO] D:\Documents\GitHub\portfolio.github.io\.git\objects\8b

[2025-07-23 13:12:26] [INFO] D:\Documents\GitHub\portfolio.github.io\.git\objects\8c

[2025-07-23 13:12:26] [INFO] D:\Documents\GitHub\portfolio.github.io\.git\objects\8d

[2025-07-23 13:12:26] [INFO] D:\Documents\GitHub\portfolio.github.io\.git\objects\8e

[2025-07-23 13:12:26] [INFO] D:\Documents\GitHub\portfolio.github.io\.git\objects\8f

[2025-07-23 13:12:26] [INFO] D:\Documents\GitHub\portfolio.github.io\.git\objects\90

[2025-07-23 13:12:26] [INFO] D:\Documents\GitHub\portfolio.github.io\.git\objects\91

[2025-07-23 13:12:26] [INFO] D:\Documents\GitHub\portfolio.github.io\.git\objects\92

[2025-07-23 13:12:26] [INFO] D:\Documents\GitHub\portfolio.github.io\.git\objects\93

[2025-07-23 13:12:26] [INFO] D:\Documents\GitHub\portfolio.github.io\.git\objects\94

[2025-07-23 13:12:26] [INFO] D:\Documents\GitHub\portfolio.github.io\.git\objects\95

[2025-07-23 13:12:26] [INFO] D:\Documents\GitHub\portfolio.github.io\.git\objects\96

[2025-07-23 13:12:26] [INFO] D:\Documents\GitHub\portfolio.github.io\.git\objects\97

[2025-07-23 13:12:26] [INFO] D:\Documents\GitHub\portfolio.github.io\.git\objects\98

[2025-07-23 13:12:26] [INFO] D:\Documents\GitHub\portfolio.github.io\.git\objects\99

[2025-07-23 13:12:26] [INFO] D:\Documents\GitHub\portfolio.github.io\.git\objects\9a

[2025-07-23 13:12:26] [INFO] D:\Documents\GitHub\portfolio.github.io\.git\objects\9b

[2025-07-23 13:12:26] [INFO] D:\Documents\GitHub\portfolio.github.io\.git\objects\9c

[2025-07-23 13:12:26] [INFO] D:\Documents\GitHub\portfolio.github.io\.git\objects\9d

[2025-07-23 13:12:26] [INFO] D:\Documents\GitHub\portfolio.github.io\.git\objects\9e

[2025-07-23 13:12:26] [INFO] D:\Documents\GitHub\portfolio.github.io\.git\objects\9f

[2025-07-23 13:12:26] [INFO] D:\Documents\GitHub\portfolio.github.io\.git\objects\a0

[2025-07-23 13:12:26] [INFO] D:\Documents\GitHub\portfolio.github.io\.git\objects\a1

[2025-07-23 13:12:26] [INFO] D:\Documents\GitHub\portfolio.github.io\.git\objects\a2

[2025-07-23 13:12:26] [INFO] D:\Documents\GitHub\portfolio.github.io\.git\objects\a3

[2025-07-23 13:12:26] [INFO] D:\Documents\GitHub\portfolio.github.io\.git\objects\a4

[2025-07-23 13:12:26] [INFO] D:\Documents\GitHub\portfolio.github.io\.git\objects\a5

[2025-07-23 13:12:26] [INFO] D:\Documents\GitHub\portfolio.github.io\.git\objects\a6

[2025-07-23 13:12:26] [INFO] D:\Documents\GitHub\portfolio.github.io\.git\objects\a7

[2025-07-23 13:12:26] [INFO] D:\Documents\GitHub\portfolio.github.io\.git\objects\a8

[2025-07-23 13:12:26] [INFO] D:\Documents\GitHub\portfolio.github.io\.git\objects\a9

[2025-07-23 13:12:26] [INFO] D:\Documents\GitHub\portfolio.github.io\.git\objects\aa

[2025-07-23 13:12:26] [INFO] D:\Documents\GitHub\portfolio.github.io\.git\objects\ab

[2025-07-23 13:12:26] [INFO] D:\Documents\GitHub\portfolio.github.io\.git\objects\ac

[2025-07-23 13:12:26] [INFO] D:\Documents\GitHub\portfolio.github.io\.git\objects\ad

[2025-07-23 13:12:26] [INFO] D:\Documents\GitHub\portfolio.github.io\.git\objects\ae

[2025-07-23 13:12:26] [INFO] D:\Documents\GitHub\portfolio.github.io\.git\objects\af

[2025-07-23 13:12:26] [INFO] D:\Documents\GitHub\portfolio.github.io\.git\objects\b0

[2025-07-23 13:12:26] [INFO] D:\Documents\GitHub\portfolio.github.io\.git\objects\b1

[2025-07-23 13:12:26] [INFO] D:\Documents\GitHub\portfolio.github.io\.git\objects\b2

[2025-07-23 13:12:26] [INFO] D:\Documents\GitHub\portfolio.github.io\.git\objects\b3

[2025-07-23 13:12:26] [INFO] D:\Documents\GitHub\portfolio.github.io\.git\objects\b4

[2025-07-23 13:12:26] [INFO] D:\Documents\GitHub\portfolio.github.io\.git\objects\b5

[2025-07-23 13:12:26] [INFO] D:\Documents\GitHub\portfolio.github.io\.git\objects\b6

[2025-07-23 13:12:26] [INFO] D:\Documents\GitHub\portfolio.github.io\.git\objects\b7

[2025-07-23 13:12:26] [INFO] D:\Documents\GitHub\portfolio.github.io\.git\objects\b8

[2025-07-23 13:12:26] [INFO] D:\Documents\GitHub\portfolio.github.io\.git\objects\b9

[2025-07-23 13:12:26] [INFO] D:\Documents\GitHub\portfolio.github.io\.git\objects\ba

[2025-07-23 13:12:26] [INFO] D:\Documents\GitHub\portfolio.github.io\.git\objects\bb

[2025-07-23 13:12:26] [INFO] D:\Documents\GitHub\portfolio.github.io\.git\objects\bc

[2025-07-23 13:12:26] [INFO] D:\Documents\GitHub\portfolio.github.io\.git\objects\bd

[2025-07-23 13:12:26] [INFO] D:\Documents\GitHub\portfolio.github.io\.git\objects\be

[2025-07-23 13:12:26] [INFO] D:\Documents\GitHub\portfolio.github.io\.git\objects\bf

[2025-07-23 13:12:26] [INFO] D:\Documents\GitHub\portfolio.github.io\.git\objects\c0

[2025-07-23 13:12:26] [INFO] D:\Documents\GitHub\portfolio.github.io\.git\objects\c1

[2025-07-23 13:12:26] [INFO] D:\Documents\GitHub\portfolio.github.io\.git\objects\c2

[2025-07-23 13:12:26] [INFO] D:\Documents\GitHub\portfolio.github.io\.git\objects\c3

[2025-07-23 13:12:26] [INFO] D:\Documents\GitHub\portfolio.github.io\.git\objects\c4

[2025-07-23 13:12:26] [INFO] D:\Documents\GitHub\portfolio.github.io\.git\objects\c5

[2025-07-23 13:12:26] [INFO] D:\Documents\GitHub\portfolio.github.io\.git\objects\c6

[2025-07-23 13:12:26] [INFO] D:\Documents\GitHub\portfolio.github.io\.git\objects\c7

[2025-07-23 13:12:26] [INFO] D:\Documents\GitHub\portfolio.github.io\.git\objects\c8

[2025-07-23 13:12:26] [INFO] D:\Documents\GitHub\portfolio.github.io\.git\objects\c9

[2025-07-23 13:12:26] [INFO] D:\Documents\GitHub\portfolio.github.io\.git\objects\ca

[2025-07-23 13:12:26] [INFO] D:\Documents\GitHub\portfolio.github.io\.git\objects\cb

[2025-07-23 13:12:26] [INFO] D:\Documents\GitHub\portfolio.github.io\.git\objects\cc

[2025-07-23 13:12:26] [INFO] D:\Documents\GitHub\portfolio.github.io\.git\objects\cd

[2025-07-23 13:12:26] [INFO] D:\Documents\GitHub\portfolio.github.io\.git\objects\ce

[2025-07-23 13:12:26] [INFO] D:\Documents\GitHub\portfolio.github.io\.git\objects\cf

[2025-07-23 13:12:26] [INFO] D:\Documents\GitHub\portfolio.github.io\.git\objects\d0

[2025-07-23 13:12:26] [INFO] D:\Documents\GitHub\portfolio.github.io\.git\objects\d1

[2025-07-23 13:12:26] [INFO] D:\Documents\GitHub\portfolio.github.io\.git\objects\d2

[2025-07-23 13:12:26] [INFO] D:\Documents\GitHub\portfolio.github.io\.git\objects\d3

[2025-07-23 13:12:26] [INFO] D:\Documents\GitHub\portfolio.github.io\.git\objects\d4

[2025-07-23 13:12:26] [INFO] D:\Documents\GitHub\portfolio.github.io\.git\objects\d5

[2025-07-23 13:12:26] [INFO] D:\Documents\GitHub\portfolio.github.io\.git\objects\d6

[2025-07-23 13:12:26] [INFO] D:\Documents\GitHub\portfolio.github.io\.git\objects\d7

[2025-07-23 13:12:26] [INFO] D:\Documents\GitHub\portfolio.github.io\.git\objects\d8

[2025-07-23 13:12:26] [INFO] D:\Documents\GitHub\portfolio.github.io\.git\objects\d9

[2025-07-23 13:12:26] [INFO] D:\Documents\GitHub\portfolio.github.io\.git\objects\da

[2025-07-23 13:12:26] [INFO] D:\Documents\GitHub\portfolio.github.io\.git\objects\db

[2025-07-23 13:12:26] [INFO] D:\Documents\GitHub\portfolio.github.io\.git\objects\dc

[2025-07-23 13:12:26] [INFO] D:\Documents\GitHub\portfolio.github.io\.git\objects\dd

[2025-07-23 13:12:26] [INFO] D:\Documents\GitHub\portfolio.github.io\.git\objects\de

[2025-07-23 13:12:26] [INFO] D:\Documents\GitHub\portfolio.github.io\.git\objects\df

[2025-07-23 13:12:26] [INFO] D:\Documents\GitHub\portfolio.github.io\.git\objects\e0

[2025-07-23 13:12:26] [INFO] D:\Documents\GitHub\portfolio.github.io\.git\objects\e1

[2025-07-23 13:12:26] [INFO] D:\Documents\GitHub\portfolio.github.io\.git\objects\e2

[2025-07-23 13:12:26] [INFO] D:\Documents\GitHub\portfolio.github.io\.git\objects\e3

[2025-07-23 13:12:26] [INFO] D:\Documents\GitHub\portfolio.github.io\.git\objects\e4

[2025-07-23 13:12:26] [INFO] D:\Documents\GitHub\portfolio.github.io\.git\objects\e5

[2025-07-23 13:12:26] [INFO] D:\Documents\GitHub\portfolio.github.io\.git\objects\e6

[2025-07-23 13:12:26] [INFO] D:\Documents\GitHub\portfolio.github.io\.git\objects\e7

[2025-07-23 13:12:26] [INFO] D:\Documents\GitHub\portfolio.github.io\.git\objects\e8

[2025-07-23 13:12:26] [INFO] D:\Documents\GitHub\portfolio.github.io\.git\objects\e9

[2025-07-23 13:12:26] [INFO] D:\Documents\GitHub\portfolio.github.io\.git\objects\ea

[2025-07-23 13:12:26] [INFO] D:\Documents\GitHub\portfolio.github.io\.git\objects\eb

[2025-07-23 13:12:26] [INFO] D:\Documents\GitHub\portfolio.github.io\.git\objects\ec

[2025-07-23 13:12:26] [INFO] D:\Documents\GitHub\portfolio.github.io\.git\objects\ed

[2025-07-23 13:12:26] [INFO] D:\Documents\GitHub\portfolio.github.io\.git\objects\ee

[2025-07-23 13:12:26] [INFO] D:\Documents\GitHub\portfolio.github.io\.git\objects\ef

[2025-07-23 13:12:26] [INFO] D:\Documents\GitHub\portfolio.github.io\.git\objects\f0

[2025-07-23 13:12:26] [INFO] D:\Documents\GitHub\portfolio.github.io\.git\objects\f1

[2025-07-23 13:12:26] [INFO] D:\Documents\GitHub\portfolio.github.io\.git\objects\f2

[2025-07-23 13:12:26] [INFO] D:\Documents\GitHub\portfolio.github.io\.git\objects\f3

[2025-07-23 13:12:26] [INFO] D:\Documents\GitHub\portfolio.github.io\.git\objects\f4

[2025-07-23 13:12:26] [INFO] D:\Documents\GitHub\portfolio.github.io\.git\objects\f5

[2025-07-23 13:12:26] [INFO] D:\Documents\GitHub\portfolio.github.io\.git\objects\f6

[2025-07-23 13:12:26] [INFO] D:\Documents\GitHub\portfolio.github.io\.git\objects\f7

[2025-07-23 13:12:26] [INFO] D:\Documents\GitHub\portfolio.github.io\.git\objects\f8

[2025-07-23 13:12:26] [INFO] D:\Documents\GitHub\portfolio.github.io\.git\objects\f9

[2025-07-23 13:12:26] [INFO] D:\Documents\GitHub\portfolio.github.io\.git\objects\fa

[2025-07-23 13:12:26] [INFO] D:\Documents\GitHub\portfolio.github.io\.git\objects\fb

[2025-07-23 13:12:26] [INFO] D:\Documents\GitHub\portfolio.github.io\.git\objects\fc

[2025-07-23 13:12:26] [INFO] D:\Documents\GitHub\portfolio.github.io\.git\objects\fd

[2025-07-23 13:12:26] [INFO] D:\Documents\GitHub\portfolio.github.io\.git\objects\fe

[2025-07-23 13:12:26] [INFO] D:\Documents\GitHub\portfolio.github.io\.git\objects\ff

[2025-07-23 13:12:26] [INFO] D:\Documents\GitHub\portfolio.github.io\.git\objects\info

[2025-07-23 13:12:26] [INFO] D:\Documents\GitHub\portfolio.github.io\.git\objects\pack

[2025-07-23 13:12:26] [INFO] D:\Documents\GitHub\portfolio.github.io\.git\objects\00\251216c33ef826a477ac11ea1e6ceaa24ef336

[2025-07-23 13:12:26] [INFO] D:\Documents\GitHub\portfolio.github.io\.git\objects\00\b6dc5f10b283d2475727c4343dc1b5ec9ce95b

[2025-07-23 13:12:26] [INFO] D:\Documents\GitHub\portfolio.github.io\.git\objects\00\e63e589388720905422b6dc57ea207e9b92332

[2025-07-23 13:12:26] [INFO] D:\Documents\GitHub\portfolio.github.io\.git\objects\01\179f8eb3703449990142387a8b20ba127a43e6

[2025-07-23 13:12:26] [INFO] D:\Documents\GitHub\portfolio.github.io\.git\objects\01\3df138b8f160ccfa47dc9c935dab98d90bd860

[2025-07-23 13:12:26] [INFO] D:\Documents\GitHub\portfolio.github.io\.git\objects\01\3f2c508f395e918ed1ba3e199e24622051fbe9

[2025-07-23 13:12:26] [INFO] D:\Documents\GitHub\portfolio.github.io\.git\objects\01\401b006190b9c3ceb6a9af9a962636c34f8150

[2025-07-23 13:12:26] [INFO] D:\Documents\GitHub\portfolio.github.io\.git\objects\01\744d3f57dcf11c563c31b21b741d675ac3ca7e

[2025-07-23 13:12:26] [INFO] D:\Documents\GitHub\portfolio.github.io\.git\objects\01\aa5c8df18faeb5e2df965c461b0110afa96566

[2025-07-23 13:12:26] [INFO] D:\Documents\GitHub\portfolio.github.io\.git\objects\01\bb955e162c7787a609ff9693c997b57e5496a6

[2025-07-23 13:12:26] [INFO] D:\Documents\GitHub\portfolio.github.io\.git\objects\02\00e9b82dc7519a0e17858a5b4d23a6c6b90056

[2025-07-23 13:12:26] [INFO] D:\Documents\GitHub\portfolio.github.io\.git\objects\02\30644b817e3cd9212dac3b8545c1a41b229448

[2025-07-23 13:12:26] [INFO] D:\Documents\GitHub\portfolio.github.io\.git\objects\02\67fbfc5e207a3b40994c0fef5f91a3b858108b

[2025-07-23 13:12:26] [INFO] D:\Documents\GitHub\portfolio.github.io\.git\objects\02\779bc7f56e4a423729ac87228c7ed7e853f7bb

[2025-07-23 13:12:26] [INFO] D:\Documents\GitHub\portfolio.github.io\.git\objects\02\d9e5e0f2e21edb53eb751e813e86689483d6af

[2025-07-23 13:12:26] [INFO] D:\Documents\GitHub\portfolio.github.io\.git\objects\02\e860def9519946103ffd2a77624cbedf56f9bb

[2025-07-23 13:12:26] [INFO] D:\Documents\GitHub\portfolio.github.io\.git\objects\03\3138f585215d70a5c9fd008652c1b3a5591aa5

[2025-07-23 13:12:27] [INFO] D:\Documents\GitHub\portfolio.github.io\.git\objects\03\5c0ecf26bc5d196b8bd4030845269bf0ee4e96

[2025-07-23 13:12:27] [INFO] D:\Documents\GitHub\portfolio.github.io\.git\objects\03\86a9661087c553a53db44fc62a050fb4a2138b

[2025-07-23 13:12:27] [INFO] D:\Documents\GitHub\portfolio.github.io\.git\objects\03\a6328ba0f8bad701666fcb859e57f8535ac2dd

[2025-07-23 13:12:27] [INFO] D:\Documents\GitHub\portfolio.github.io\.git\objects\03\b0288fa02bd4e34b9ff7eeca7e087dcc3a4f1c

[2025-07-23 13:12:27] [INFO] D:\Documents\GitHub\portfolio.github.io\.git\objects\04\541e68eb77516de5310ca1385ebb9792e06d99

[2025-07-23 13:12:27] [INFO] D:\Documents\GitHub\portfolio.github.io\.git\objects\04\6b165a923557f3269c85bd3a04d268d4298d91

[2025-07-23 13:12:27] [INFO] D:\Documents\GitHub\portfolio.github.io\.git\objects\04\93852cc8625f3b78c4bed1976f33bfbbb67c06

[2025-07-23 13:12:27] [INFO] D:\Documents\GitHub\portfolio.github.io\.git\objects\04\97e94cb7c84ed7c1f0525cdde49a6e084be20b

[2025-07-23 13:12:27] [INFO] D:\Documents\GitHub\portfolio.github.io\.git\objects\04\a69d5bce10b8bff1507f85c88cd3e7757e1f30

[2025-07-23 13:12:27] [INFO] D:\Documents\GitHub\portfolio.github.io\.git\objects\04\b18db74c9f6f34aca546fde8c5fe476f7c7438

[2025-07-23 13:12:27] [INFO] D:\Documents\GitHub\portfolio.github.io\.git\objects\04\c1ad34da7bcf30f612aa877e95ce49c2ac6cec

[2025-07-23 13:12:27] [INFO] D:\Documents\GitHub\portfolio.github.io\.git\objects\04\c44fd92d041c7a32f226c74b7ef9f8bc8942a4

[2025-07-23 13:12:27] [INFO] D:\Documents\GitHub\portfolio.github.io\.git\objects\04\ef149b490d5543eaa17669910b5c63a723c473

[2025-07-23 13:12:27] [INFO] D:\Documents\GitHub\portfolio.github.io\.git\objects\04\f244785bb7e85f6ab2a4e6ac27b5c1be227f99

[2025-07-23 13:12:27] [INFO] D:\Documents\GitHub\portfolio.github.io\.git\objects\05\10217b9c7a3c100a4d465f3b5995b55a5cb1c5

[2025-07-23 13:12:27] [INFO] D:\Documents\GitHub\portfolio.github.io\.git\objects\05\410fafbb5b698b257f36d917d5745b2fd43b58

[2025-07-23 13:12:27] [INFO] D:\Documents\GitHub\portfolio.github.io\.git\objects\05\4357722fc7b10b53cdb41a62c0a3156799a0d4

[2025-07-23 13:12:27] [INFO] D:\Documents\GitHub\portfolio.github.io\.git\objects\05\86656b7f9bb4ed29a037b2b707b1b913121384

[2025-07-23 13:12:27] [INFO] D:\Documents\GitHub\portfolio.github.io\.git\objects\05\8d94d4e52bdc65c1556fa7ea12dea5251dfea7

[2025-07-23 13:12:27] [INFO] D:\Documents\GitHub\portfolio.github.io\.git\objects\05\a89df6a21d76461e062257b5e1a193a35c8b8a

[2025-07-23 13:12:27] [INFO] D:\Documents\GitHub\portfolio.github.io\.git\objects\05\b0387ce53a76a47ffe33737d50820dded9890e

[2025-07-23 13:12:27] [INFO] D:\Documents\GitHub\portfolio.github.io\.git\objects\05\cd27136231c446ce94fbb499c8cc42bad85929

[2025-07-23 13:12:27] [INFO] D:\Documents\GitHub\portfolio.github.io\.git\objects\05\eb7c4dfcc6731c50713e8f66839df13fb7e832

[2025-07-23 13:12:27] [INFO] D:\Documents\GitHub\portfolio.github.io\.git\objects\06\15cb873bb3ff723928645bb46bd55b0c1ca0be

[2025-07-23 13:12:27] [INFO] D:\Documents\GitHub\portfolio.github.io\.git\objects\06\1ce68f45a7c77274236281aae4b07b1cae2d63

[2025-07-23 13:12:27] [INFO] D:\Documents\GitHub\portfolio.github.io\.git\objects\06\260947a2cddf02a79531017cef2b8031b440e8

[2025-07-23 13:12:27] [INFO] D:\Documents\GitHub\portfolio.github.io\.git\objects\06\2c159c3258ec3b66ade8f137bc8b0b8886b0b2

[2025-07-23 13:12:27] [INFO] D:\Documents\GitHub\portfolio.github.io\.git\objects\06\464241020e7cac6a142688b561429a0c65bc83

[2025-07-23 13:12:27] [INFO] D:\Documents\GitHub\portfolio.github.io\.git\objects\06\4aa4c7bc3c735db123542759b8855e7e8a0d09

[2025-07-23 13:12:27] [INFO] D:\Documents\GitHub\portfolio.github.io\.git\objects\06\6b79ed08de2c01a9367a83895251ec11abb27c

[2025-07-23 13:12:27] [INFO] D:\Documents\GitHub\portfolio.github.io\.git\objects\06\7de5cf7e17fddea0767968e6e83f146c05e65c

[2025-07-23 13:12:27] [INFO] D:\Documents\GitHub\portfolio.github.io\.git\objects\06\97401be9fa5b04703e8ad435711a02ebc26b20

[2025-07-23 13:12:27] [INFO] D:\Documents\GitHub\portfolio.github.io\.git\objects\06\a44c484e6107828defa0a486da8552fe5b59d3

[2025-07-23 13:12:27] [INFO] D:\Documents\GitHub\portfolio.github.io\.git\objects\06\a655b1ce8babdb1bfecc6cd7035e975b77f0a2

[2025-07-23 13:12:27] [INFO] D:\Documents\GitHub\portfolio.github.io\.git\objects\06\bcab2cd21175ff95a33680f6b7f4d91efd4797

[2025-07-23 13:12:27] [INFO] D:\Documents\GitHub\portfolio.github.io\.git\objects\06\e9e1608d17174fbdba286bbaa1a8c40d6f1035

[2025-07-23 13:12:27] [INFO] D:\Documents\GitHub\portfolio.github.io\.git\objects\07\04948be8d7ae372643a03a66d26eaeaded209f

[2025-07-23 13:12:27] [INFO] D:\Documents\GitHub\portfolio.github.io\.git\objects\07\1572eaf969795c544d64ea74bd0f2b3357d4f3

[2025-07-23 13:12:27] [INFO] D:\Documents\GitHub\portfolio.github.io\.git\objects\07\15ab7fb6cc3ff8223d4e642025878fb858d7f2

[2025-07-23 13:12:27] [INFO] D:\Documents\GitHub\portfolio.github.io\.git\objects\07\6657b3d059837edf4a608f357d1dd8cebaea39

[2025-07-23 13:12:27] [INFO] D:\Documents\GitHub\portfolio.github.io\.git\objects\07\8b10b29b6685a29bb27122165bed3c4b26fd63

[2025-07-23 13:12:27] [INFO] D:\Documents\GitHub\portfolio.github.io\.git\objects\07\927de02690e19ea97ccb2d2607c7502b084f27

[2025-07-23 13:12:27] [INFO] D:\Documents\GitHub\portfolio.github.io\.git\objects\07\fbd26f0e59e667ab2402fc301a03f23dd112f4

[2025-07-23 13:12:27] [INFO] D:\Documents\GitHub\portfolio.github.io\.git\objects\08\1dd338541d4190b5e1db7eab78aa52d70d9948

[2025-07-23 13:12:27] [INFO] D:\Documents\GitHub\portfolio.github.io\.git\objects\08\34727da080c657507f048b59944891fcc5a8fe

[2025-07-23 13:12:27] [INFO] D:\Documents\GitHub\portfolio.github.io\.git\objects\08\53d4f855185b3921ddada8cb799f570d8053e7

[2025-07-23 13:12:27] [INFO] D:\Documents\GitHub\portfolio.github.io\.git\objects\08\78b215fd70ae5ec8bdeee0fb12ecd659e4510a

[2025-07-23 13:12:27] [INFO] D:\Documents\GitHub\portfolio.github.io\.git\objects\08\8cce8b230a9836487ea3a2592f1b7eefd52f74

[2025-07-23 13:12:27] [INFO] D:\Documents\GitHub\portfolio.github.io\.git\objects\08\8e1b2daf6bd185b03831aa9fb866ba33343b9c

[2025-07-23 13:12:27] [INFO] D:\Documents\GitHub\portfolio.github.io\.git\objects\08\8ecfe8431609889237c09e6de8e94372a2925c

[2025-07-23 13:12:27] [INFO] D:\Documents\GitHub\portfolio.github.io\.git\objects\08\9031cd955817d48e86ac0e5a465514175aed41

[2025-07-23 13:12:27] [INFO] D:\Documents\GitHub\portfolio.github.io\.git\objects\08\921588ef8961156788bd057232e40fe2852496

[2025-07-23 13:12:27] [INFO] D:\Documents\GitHub\portfolio.github.io\.git\objects\08\9486976b8c43bdd8cbef0251a62e790309622a

[2025-07-23 13:12:27] [INFO] D:\Documents\GitHub\portfolio.github.io\.git\objects\08\e1dbaa6e1de23a9ff34e8bdaec276a34077b5a

[2025-07-23 13:12:27] [INFO] D:\Documents\GitHub\portfolio.github.io\.git\objects\09\449887ef8536f241882e22763b9377bdb51f33

[2025-07-23 13:12:27] [INFO] D:\Documents\GitHub\portfolio.github.io\.git\objects\09\9849f82474196357e588d28285a1adaa38117b

[2025-07-23 13:12:27] [INFO] D:\Documents\GitHub\portfolio.github.io\.git\objects\09\ab8c4c3440d5ece4a7693dfe145dfeaf0f05c6

[2025-07-23 13:12:27] [INFO] D:\Documents\GitHub\portfolio.github.io\.git\objects\09\e96b4bc7ec06d4c58b47320498b25ca09c1baa

[2025-07-23 13:12:27] [INFO] D:\Documents\GitHub\portfolio.github.io\.git\objects\09\f81d96d39d40fd206f92035500ad4540e0c897

[2025-07-23 13:12:27] [INFO] D:\Documents\GitHub\portfolio.github.io\.git\objects\0a\274d739df31dbc6f9cc88ff723e81ec4045e1d

[2025-07-23 13:12:27] [INFO] D:\Documents\GitHub\portfolio.github.io\.git\objects\0a\284a7dc08c100ddf18da14b7a8d5550238ecb2

[2025-07-23 13:12:27] [INFO] D:\Documents\GitHub\portfolio.github.io\.git\objects\0a\32a5816f6b2598a278d813ae5e79def8dcb406

[2025-07-23 13:12:27] [INFO] D:\Documents\GitHub\portfolio.github.io\.git\objects\0a\6aa095ee9948b8df37bf612d03717a731ac907

[2025-07-23 13:12:27] [INFO] D:\Documents\GitHub\portfolio.github.io\.git\objects\0a\7f93fefe7b7883efa1f2732b8d9cc5d2c6a3cc

[2025-07-23 13:12:27] [INFO] D:\Documents\GitHub\portfolio.github.io\.git\objects\0a\8926127c920023d4be0819a6746421af7eabaf

[2025-07-23 13:12:27] [INFO] D:\Documents\GitHub\portfolio.github.io\.git\objects\0a\d1162f252b58660c0f9bfbfceabe0140cdfed2

[2025-07-23 13:12:27] [INFO] D:\Documents\GitHub\portfolio.github.io\.git\objects\0a\e27e851ee13b6e80f82dcf3b03c0bf9320df1d

[2025-07-23 13:12:27] [INFO] D:\Documents\GitHub\portfolio.github.io\.git\objects\0a\ea8cba0b8454d70565001f88f88071e055126d

[2025-07-23 13:12:27] [INFO] D:\Documents\GitHub\portfolio.github.io\.git\objects\0a\fee8a8c23dfcba3ca0a2d8210b479eeee06197

[2025-07-23 13:12:27] [INFO] D:\Documents\GitHub\portfolio.github.io\.git\objects\0b\5e2b0c656c88284a6f89f1bcc1f0722c594a82

[2025-07-23 13:12:27] [INFO] D:\Documents\GitHub\portfolio.github.io\.git\objects\0b\bb4d16141db7f43113edf39da74fe41662c254

[2025-07-23 13:12:27] [INFO] D:\Documents\GitHub\portfolio.github.io\.git\objects\0b\dd2e463ea50740df5eb91bea20583065c0fec2

[2025-07-23 13:12:27] [INFO] D:\Documents\GitHub\portfolio.github.io\.git\objects\0c\08e65358440bb54ec2317d3f10cb8a5aabebdd

[2025-07-23 13:12:27] [INFO] D:\Documents\GitHub\portfolio.github.io\.git\objects\0c\13abc19f30e50c360be142cfac60456ea789b4

[2025-07-23 13:12:27] [INFO] D:\Documents\GitHub\portfolio.github.io\.git\objects\0c\290e5c841306d9744dedbc87265f67147c1b6f

[2025-07-23 13:12:27] [INFO] D:\Documents\GitHub\portfolio.github.io\.git\objects\0c\2dae26190ab967a297efa6a5ba9de4f1178d0d

[2025-07-23 13:12:27] [INFO] D:\Documents\GitHub\portfolio.github.io\.git\objects\0c\36935273bdd9871f495d457f83d84632d0d2c0

[2025-07-23 13:12:27] [INFO] D:\Documents\GitHub\portfolio.github.io\.git\objects\0c\7a608d122a3bf1d5061e8d9a9d1c6ad31cca31

[2025-07-23 13:12:27] [INFO] D:\Documents\GitHub\portfolio.github.io\.git\objects\0c\8fa43117250237825edd89840abf2728e102f0

[2025-07-23 13:12:27] [INFO] D:\Documents\GitHub\portfolio.github.io\.git\objects\0c\96781fe663f5d06dd388ffaef353a8e1a3d650

[2025-07-23 13:12:27] [INFO] D:\Documents\GitHub\portfolio.github.io\.git\objects\0c\c1bf33ffff13b137033b3e3f73a4d65103b7a8

[2025-07-23 13:12:27] [INFO] D:\Documents\GitHub\portfolio.github.io\.git\objects\0c\ce68378074990db5fab34fd486e229d4c36c8f

[2025-07-23 13:12:27] [INFO] D:\Documents\GitHub\portfolio.github.io\.git\objects\0d\0215f3227167570973c1338d562bd1d5f8ad3f

[2025-07-23 13:12:27] [INFO] D:\Documents\GitHub\portfolio.github.io\.git\objects\0d\34b76941982eeeaabf061c2237504882a1d61d

[2025-07-23 13:12:27] [INFO] D:\Documents\GitHub\portfolio.github.io\.git\objects\0d\47522f10a94c735f60485c5c6b9184e6ffeaa9

[2025-07-23 13:12:27] [INFO] D:\Documents\GitHub\portfolio.github.io\.git\objects\0d\72728ce9eda88313d71a2d3b01144d10354344

[2025-07-23 13:12:27] [INFO] D:\Documents\GitHub\portfolio.github.io\.git\objects\0d\981004c530e04504050f4f14f90b4b0153d730

[2025-07-23 13:12:27] [INFO] D:\Documents\GitHub\portfolio.github.io\.git\objects\0d\bb8a709bd07a712a3927b66fbd0a68a134e572

[2025-07-23 13:12:27] [INFO] D:\Documents\GitHub\portfolio.github.io\.git\objects\0d\e2882e40f6085506b54e3bd92435c6dbaca58b

[2025-07-23 13:12:27] [INFO] D:\Documents\GitHub\portfolio.github.io\.git\objects\0e\19c062c17e32d6ef757d4716aec4bb09be1932

[2025-07-23 13:12:27] [INFO] D:\Documents\GitHub\portfolio.github.io\.git\objects\0e\2907219dbe3680bebcc7c70cd8731d13c9ef9f

[2025-07-23 13:12:27] [INFO] D:\Documents\GitHub\portfolio.github.io\.git\objects\0e\50eca85e282a8af32c83b3ea1ca1a2eceacc8d

[2025-07-23 13:12:27] [INFO] D:\Documents\GitHub\portfolio.github.io\.git\objects\0e\55b26aa104a2e828b98b1d530ab1e6dc2d003a

[2025-07-23 13:12:27] [INFO] D:\Documents\GitHub\portfolio.github.io\.git\objects\0e\7d71a8925094c94d3cb9781dd0c39d2b6bb719

[2025-07-23 13:12:27] [INFO] D:\Documents\GitHub\portfolio.github.io\.git\objects\0e\911ef6d5b57b7ad019ad432abef1571e4b57a1

[2025-07-23 13:12:27] [INFO] D:\Documents\GitHub\portfolio.github.io\.git\objects\0e\947e59a986e343b493d976c1ceaf9f248b9182

[2025-07-23 13:12:27] [INFO] D:\Documents\GitHub\portfolio.github.io\.git\objects\0e\e413422de5b20b0660c1ebb6a191c776d0ccae

[2025-07-23 13:12:27] [INFO] D:\Documents\GitHub\portfolio.github.io\.git\objects\0f\2401e969457abc0a2e08304f99a5a4379e2733

[2025-07-23 13:12:27] [INFO] D:\Documents\GitHub\portfolio.github.io\.git\objects\0f\4007c6f72f43c9d9d2fe1bbceca054e0a54618

[2025-07-23 13:12:27] [INFO] D:\Documents\GitHub\portfolio.github.io\.git\objects\0f\7d751fc910dc9efff53d1563fab7716819c5a7

[2025-07-23 13:12:27] [INFO] D:\Documents\GitHub\portfolio.github.io\.git\objects\0f\850fe2a08df9db40ea26c8570c20dcb4a7ae49

[2025-07-23 13:12:27] [INFO] D:\Documents\GitHub\portfolio.github.io\.git\objects\0f\8edee999134828979fafdd96faf6b8bb6246ed

[2025-07-23 13:12:27] [INFO] D:\Documents\GitHub\portfolio.github.io\.git\objects\0f\8eed648d4566bb14a6b9688bd4762aa6c6175a

[2025-07-23 13:12:27] [INFO] D:\Documents\GitHub\portfolio.github.io\.git\objects\0f\a605cb830e0bae3be8303e277fde04068eea18

[2025-07-23 13:12:27] [INFO] D:\Documents\GitHub\portfolio.github.io\.git\objects\0f\b696a1d6233f1b6e8496680bb7108b2b37ec05

[2025-07-23 13:12:27] [INFO] D:\Documents\GitHub\portfolio.github.io\.git\objects\0f\c916e7d3105a27f462114fb3c25f5753902256

[2025-07-23 13:12:27] [INFO] D:\Documents\GitHub\portfolio.github.io\.git\objects\0f\cb1bdf4b2ede1a7c69ba06232d401d4502c5d6

[2025-07-23 13:12:27] [INFO] D:\Documents\GitHub\portfolio.github.io\.git\objects\0f\e69ad762ed6416960b2f633f106c1fa3b15774

[2025-07-23 13:12:27] [INFO] D:\Documents\GitHub\portfolio.github.io\.git\objects\10\0616d3a2189c5beef278494a0b2ae5b3f59af3

[2025-07-23 13:12:27] [INFO] D:\Documents\GitHub\portfolio.github.io\.git\objects\10\4588b6f7683d4d203fb306b4e27f2720b35b21

[2025-07-23 13:12:27] [INFO] D:\Documents\GitHub\portfolio.github.io\.git\objects\10\5f59f81acf9f4b1eff467186b09501e4d5ab70

[2025-07-23 13:12:27] [INFO] D:\Documents\GitHub\portfolio.github.io\.git\objects\10\7e239583d6f289e29ec880862e31f89a85c184

[2025-07-23 13:12:27] [INFO] D:\Documents\GitHub\portfolio.github.io\.git\objects\10\88ac8ab21ed409f88c1b16b4cf996e2da4f7ab

[2025-07-23 13:12:27] [INFO] D:\Documents\GitHub\portfolio.github.io\.git\objects\10\95c6876bfd497741456c20bd7ea31b3caf2ac8

[2025-07-23 13:12:27] [INFO] D:\Documents\GitHub\portfolio.github.io\.git\objects\10\ad3fcb31a84ac003d3a93c2fd22fc174c518bc

[2025-07-23 13:12:27] [INFO] D:\Documents\GitHub\portfolio.github.io\.git\objects\10\be9402579dc38efa8bc869fdb541beb5f6f7e9

[2025-07-23 13:12:27] [INFO] D:\Documents\GitHub\portfolio.github.io\.git\objects\10\c2ef9542e91b02f4ccb471653fd2af06006d65

[2025-07-23 13:12:27] [INFO] D:\Documents\GitHub\portfolio.github.io\.git\objects\10\d3235472c2af3816262a604e1e5e7a282f9974

[2025-07-23 13:12:27] [INFO] D:\Documents\GitHub\portfolio.github.io\.git\objects\11\0e1d372617960bf8cff142db19be8a31f24513

[2025-07-23 13:12:27] [INFO] D:\Documents\GitHub\portfolio.github.io\.git\objects\11\19f17c739f0002c4549c435773e999ef929f00

[2025-07-23 13:12:27] [INFO] D:\Documents\GitHub\portfolio.github.io\.git\objects\11\3d8f185c91abb1ec2526092ff8e85b1b6a411a

[2025-07-23 13:12:27] [INFO] D:\Documents\GitHub\portfolio.github.io\.git\objects\11\3fe9443a8c837a51052d0d6b80aacf80a35733

[2025-07-23 13:12:27] [INFO] D:\Documents\GitHub\portfolio.github.io\.git\objects\11\5745c074a7760a0ca19bd6a279ded880f830a6

[2025-07-23 13:12:27] [INFO] D:\Documents\GitHub\portfolio.github.io\.git\objects\11\5a4257f57e8addb5c24c941878c8f3d6a7672c

[2025-07-23 13:12:27] [INFO] D:\Documents\GitHub\portfolio.github.io\.git\objects\11\644318d5c58ef6c1846d7c60e43b0149090550

[2025-07-23 13:12:27] [INFO] D:\Documents\GitHub\portfolio.github.io\.git\objects\11\940dfb8fc843118ca1a7ddfd091a8cfaea408f

[2025-07-23 13:12:27] [INFO] D:\Documents\GitHub\portfolio.github.io\.git\objects\11\a117a5679ce265cecd66056c7b2de5787a382c

[2025-07-23 13:12:27] [INFO] D:\Documents\GitHub\portfolio.github.io\.git\objects\11\aaef5e0bf041ee34e52441d649acdf6e81aed5

[2025-07-23 13:12:27] [INFO] D:\Documents\GitHub\portfolio.github.io\.git\objects\11\b6e0c7270c855351b9a5fddeab64f34e4318c1

[2025-07-23 13:12:27] [INFO] D:\Documents\GitHub\portfolio.github.io\.git\objects\11\c4f98a091c5cca107ee3114969b14e08c9437e

[2025-07-23 13:12:27] [INFO] D:\Documents\GitHub\portfolio.github.io\.git\objects\11\f392f524b9b753a75b3291fb2261c52e25e498

[2025-07-23 13:12:27] [INFO] D:\Documents\GitHub\portfolio.github.io\.git\objects\11\f6dd625d652c6520efaa20e173ce58d1a2bb32

[2025-07-23 13:12:27] [INFO] D:\Documents\GitHub\portfolio.github.io\.git\objects\12\0694059030f8122489fe6f4b84da7edcc3bb6a

[2025-07-23 13:12:27] [INFO] D:\Documents\GitHub\portfolio.github.io\.git\objects\12\0a49493ce849161ce8300a845be4374bcffc37

[2025-07-23 13:12:27] [INFO] D:\Documents\GitHub\portfolio.github.io\.git\objects\12\114f1964d29f3ad007d6ff80c46ffc314eaea7

[2025-07-23 13:12:27] [INFO] D:\Documents\GitHub\portfolio.github.io\.git\objects\12\5be4fcd8abaabbe5b20c0094cf1fac1f3eadc7

[2025-07-23 13:12:27] [INFO] D:\Documents\GitHub\portfolio.github.io\.git\objects\12\5bf252aa0121cb3b004044184dadf2a8023787

[2025-07-23 13:12:27] [INFO] D:\Documents\GitHub\portfolio.github.io\.git\objects\12\7af34044faf3656d3c18844550a3e7b2bf21c5

[2025-07-23 13:12:27] [INFO] D:\Documents\GitHub\portfolio.github.io\.git\objects\12\8067134d476c603c2132fccdd3eecd5692a6fc

[2025-07-23 13:12:27] [INFO] D:\Documents\GitHub\portfolio.github.io\.git\objects\12\c44dc09450d4fa70780ece6a416009e405df39

[2025-07-23 13:12:27] [INFO] D:\Documents\GitHub\portfolio.github.io\.git\objects\12\f043d7f920a69b1fe596ec907db88ef1a3ae8a

[2025-07-23 13:12:27] [INFO] D:\Documents\GitHub\portfolio.github.io\.git\objects\12\fbbf669f82179d0e3ddca96b100c5a7ee97072

[2025-07-23 13:12:27] [INFO] D:\Documents\GitHub\portfolio.github.io\.git\objects\13\246d456ad3c36f28c7f32c77bdd8f143369313

[2025-07-23 13:12:27] [INFO] D:\Documents\GitHub\portfolio.github.io\.git\objects\13\2a71df32b1ecec755810779354bb6991058c4c

[2025-07-23 13:12:27] [INFO] D:\Documents\GitHub\portfolio.github.io\.git\objects\13\2ac8f25e907d1db7431ce6b19dee8df5cb966a

[2025-07-23 13:12:27] [INFO] D:\Documents\GitHub\portfolio.github.io\.git\objects\13\3ff596e5aa6f588c2347f6a8f13c12fac2750c

[2025-07-23 13:12:27] [INFO] D:\Documents\GitHub\portfolio.github.io\.git\objects\13\60a3b6b7b16fa10e94e11ac45b46ca0e62f26c

[2025-07-23 13:12:27] [INFO] D:\Documents\GitHub\portfolio.github.io\.git\objects\13\748dc1d770a06f43d87f5039698b67d0873067

[2025-07-23 13:12:27] [INFO] D:\Documents\GitHub\portfolio.github.io\.git\objects\13\75b9573d84fabed0698ee34971498edd1c785f

[2025-07-23 13:12:27] [INFO] D:\Documents\GitHub\portfolio.github.io\.git\objects\13\81cf798b6518d7c7f962823fae2193d8aeaa63

[2025-07-23 13:12:27] [INFO] D:\Documents\GitHub\portfolio.github.io\.git\objects\13\cf7eb4c27f7b0d6b53b73ab0925eff8704b19e

[2025-07-23 13:12:27] [INFO] D:\Documents\GitHub\portfolio.github.io\.git\objects\13\d4631ac2ceb79f4ad29b96095d8098bca40407

[2025-07-23 13:12:27] [INFO] D:\Documents\GitHub\portfolio.github.io\.git\objects\14\2754db7a6506d3dde024a56782ac3c773222d1

[2025-07-23 13:12:27] [INFO] D:\Documents\GitHub\portfolio.github.io\.git\objects\14\3c6951640445a802db1ff35b7cf24f71600db7

[2025-07-23 13:12:27] [INFO] D:\Documents\GitHub\portfolio.github.io\.git\objects\14\431bd7264f6869b49efc30afd2f17149ae0685

[2025-07-23 13:12:27] [INFO] D:\Documents\GitHub\portfolio.github.io\.git\objects\14\768a42597b6c2045f5d2fbdf3f5c43c5440cdf

[2025-07-23 13:12:27] [INFO] D:\Documents\GitHub\portfolio.github.io\.git\objects\14\8c3929694978557c73dd102d808ff64c33621f

[2025-07-23 13:12:27] [INFO] D:\Documents\GitHub\portfolio.github.io\.git\objects\14\94074cb4c0de826ed8119002fad2c73f46e26a

[2025-07-23 13:12:27] [INFO] D:\Documents\GitHub\portfolio.github.io\.git\objects\14\c9575b43b116c42be6096fb978db2406dfad85

[2025-07-23 13:12:27] [INFO] D:\Documents\GitHub\portfolio.github.io\.git\objects\15\01ed92e3897117ab9cbbdc70a0d367bf619a3e

[2025-07-23 13:12:27] [INFO] D:\Documents\GitHub\portfolio.github.io\.git\objects\15\035569d0eb63a9974447e0f7fd91a31c7d8d78

[2025-07-23 13:12:27] [INFO] D:\Documents\GitHub\portfolio.github.io\.git\objects\15\0e2f2eac4699e41220c87567fa3916d43e8194

[2025-07-23 13:12:27] [INFO] D:\Documents\GitHub\portfolio.github.io\.git\objects\15\10af2ca0bbedef71738dcdf0554e0053bd1237

[2025-07-23 13:12:27] [INFO] D:\Documents\GitHub\portfolio.github.io\.git\objects\15\6d140f3d195f9169f1bee951eecb773e4827c3

[2025-07-23 13:12:27] [INFO] D:\Documents\GitHub\portfolio.github.io\.git\objects\15\a2fffad3d3ca0bca0d16b70037cef6395a1909

[2025-07-23 13:12:27] [INFO] D:\Documents\GitHub\portfolio.github.io\.git\objects\15\af3f59ad577f0f358ec7d9a4095d5828549286

[2025-07-23 13:12:27] [INFO] D:\Documents\GitHub\portfolio.github.io\.git\objects\16\35df2b82614cfd4ca1c873a3253df7071ae2d0

[2025-07-23 13:12:27] [INFO] D:\Documents\GitHub\portfolio.github.io\.git\objects\16\3a7b3b3a9a98b6dd13bf98cbd3da6c9dfd1525

[2025-07-23 13:12:27] [INFO] D:\Documents\GitHub\portfolio.github.io\.git\objects\16\6bd58396790fa8ffd9617c0fddffea7d8486b4

[2025-07-23 13:12:27] [INFO] D:\Documents\GitHub\portfolio.github.io\.git\objects\16\7c5ddf1b11190630daa3c9c3acddc24308ef86

[2025-07-23 13:12:27] [INFO] D:\Documents\GitHub\portfolio.github.io\.git\objects\16\7d15c4f7d69a82cb276b22ea9c84fa7861a994

[2025-07-23 13:12:27] [INFO] D:\Documents\GitHub\portfolio.github.io\.git\objects\16\85963ee5a649ecc6b5532558a4adbd3ef3858f

[2025-07-23 13:12:27] [INFO] D:\Documents\GitHub\portfolio.github.io\.git\objects\16\bde7c190c5096a8ee24daa6c73f525385ec6bc

[2025-07-23 13:12:27] [INFO] D:\Documents\GitHub\portfolio.github.io\.git\objects\16\d9daf4ca807350402a1bdf8574a4d3ac6b03eb

[2025-07-23 13:12:27] [INFO] D:\Documents\GitHub\portfolio.github.io\.git\objects\17\21ba24f7a52950b42ffc4609ed93d71675c856

[2025-07-23 13:12:27] [INFO] D:\Documents\GitHub\portfolio.github.io\.git\objects\17\2f5e8a798d1ca58b53858e1666f40a715d81c8

[2025-07-23 13:12:27] [INFO] D:\Documents\GitHub\portfolio.github.io\.git\objects\17\3443e1898a9359ed765c469f770bed5af3b2f8

[2025-07-23 13:12:27] [INFO] D:\Documents\GitHub\portfolio.github.io\.git\objects\17\4a2b26fe8bf68b2153eecdc091315064c84cea

[2025-07-23 13:12:27] [INFO] D:\Documents\GitHub\portfolio.github.io\.git\objects\17\4c8e9ee897a93aa6cd3ea1c977cafdb79d3f03

[2025-07-23 13:12:27] [INFO] D:\Documents\GitHub\portfolio.github.io\.git\objects\17\60a0012f3f0a69db32d634c431fa023347cced

[2025-07-23 13:12:27] [INFO] D:\Documents\GitHub\portfolio.github.io\.git\objects\17\68e5a47ad42d80e0329f456e475014408999c7

[2025-07-23 13:12:27] [INFO] D:\Documents\GitHub\portfolio.github.io\.git\objects\17\89bc661df56e545e9d71e71a12ca5d0a140501

[2025-07-23 13:12:27] [INFO] D:\Documents\GitHub\portfolio.github.io\.git\objects\17\ce65cf2f203d4ab39f6bab1f4d45c550bbfb90

[2025-07-23 13:12:27] [INFO] D:\Documents\GitHub\portfolio.github.io\.git\objects\18\11fbe02648d81e085fbf2c402ea2b3bde950f5

[2025-07-23 13:12:27] [INFO] D:\Documents\GitHub\portfolio.github.io\.git\objects\18\6604cf7d957ba47b87127f7f3de6f0dabc1354

[2025-07-23 13:12:27] [INFO] D:\Documents\GitHub\portfolio.github.io\.git\objects\18\6d37e4a03e8e51874b12d8998e33031975bf3d

[2025-07-23 13:12:27] [INFO] D:\Documents\GitHub\portfolio.github.io\.git\objects\18\8abf9acea263796fe2a0757d47e0facdeda8c6

[2025-07-23 13:12:28] [INFO] D:\Documents\GitHub\portfolio.github.io\.git\objects\18\8d035f37f7367844cae359a88c9a9c90a6ef9d

[2025-07-23 13:12:28] [INFO] D:\Documents\GitHub\portfolio.github.io\.git\objects\18\b4fac92d7b60e84f531ee98480ecce6f582d26

[2025-07-23 13:12:28] [INFO] D:\Documents\GitHub\portfolio.github.io\.git\objects\18\bef363fd8a658fc4dea8809d0d516714252589

[2025-07-23 13:12:28] [INFO] D:\Documents\GitHub\portfolio.github.io\.git\objects\18\bf1b5a06067d6e6fbdf4b7d8f85a3b181f0942

[2025-07-23 13:12:28] [INFO] D:\Documents\GitHub\portfolio.github.io\.git\objects\19\3a5a6378393ca4e21177ce96c77868053b4981

[2025-07-23 13:12:28] [INFO] D:\Documents\GitHub\portfolio.github.io\.git\objects\19\537b8b3234e8d53301d5776bc2931f70047444

[2025-07-23 13:12:28] [INFO] D:\Documents\GitHub\portfolio.github.io\.git\objects\19\7414d1a33e1d490e9d506e77c01d624513d350

[2025-07-23 13:12:28] [INFO] D:\Documents\GitHub\portfolio.github.io\.git\objects\19\7aea9d9e4eb1f9aabf89db6b0b3166a721b0bd

[2025-07-23 13:12:28] [INFO] D:\Documents\GitHub\portfolio.github.io\.git\objects\19\b5a7c0f7f51075b09e2aaf77669e8a8ad0a071

[2025-07-23 13:12:28] [INFO] D:\Documents\GitHub\portfolio.github.io\.git\objects\19\c16c63d95a4b88875029db3a6f28a5b96ffd97

[2025-07-23 13:12:28] [INFO] D:\Documents\GitHub\portfolio.github.io\.git\objects\19\c8bd82cfa081c9bd2050190d6d0a6cad610e12

[2025-07-23 13:12:28] [INFO] D:\Documents\GitHub\portfolio.github.io\.git\objects\1a\2f3be944d85da1614add27b74ade61611b1604

[2025-07-23 13:12:28] [INFO] D:\Documents\GitHub\portfolio.github.io\.git\objects\1a\7a9c7deec31ce0d3123f255de664fc947f58bb

[2025-07-23 13:12:28] [INFO] D:\Documents\GitHub\portfolio.github.io\.git\objects\1a\ae5133b9e58da9932805ec26c7fed0455ac6d6

[2025-07-23 13:12:28] [INFO] D:\Documents\GitHub\portfolio.github.io\.git\objects\1a\c39a541f7d7abe388f89825fa106b6bdc9c234

[2025-07-23 13:12:28] [INFO] D:\Documents\GitHub\portfolio.github.io\.git\objects\1a\f81019684a68946280da1b8fcc8c0a85b1e6ce

[2025-07-23 13:12:28] [INFO] D:\Documents\GitHub\portfolio.github.io\.git\objects\1b\046c9c62f8ece78915b1e8374100048cfced6d

[2025-07-23 13:12:28] [INFO] D:\Documents\GitHub\portfolio.github.io\.git\objects\1b\1b754250b7b5d8d794eabeb5aeed69f5aa6f5f

[2025-07-23 13:12:28] [INFO] D:\Documents\GitHub\portfolio.github.io\.git\objects\1b\3b88cd6689fe336310d481300b13668fb87e8b

[2025-07-23 13:12:28] [INFO] D:\Documents\GitHub\portfolio.github.io\.git\objects\1b\88c383ef62fdadedcb4ef373e4e3e27ea1dae2

[2025-07-23 13:12:28] [INFO] D:\Documents\GitHub\portfolio.github.io\.git\objects\1b\a2c911976cd171fcf27b26b131d4f61da9276e

[2025-07-23 13:12:28] [INFO] D:\Documents\GitHub\portfolio.github.io\.git\objects\1b\a7ca85b8e718050b5fab3629af867cff7dc05e

[2025-07-23 13:12:28] [INFO] D:\Documents\GitHub\portfolio.github.io\.git\objects\1b\c5160fe2e0a75b886bec51171cdb8b6275c109

[2025-07-23 13:12:28] [INFO] D:\Documents\GitHub\portfolio.github.io\.git\objects\1b\ee4a9752a3d2ddf0f810ae544224e585744fdf

[2025-07-23 13:12:28] [INFO] D:\Documents\GitHub\portfolio.github.io\.git\objects\1c\1685b8e0e0c04b01895133cc7f86cf8ad0953c

[2025-07-23 13:12:28] [INFO] D:\Documents\GitHub\portfolio.github.io\.git\objects\1c\206c8669442b83c3703eefe1d3146298fc756f

[2025-07-23 13:12:28] [INFO] D:\Documents\GitHub\portfolio.github.io\.git\objects\1c\6f7bb640d75a52aef03e7a92df87373d7e6f6f

[2025-07-23 13:12:28] [INFO] D:\Documents\GitHub\portfolio.github.io\.git\objects\1c\f2fc0ad96e98258e5b46ea420a1969a255f516

[2025-07-23 13:12:28] [INFO] D:\Documents\GitHub\portfolio.github.io\.git\objects\1d\060a20670e269e6a15e7fcfb9650b9873d7586

[2025-07-23 13:12:28] [INFO] D:\Documents\GitHub\portfolio.github.io\.git\objects\1d\0e661b62a336715a1e6dd820a1215bf62ad789

[2025-07-23 13:12:28] [INFO] D:\Documents\GitHub\portfolio.github.io\.git\objects\1d\0f8ac841b9d952d81f9dd9d5c3e8b14998d04f

[2025-07-23 13:12:28] [INFO] D:\Documents\GitHub\portfolio.github.io\.git\objects\1d\6257130c05bd6a90a2e8f4ac015267724152f6

[2025-07-23 13:12:28] [INFO] D:\Documents\GitHub\portfolio.github.io\.git\objects\1d\6bab10473f261907235e7944418f6a768077cf

[2025-07-23 13:12:28] [INFO] D:\Documents\GitHub\portfolio.github.io\.git\objects\1d\71e76b1928f895984b96ba26884a2f6f5da6f9

[2025-07-23 13:12:28] [INFO] D:\Documents\GitHub\portfolio.github.io\.git\objects\1d\b0f72f065f67d0358d555de30810afa9a30d3b

[2025-07-23 13:12:28] [INFO] D:\Documents\GitHub\portfolio.github.io\.git\objects\1d\b9ba66c4e15b25c342197e81c82d52b14b05d1

[2025-07-23 13:12:28] [INFO] D:\Documents\GitHub\portfolio.github.io\.git\objects\1d\c8391538952f7d1509eabf164c9d7c5f8df296

[2025-07-23 13:12:28] [INFO] D:\Documents\GitHub\portfolio.github.io\.git\objects\1d\d35eede4aff7f7c4b51cafdbfb737c9f956239

[2025-07-23 13:12:28] [INFO] D:\Documents\GitHub\portfolio.github.io\.git\objects\1d\eee6601ac04f7b335cfc8ab5abb50be8237220

[2025-07-23 13:12:28] [INFO] D:\Documents\GitHub\portfolio.github.io\.git\objects\1e\10417130c617e020616234f92a6b9940b20d1b

[2025-07-23 13:12:28] [INFO] D:\Documents\GitHub\portfolio.github.io\.git\objects\1e\617b78ce9aab9555eca198796e2ac124f9b61b

[2025-07-23 13:12:28] [INFO] D:\Documents\GitHub\portfolio.github.io\.git\objects\1e\93417b5be29d1af434b6e283579b7f0ef17e6c

[2025-07-23 13:12:28] [INFO] D:\Documents\GitHub\portfolio.github.io\.git\objects\1e\be67e7246f6248cc7761aa3b00681be85193e9

[2025-07-23 13:12:28] [INFO] D:\Documents\GitHub\portfolio.github.io\.git\objects\1e\c16e0db78c202a4b64d78c6056cb721046ba38

[2025-07-23 13:12:28] [INFO] D:\Documents\GitHub\portfolio.github.io\.git\objects\1e\c8838b127e8025fa6b901b8458ffa3add51b16

[2025-07-23 13:12:28] [INFO] D:\Documents\GitHub\portfolio.github.io\.git\objects\1e\cd6743f19d5a0d5f2b2168b705b995809950eb

[2025-07-23 13:12:28] [INFO] D:\Documents\GitHub\portfolio.github.io\.git\objects\1e\d3d16642c53d1489a689bdb9a29860dd963885

[2025-07-23 13:12:28] [INFO] D:\Documents\GitHub\portfolio.github.io\.git\objects\1e\e1e6c8288a07a037ea2f4ae6e2cce8d29f03ce

[2025-07-23 13:12:28] [INFO] D:\Documents\GitHub\portfolio.github.io\.git\objects\1f\144bec214fbe8176299dad665dd56744338b4b

