[2025-07-26 22:07:15] [INFO] Starting Mirror operation from D:\Documents\GoogleDriveSync to D:\Documents\Google Drive\GoogleDriveSync
[2025-07-26 22:07:15] [INFO] 
[2025-07-26 22:07:15] [INFO] -------------------------------------------------------------------------------
[2025-07-26 22:07:15] [INFO]    ROBOCOPY     ::     Robust File Copy for Windows                              
[2025-07-26 22:07:15] [INFO] -------------------------------------------------------------------------------
[2025-07-26 22:07:15] [INFO] 
[2025-07-26 22:07:15] [INFO]   Started : Saturday, 26 July 2025 10:07:15 pm
[2025-07-26 22:07:15] [INFO]    Source : D:\Documents\GoogleDriveSync\
[2025-07-26 22:07:15] [INFO]      Dest : D:\Documents\Google Drive\GoogleDriveSync\
[2025-07-26 22:07:15] [INFO] 
[2025-07-26 22:07:15] [INFO]     Files : *.*
[2025-07-26 22:07:15] [INFO] 	    
[2025-07-26 22:07:15] [INFO]   Options : *.* /NDL /NFL /TEE /S /E /DCOPY:DA /COPY:DAT /PURGE /MIR /Z /MT:1 /R:0 /W:0 
[2025-07-26 22:07:15] [INFO] 
[2025-07-26 22:07:15] [INFO] ------------------------------------------------------------------------------
[2025-07-26 22:07:16] [INFO] 
[2025-07-26 22:07:16] [INFO]   0%  
[2025-07-26 22:07:17] [INFO]   0%  
[2025-07-26 22:07:18] [INFO]   0%  
[2025-07-26 22:07:19] [INFO]   0%  
[2025-07-26 22:07:19] [INFO]   0%  
[2025-07-26 22:07:20] [INFO]   0%  
[2025-07-26 22:07:20] [INFO]   0%  
[2025-07-26 22:07:20] [INFO]   0%  
[2025-07-26 22:07:21] [INFO]   0%  
[2025-07-26 22:07:21] [INFO]   0%  
[2025-07-26 22:07:22] [INFO]   0%  
[2025-07-26 22:07:22] [INFO]   0%  
[2025-07-26 22:07:23] [INFO]   0%  
[2025-07-26 22:07:23] [INFO]   0%  
[2025-07-26 22:07:24] [INFO]   0%  
[2025-07-26 22:07:24] [INFO]   0%  
[2025-07-26 22:07:25] [INFO]   0%  
[2025-07-26 22:07:26] [INFO]   0%  
[2025-07-26 22:07:27] [INFO]   0%  
[2025-07-26 22:07:27] [INFO]   0%  
[2025-07-26 22:07:27] [INFO]   0%  
[2025-07-26 22:07:28] [INFO]   0%  
[2025-07-26 22:07:30] [INFO]   0%  
[2025-07-26 22:07:35] [INFO]   0%  
[2025-07-26 22:07:35] [INFO]   0%  
[2025-07-26 22:07:36] [INFO]   0%  
[2025-07-26 22:07:36] [INFO]   0%  
[2025-07-26 22:07:37] [INFO]   0%  
[2025-07-26 22:07:37] [INFO]   0%  
[2025-07-26 22:07:37] [INFO]   0%  
[2025-07-26 22:07:38] [INFO]   0%  
[2025-07-26 22:07:38] [INFO]   0%  
[2025-07-26 22:07:38] [INFO]   0%  
[2025-07-26 22:07:39] [INFO]   0%  
[2025-07-26 22:07:39] [INFO]   0%  
[2025-07-26 22:07:40] [INFO]   0%  
[2025-07-26 22:07:40] [INFO]   0%  
[2025-07-26 22:07:40] [INFO]   0%  
[2025-07-26 22:07:41] [INFO]   0%  
[2025-07-26 22:07:42] [INFO]   0%  
[2025-07-26 22:07:42] [INFO]   0%  
[2025-07-26 22:07:43] [INFO]   0%  
[2025-07-26 22:07:45] [INFO]   0%  
[2025-07-26 22:07:46] [INFO]   0%  
[2025-07-26 22:07:46] [INFO]   0%  
[2025-07-26 22:07:47] [INFO]   0%  
[2025-07-26 22:07:47] [INFO]   0%  
[2025-07-26 22:07:49] [INFO]   0%  
[2025-07-26 22:07:52] [INFO]   0%  
[2025-07-26 22:07:52] [INFO]   0%  
[2025-07-26 22:07:53] [INFO]   0%  
[2025-07-26 22:07:54] [INFO]   0%  
[2025-07-26 22:07:54] [INFO]   0%  
[2025-07-26 22:07:54] [INFO] 
[2025-07-26 22:07:54] [INFO] ------------------------------------------------------------------------------
[2025-07-26 22:07:54] [INFO] 
[2025-07-26 22:07:54] [INFO]                Total    Copied   Skipped  Mismatch    FAILED    Extras
[2025-07-26 22:07:54] [INFO]     Dirs :       132       132         0         0         0         0
[2025-07-26 22:07:54] [INFO]    Files :       206       206         0         0         0         0
[2025-07-26 22:07:54] [INFO]    Bytes :   2.349 g   2.349 g         0         0         0         0
[2025-07-26 22:07:54] [INFO]    Times :   0:01:17   0:00:19                       0:00:00   0:00:19
[2025-07-26 22:07:54] [INFO] 
[2025-07-26 22:07:54] [INFO] 
[2025-07-26 22:07:54] [INFO]    Speed :           130111354 Bytes/sec.
[2025-07-26 22:07:54] [INFO]    Speed :            7445.031 MegaBytes/min.
[2025-07-26 22:07:54] [INFO]    Ended : Saturday, 26 July 2025 10:07:54 pm
[2025-07-26 22:07:54] [INFO] 
[2025-07-26 22:07:54] [INFO] Mirror operation completed (Exit code: 1)
[2025-07-26 22:07:54] [INFO] Starting Mirror operation from D:\Documents\New folder to D:\Documents\Google Drive\New folder
[2025-07-26 22:07:54] [INFO] 
[2025-07-26 22:07:54] [INFO] -------------------------------------------------------------------------------
[2025-07-26 22:07:54] [INFO]    ROBOCOPY     ::     Robust File Copy for Windows                              
[2025-07-26 22:07:54] [INFO] -------------------------------------------------------------------------------
[2025-07-26 22:07:54] [INFO] 
[2025-07-26 22:07:54] [INFO]   Started : Saturday, 26 July 2025 10:07:54 pm
[2025-07-26 22:07:54] [INFO]    Source : D:\Documents\New folder\
[2025-07-26 22:07:54] [INFO]      Dest : D:\Documents\Google Drive\New folder\
[2025-07-26 22:07:54] [INFO] 
[2025-07-26 22:07:54] [INFO]     Files : *.*
[2025-07-26 22:07:54] [INFO] 	    
[2025-07-26 22:07:54] [INFO]   Options : *.* /NDL /NFL /TEE /S /E /DCOPY:DA /COPY:DAT /PURGE /MIR /Z /MT:1 /R:0 /W:0 
[2025-07-26 22:07:54] [INFO] 
[2025-07-26 22:07:54] [INFO] ------------------------------------------------------------------------------
[2025-07-26 22:07:54] [INFO] 
[2025-07-26 22:07:54] [INFO] 
[2025-07-26 22:07:54] [INFO] ------------------------------------------------------------------------------
[2025-07-26 22:07:54] [INFO] 
[2025-07-26 22:07:54] [INFO]                Total    Copied   Skipped  Mismatch    FAILED    Extras
[2025-07-26 22:07:55] [INFO]     Dirs :         1         1         0         0         0         0
[2025-07-26 22:07:55] [INFO]    Files :         0         0         0         0         0         0
[2025-07-26 22:07:55] [INFO]    Bytes :         0         0         0         0         0         0
[2025-07-26 22:07:55] [INFO]    Times :   0:00:00   0:00:00                       0:00:00   0:00:00
[2025-07-26 22:07:55] [INFO]    Ended : Saturday, 26 July 2025 10:07:54 pm
[2025-07-26 22:07:55] [INFO] 
[2025-07-26 22:07:55] [INFO] Mirror operation completed (Exit code: 0)
[2025-07-26 22:07:55] [INFO] Starting Mirror operation from D:\Documents\MegaSync to D:\Documents\Mega\MegaSync
[2025-07-26 22:07:55] [INFO] 
[2025-07-26 22:07:55] [INFO] -------------------------------------------------------------------------------
[2025-07-26 22:07:55] [INFO]    ROBOCOPY     ::     Robust File Copy for Windows                              
[2025-07-26 22:07:55] [INFO] -------------------------------------------------------------------------------
[2025-07-26 22:07:55] [INFO] 
[2025-07-26 22:07:55] [INFO]   Started : Saturday, 26 July 2025 10:07:55 pm
[2025-07-26 22:07:55] [INFO]    Source : D:\Documents\MegaSync\
[2025-07-26 22:07:55] [INFO]      Dest : D:\Documents\Mega\MegaSync\
[2025-07-26 22:07:55] [INFO] 
[2025-07-26 22:07:55] [INFO]     Files : *.*
[2025-07-26 22:07:55] [INFO] 	    
[2025-07-26 22:07:55] [INFO]   Options : *.* /NDL /NFL /TEE /S /E /DCOPY:DA /COPY:DAT /PURGE /MIR /Z /MT:1 /R:0 /W:0 
[2025-07-26 22:07:55] [INFO] 
[2025-07-26 22:07:55] [INFO] ------------------------------------------------------------------------------
[2025-07-26 22:07:55] [INFO] 
[2025-07-26 22:07:56] [INFO]   0%  
[2025-07-26 22:07:56] [INFO]   0%  
[2025-07-26 22:07:56] [INFO]   0%  
[2025-07-26 22:07:56] [INFO]   0%  
[2025-07-26 22:08:01] [INFO]   0%  
[2025-07-26 22:08:08] [INFO]   0%  
[2025-07-26 22:08:09] [INFO]   0%  
[2025-07-26 22:08:09] [INFO]   0%  
[2025-07-26 22:08:09] [INFO]   0%  
[2025-07-26 22:08:09] [INFO]   0%  
[2025-07-26 22:08:09] [INFO]   0%  
[2025-07-26 22:08:10] [INFO]   0%  
[2025-07-26 22:08:10] [INFO]   0%  
[2025-07-26 22:08:10] [INFO]   0%  
[2025-07-26 22:08:11] [INFO]   0%  
[2025-07-26 22:08:11] [INFO]   0%  
[2025-07-26 22:08:11] [INFO]   0%  
[2025-07-26 22:08:12] [INFO]   0%  
[2025-07-26 22:08:12] [INFO]   0%  
[2025-07-26 22:08:12] [INFO]   0%  
[2025-07-26 22:08:12] [INFO]   0%  
[2025-07-26 22:08:13] [INFO]   0%  
[2025-07-26 22:08:13] [INFO]   0%  
[2025-07-26 22:08:13] [INFO]   0%  
[2025-07-26 22:08:13] [INFO]   0%  
[2025-07-26 22:08:14] [INFO]   0%  
[2025-07-26 22:08:14] [INFO]   0%  
[2025-07-26 22:08:15] [INFO]   0%  
[2025-07-26 22:08:15] [INFO]   0%  
[2025-07-26 22:08:15] [INFO]   0%  
[2025-07-26 22:08:15] [INFO]   0%  
[2025-07-26 22:08:16] [INFO]   0%  
[2025-07-26 22:08:17] [INFO]   0%  
[2025-07-26 22:08:18] [INFO]   0%  
[2025-07-26 22:08:19] [INFO]   0%  
[2025-07-26 22:08:19] [INFO]   0%  
[2025-07-26 22:08:20] [INFO]   0%  
[2025-07-26 22:08:21] [INFO]   0%  
[2025-07-26 22:08:21] [INFO]   0%  
[2025-07-26 22:08:21] [INFO]   0%  
[2025-07-26 22:08:22] [INFO]   0%  
[2025-07-26 22:08:22] [INFO]   0%  
[2025-07-26 22:08:22] [INFO]   0%  
[2025-07-26 22:08:22] [INFO]   0%  
[2025-07-26 22:08:23] [INFO]   0%  
[2025-07-26 22:08:23] [INFO]   0%  
[2025-07-26 22:08:23] [INFO]   0%  
[2025-07-26 22:08:23] [INFO]   0%  
[2025-07-26 22:08:24] [INFO]   0%  
[2025-07-26 22:08:24] [INFO]   0%  
[2025-07-26 22:08:25] [INFO]   0%  
[2025-07-26 22:08:25] [INFO]   0%  
[2025-07-26 22:08:25] [INFO]   0%  
[2025-07-26 22:08:26] [INFO]   0%  
[2025-07-26 22:08:26] [INFO]   0%  
[2025-07-26 22:08:26] [INFO]   0%  
[2025-07-26 22:08:26] [INFO]   0%  
[2025-07-26 22:08:27] [INFO]   0%  
[2025-07-26 22:08:27] [INFO]   0%  
[2025-07-26 22:08:27] [INFO]   0%  
[2025-07-26 22:08:27] [INFO]   0%  
[2025-07-26 22:08:28] [INFO]   0%  
[2025-07-26 22:08:28] [INFO]   0%  
[2025-07-26 22:08:28] [INFO]   0%  
[2025-07-26 22:08:29] [INFO]   0%  
[2025-07-26 22:08:29] [INFO]   0%  
[2025-07-26 22:08:29] [INFO]   0%  
[2025-07-26 22:08:29] [INFO]   0%  
[2025-07-26 22:08:29] [INFO]   0%  
[2025-07-26 22:08:30] [INFO]   0%  
[2025-07-26 22:08:30] [INFO]   0%  
[2025-07-26 22:08:30] [INFO]   0%  
[2025-07-26 22:08:31] [INFO]   0%  
[2025-07-26 22:08:31] [INFO]   0%  
[2025-07-26 22:08:31] [INFO]   0%  
[2025-07-26 22:08:32] [INFO]   0%  
[2025-07-26 22:08:32] [INFO]   0%  
[2025-07-26 22:08:33] [INFO]   0%  
[2025-07-26 22:08:33] [INFO]   0%  
[2025-07-26 22:08:33] [INFO]   0%  
[2025-07-26 22:08:33] [INFO]   0%  
[2025-07-26 22:08:34] [INFO]   0%  
[2025-07-26 22:08:34] [INFO]   0%  
[2025-07-26 22:08:34] [INFO]   0%  
[2025-07-26 22:08:34] [INFO]   0%  
[2025-07-26 22:08:35] [INFO]   0%  
[2025-07-26 22:08:35] [INFO]   0%  
[2025-07-26 22:08:35] [INFO]   0%  
[2025-07-26 22:08:35] [INFO]   0%  
[2025-07-26 22:08:35] [INFO]   0%  
[2025-07-26 22:08:36] [INFO]   0%  
[2025-07-26 22:08:36] [INFO]   0%  
[2025-07-26 22:08:36] [INFO]   0%  
[2025-07-26 22:08:36] [INFO]   0%  
[2025-07-26 22:08:36] [INFO]   0%  
[2025-07-26 22:08:37] [INFO]   0%  
[2025-07-26 22:08:37] [INFO]   0%  
[2025-07-26 22:08:37] [INFO]   0%  
[2025-07-26 22:08:37] [INFO]   0%  
[2025-07-26 22:08:38] [INFO]   0%  
[2025-07-26 22:08:38] [INFO]   0%  
[2025-07-26 22:08:38] [INFO]   0%  
[2025-07-26 22:08:38] [INFO]   0%  
[2025-07-26 22:08:39] [INFO]   0%  
[2025-07-26 22:08:39] [INFO]   0%  
[2025-07-26 22:08:39] [INFO]   0%  
[2025-07-26 22:08:39] [INFO]   0%  
[2025-07-26 22:08:39] [INFO]   0%  
[2025-07-26 22:08:40] [INFO]   0%  
[2025-07-26 22:08:40] [INFO]   0%  
[2025-07-26 22:08:40] [INFO]   0%  
[2025-07-26 22:08:40] [INFO]   0%  
[2025-07-26 22:08:40] [INFO]   0%  
[2025-07-26 22:08:40] [INFO]   0%  
[2025-07-26 22:08:40] [INFO] 
[2025-07-26 22:08:40] [INFO] ------------------------------------------------------------------------------
[2025-07-26 22:08:40] [INFO] 
[2025-07-26 22:08:40] [INFO]                Total    Copied   Skipped  Mismatch    FAILED    Extras
[2025-07-26 22:08:40] [INFO]     Dirs :       707       707         0         0         0         0
[2025-07-26 22:08:40] [INFO]    Files :      3883      3883         0         0         0         0
[2025-07-26 22:08:40] [INFO]    Bytes :   1.670 g   1.670 g         0         0         0         0
[2025-07-26 22:08:41] [INFO]    Times :   0:01:27   0:00:21                       0:00:00   0:00:23
[2025-07-26 22:08:41] [INFO] 
[2025-07-26 22:08:41] [INFO] 
[2025-07-26 22:08:41] [INFO]    Speed :            82672877 Bytes/sec.
[2025-07-26 22:08:41] [INFO]    Speed :            4730.579 MegaBytes/min.
[2025-07-26 22:08:41] [INFO]    Ended : Saturday, 26 July 2025 10:08:40 pm
[2025-07-26 22:08:41] [INFO] 
[2025-07-26 22:08:41] [INFO] Mirror operation completed (Exit code: 1)
[2025-07-26 22:08:41] [INFO] Starting zip operation for D:\Documents\GitHub\portfolio.github.io
[2025-07-26 22:08:41] [INFO] Removing existing zip: C:\Users\Lenovo\Dropbox\portfolio.github.io-Sat.zip
[2025-07-26 22:09:52] [INFO] Successfully created zip: C:\Users\Lenovo\Dropbox\portfolio.github.io-Sat.zip
[2025-07-26 22:09:52] [INFO] Monitoring sync status...
[2025-07-26 22:09:55] [INFO] All sync operations completed
[2025-07-26 22:09:55] [INFO] Backup process completed
