[2025-07-25 19:46:45] [INFO] Starting Mirror operation from D:\Documents\MegaSync to D:\Documents\Mega
[2025-07-25 19:46:46] [INFO] 
[2025-07-25 19:46:46] [INFO] -------------------------------------------------------------------------------
[2025-07-25 19:46:46] [INFO]    ROBOCOPY     ::     Robust File Copy for Windows                              
[2025-07-25 19:46:46] [INFO] -------------------------------------------------------------------------------
[2025-07-25 19:46:46] [INFO] 
[2025-07-25 19:46:46] [INFO]   Started : Friday, 25 July 2025 7:46:46 pm
[2025-07-25 19:46:46] [INFO]    Source : D:\Documents\MegaSync\
[2025-07-25 19:46:46] [INFO]      Dest : D:\Documents\Mega\
[2025-07-25 19:46:46] [INFO] 
[2025-07-25 19:46:46] [INFO]     Files : *.*
[2025-07-25 19:46:46] [INFO] 	    
[2025-07-25 19:46:46] [INFO]   Options : *.* /NDL /NFL /TEE /S /E /DCOPY:DA /COPY:DAT /PURGE /MIR /Z /MT:8 /R:3 /W:5 
[2025-07-25 19:46:46] [INFO] 
[2025-07-25 19:46:46] [INFO] ------------------------------------------------------------------------------
[2025-07-25 19:46:46] [INFO] 
[2025-07-25 19:46:47] [INFO] 	  *EXTRA File 		     100	D:\Documents\Mega\.megaignore
[2025-07-25 19:46:47] [INFO] 
[2025-07-25 19:46:47] [INFO] ------------------------------------------------------------------------------
[2025-07-25 19:46:47] [INFO] 
[2025-07-25 19:46:47] [INFO]                Total    Copied   Skipped  Mismatch    FAILED    Extras
[2025-07-25 19:46:47] [INFO]     Dirs :       707       707       707         0         0         0
[2025-07-25 19:46:47] [INFO]    Files :      3882         0      3882         0         0         1
[2025-07-25 19:46:47] [INFO]    Bytes :   1.670 g         0   1.670 g         0         0       100
[2025-07-25 19:46:47] [INFO]    Times :   0:00:01   0:00:00                       0:00:00   0:00:01
[2025-07-25 19:46:47] [INFO]    Ended : Friday, 25 July 2025 7:46:47 pm
[2025-07-25 19:46:47] [INFO] 
[2025-07-25 19:46:47] [INFO] Mirror operation completed (Exit code: 2)
[2025-07-25 19:46:47] [INFO] Starting Mirror operation from D:\Documents\GoogleDriveSync to D:\Documents\Google Drive
[2025-07-25 19:46:47] [INFO] 
[2025-07-25 19:46:47] [INFO] -------------------------------------------------------------------------------
[2025-07-25 19:46:47] [INFO]    ROBOCOPY     ::     Robust File Copy for Windows                              
[2025-07-25 19:46:47] [INFO] -------------------------------------------------------------------------------
[2025-07-25 19:46:47] [INFO] 
[2025-07-25 19:46:47] [INFO]   Started : Friday, 25 July 2025 7:46:47 pm
[2025-07-25 19:46:47] [INFO]    Source : D:\Documents\GoogleDriveSync\
[2025-07-25 19:46:47] [INFO]      Dest : D:\Documents\Google Drive\
[2025-07-25 19:46:47] [INFO] 
[2025-07-25 19:46:47] [INFO]     Files : *.*
[2025-07-25 19:46:47] [INFO] 	    
[2025-07-25 19:46:47] [INFO]   Options : *.* /NDL /NFL /TEE /S /E /DCOPY:DA /COPY:DAT /PURGE /MIR /Z /MT:8 /R:3 /W:5 
[2025-07-25 19:46:47] [INFO] 
[2025-07-25 19:46:47] [INFO] ------------------------------------------------------------------------------
[2025-07-25 19:46:47] [INFO] 
[2025-07-25 19:46:47] [INFO] 	*EXTRA Dir        -1	D:\Documents\Google Drive\.tmp.drivedownload\
[2025-07-25 19:46:47] [INFO] 	*EXTRA Dir        -1	D:\Documents\Google Drive\Tasks Backups\
[2025-07-25 19:46:47] [INFO] 	  *EXTRA File 		   14303	D:\Documents\Google Drive\Tasks Backups\auto.20250725T0052.json
[2025-07-25 19:46:47] [INFO] 	  *EXTRA File 		     106	D:\Documents\Google Drive\desktop.ini
[2025-07-25 19:46:47] [INFO] 
[2025-07-25 19:46:47] [INFO] ------------------------------------------------------------------------------
[2025-07-25 19:46:47] [INFO] 
[2025-07-25 19:46:47] [INFO]                Total    Copied   Skipped  Mismatch    FAILED    Extras
[2025-07-25 19:46:47] [INFO]     Dirs :       132       132       132         0         0         2
[2025-07-25 19:46:47] [INFO]    Files :       206         1       205         0         0         2
[2025-07-25 19:46:48] [INFO]    Bytes :   2.349 g       106   2.349 g         0         0    14.0 k
[2025-07-25 19:46:48] [INFO]    Times :   0:00:00   0:00:00                       0:00:00   0:00:00
[2025-07-25 19:46:48] [INFO] 
[2025-07-25 19:46:48] [INFO] 
[2025-07-25 19:46:48] [INFO]    Speed :                9636 Bytes/sec.
[2025-07-25 19:46:48] [INFO]    Speed :               0.551 MegaBytes/min.
[2025-07-25 19:46:48] [INFO]    Ended : Friday, 25 July 2025 7:46:47 pm
[2025-07-25 19:46:48] [INFO] 
[2025-07-25 19:46:48] [INFO] Mirror operation completed (Exit code: 3)
[2025-07-25 19:46:48] [INFO] Starting zip operation for D:\Documents\GitHub\portfolio.github.io
[2025-07-25 19:47:42] [INFO] Successfully created zip: C:\Users\Lenovo\Dropbox\portfolio.github.io-Fri.zip
[2025-07-25 19:47:43] [INFO] Enforced retention policy (kept 1 backups)
[2025-07-25 19:47:43] [INFO] Monitoring sync status...
[2025-07-25 19:47:43] [INFO] All sync operations completed
[2025-07-25 19:47:43] [INFO] Backup process completed
