[2025-07-24 20:46:38] [ERROR] Job 'MegaNZ': Destination must include one of: D:\Documents\Mega
[2025-07-24 20:46:38] [ERROR] One or more jobs are invalid. Backup cancelled.
[2025-07-24 20:46:52] [ERROR] Job 'Google': Destination must include one of: D:\Documents\Google Drive
[2025-07-24 20:46:52] [ERROR] One or more jobs are invalid. Backup cancelled.
[2025-07-24 20:47:16] [ERROR] Job 'Dropbox': Destination must include one of: C:\Users\Lenovo\Dropbox
[2025-07-24 20:47:16] [ERROR] One or more jobs are invalid. Backup cancelled.
[2025-07-24 20:47:28] [ERROR] Job 'Dropbox': dest path does not exist: C:\Users\Lenovo\Dropbox1
[2025-07-24 20:47:28] [ERROR] One or more jobs are invalid. Backup cancelled.
[2025-07-24 20:47:42] [ERROR] Job 'MegaNZ': Source path does not exist: D:\Documents\MegaSync1
[2025-07-24 20:47:42] [ERROR] Job 'Google': Source path does not exist: D:\Documents\GoogleDriveSync1
[2025-07-24 20:47:42] [ERROR] Job 'Dropbox': Source path does not exist: D:\Documents\GitHub\portfolio.github.io1
[2025-07-24 20:47:42] [ERROR] One or more jobs are invalid. Backup cancelled.
[2025-07-24 20:48:05] [ERROR] Job 'MegaNZ': Source path does not exist: D:\Documents\MegaSync1
[2025-07-24 20:48:05] [ERROR] Job 'Google': Source path does not exist: D:\Documents\GoogleDriveSync1
[2025-07-24 20:48:05] [ERROR] One or more jobs are invalid. Backup cancelled.
[2025-07-24 20:48:11] [ERROR] Job 'MegaNZ': Source path does not exist: D:\Documents\MegaSync1
[2025-07-24 20:48:11] [ERROR] One or more jobs are invalid. Backup cancelled.
[2025-07-24 20:49:04] [INFO] Starting Mirror operation from D:\Documents\MegaSync to D:\Documents\Mega
[2025-07-24 20:49:04] [INFO] 
[2025-07-24 20:49:04] [INFO] -------------------------------------------------------------------------------
[2025-07-24 20:49:04] [INFO]    ROBOCOPY     ::     Robust File Copy for Windows                              
[2025-07-24 20:49:04] [INFO] -------------------------------------------------------------------------------
[2025-07-24 20:49:04] [INFO] 
[2025-07-24 20:49:04] [INFO]   Started : Thursday, 24 July 2025 8:49:04 pm
[2025-07-24 20:49:04] [INFO]    Source : D:\Documents\MegaSync\
[2025-07-24 20:49:04] [INFO]      Dest : D:\Documents\Mega\
[2025-07-24 20:49:04] [INFO] 
[2025-07-24 20:49:04] [INFO]     Files : *.*
[2025-07-24 20:49:04] [INFO] 	    
[2025-07-24 20:49:04] [INFO]   Options : *.* /NDL /NFL /TEE /S /E /DCOPY:DA /COPY:DAT /PURGE /MIR /Z /MT:8 /R:3 /W:5 
[2025-07-24 20:49:04] [INFO] 
[2025-07-24 20:49:04] [INFO] ------------------------------------------------------------------------------
[2025-07-24 20:49:04] [INFO] 
[2025-07-24 20:49:04] [INFO] 	  *EXTRA File 		   1.5 g	D:\Documents\Mega\-Backup.zip
[2025-07-24 20:49:04] [INFO] 
[2025-07-24 20:49:04] [INFO] ------------------------------------------------------------------------------
[2025-07-24 20:49:04] [INFO] 
[2025-07-24 20:49:04] [INFO]                Total    Copied   Skipped  Mismatch    FAILED    Extras
[2025-07-24 20:49:04] [INFO]     Dirs :       707       707       707         0         0         0
[2025-07-24 20:49:04] [INFO]    Files :      3871         0      3873         0         0         1
[2025-07-24 20:49:04] [INFO]    Bytes :   1.670 g         0   1.670 g         0         0   1.589 g
[2025-07-24 20:49:04] [INFO]    Times :   0:00:00   0:00:00                       0:00:00   0:00:00
[2025-07-24 20:49:04] [INFO]    Ended : Thursday, 24 July 2025 8:49:04 pm
[2025-07-24 20:49:04] [INFO] 
[2025-07-24 20:49:04] [INFO] Mirror operation completed (Exit code: 2)
[2025-07-24 20:49:04] [INFO] Starting Mirror operation from D:\Documents\GoogleDriveSync to D:\Documents\Google Drive
[2025-07-24 20:49:04] [INFO] 
[2025-07-24 20:49:04] [INFO] -------------------------------------------------------------------------------
[2025-07-24 20:49:04] [INFO]    ROBOCOPY     ::     Robust File Copy for Windows                              
[2025-07-24 20:49:04] [INFO] -------------------------------------------------------------------------------
[2025-07-24 20:49:04] [INFO] 
[2025-07-24 20:49:04] [INFO]   Started : Thursday, 24 July 2025 8:49:04 pm
[2025-07-24 20:49:04] [INFO]    Source : D:\Documents\GoogleDriveSync\
[2025-07-24 20:49:04] [INFO]      Dest : D:\Documents\Google Drive\
[2025-07-24 20:49:04] [INFO] 
[2025-07-24 20:49:04] [INFO]     Files : *.*
[2025-07-24 20:49:04] [INFO] 	    
[2025-07-24 20:49:04] [INFO]   Options : *.* /NDL /NFL /TEE /S /E /DCOPY:DA /COPY:DAT /PURGE /MIR /Z /MT:8 /R:3 /W:5 
[2025-07-24 20:49:04] [INFO] 
[2025-07-24 20:49:04] [INFO] ------------------------------------------------------------------------------
[2025-07-24 20:49:04] [INFO] 
[2025-07-24 20:49:04] [INFO] 
[2025-07-24 20:49:04] [INFO] ------------------------------------------------------------------------------
[2025-07-24 20:49:04] [INFO] 
[2025-07-24 20:49:04] [INFO]                Total    Copied   Skipped  Mismatch    FAILED    Extras
[2025-07-24 20:49:04] [INFO]     Dirs :       132       132       131         0         0         0
[2025-07-24 20:49:04] [INFO]    Files :       206         0       206         0         0         0
[2025-07-24 20:49:04] [INFO]    Bytes :   2.349 g         0   2.349 g         0         0         0
[2025-07-24 20:49:04] [INFO]    Times :   0:00:00   0:00:00                       0:00:00   0:00:00
[2025-07-24 20:49:04] [INFO]    Ended : Thursday, 24 July 2025 8:49:04 pm
[2025-07-24 20:49:04] [INFO] 
[2025-07-24 20:49:04] [INFO] Mirror operation completed (Exit code: 0)
[2025-07-24 20:49:04] [INFO] Starting zip operation for D:\Documents\GitHub\portfolio.github.io
[2025-07-24 20:49:04] [INFO] Removing existing zip: C:\Users\Lenovo\Dropbox\portfolio.github.io-Thu.zip
[2025-07-24 20:49:51] [INFO] Successfully created zip: C:\Users\Lenovo\Dropbox\portfolio.github.io-Thu.zip
[2025-07-24 20:49:51] [INFO] Monitoring sync status...
[2025-07-24 20:49:52] [INFO] All sync operations completed
[2025-07-24 20:49:52] [INFO] Backup process completed
