[2025-07-26 14:20:06] [INFO] Starting Mirror operation from D:\Documents\MegaSync to D:\Documents\Mega
[2025-07-26 14:20:06] [INFO] 
[2025-07-26 14:20:06] [INFO] -------------------------------------------------------------------------------
[2025-07-26 14:20:06] [INFO]    ROBOCOPY     ::     Robust File Copy for Windows                              
[2025-07-26 14:20:06] [INFO] -------------------------------------------------------------------------------
[2025-07-26 14:20:06] [INFO] 
[2025-07-26 14:20:06] [INFO]   Started : Saturday, 26 July 2025 2:20:06 pm
[2025-07-26 14:20:06] [INFO]    Source : D:\Documents\MegaSync\
[2025-07-26 14:20:06] [INFO]      Dest : D:\Documents\Mega\
[2025-07-26 14:20:06] [INFO] 
[2025-07-26 14:20:06] [INFO]     Files : *.*
[2025-07-26 14:20:06] [INFO] 	    
[2025-07-26 14:20:06] [INFO]   Options : *.* /NDL /NFL /TEE /S /E /DCOPY:DA /COPY:DAT /PURGE /MIR /Z /MT:1 /R:0 /W:0 
[2025-07-26 14:20:06] [INFO] 
[2025-07-26 14:20:06] [INFO] ------------------------------------------------------------------------------
[2025-07-26 14:20:07] [INFO] 
[2025-07-26 14:20:07] [INFO] 
[2025-07-26 14:20:07] [INFO] ------------------------------------------------------------------------------
[2025-07-26 14:20:07] [INFO] 
[2025-07-26 14:20:07] [INFO]                Total    Copied   Skipped  Mismatch    FAILED    Extras
[2025-07-26 14:20:07] [INFO]     Dirs :       707       707       707         0         0         0
[2025-07-26 14:20:07] [INFO]    Files :      3883         0      3883         0         0         0
[2025-07-26 14:20:07] [INFO]    Bytes :   1.670 g         0   1.670 g         0         0         0
[2025-07-26 14:20:07] [INFO]    Times :   0:00:00   0:00:00                       0:00:00   0:00:00
[2025-07-26 14:20:07] [INFO]    Ended : Saturday, 26 July 2025 2:20:07 pm
[2025-07-26 14:20:07] [INFO] 
[2025-07-26 14:20:07] [INFO] Mirror operation completed (Exit code: 0)
[2025-07-26 14:20:07] [INFO] Starting Mirror operation from D:\Documents\GoogleDriveSync to D:\Documents\Google Drive
[2025-07-26 14:20:07] [INFO] 
[2025-07-26 14:20:07] [INFO] -------------------------------------------------------------------------------
[2025-07-26 14:20:07] [INFO]    ROBOCOPY     ::     Robust File Copy for Windows                              
[2025-07-26 14:20:07] [INFO] -------------------------------------------------------------------------------
[2025-07-26 14:20:07] [INFO] 
[2025-07-26 14:20:07] [INFO]   Started : Saturday, 26 July 2025 2:20:07 pm
[2025-07-26 14:20:07] [INFO]    Source : D:\Documents\GoogleDriveSync\
[2025-07-26 14:20:07] [INFO]      Dest : D:\Documents\Google Drive\
[2025-07-26 14:20:07] [INFO] 
[2025-07-26 14:20:07] [INFO]     Files : *.*
[2025-07-26 14:20:07] [INFO] 	    
[2025-07-26 14:20:07] [INFO]   Options : *.* /NDL /NFL /TEE /S /E /DCOPY:DA /COPY:DAT /PURGE /MIR /Z /MT:1 /R:0 /W:0 
[2025-07-26 14:20:07] [INFO] 
[2025-07-26 14:20:07] [INFO] ------------------------------------------------------------------------------
[2025-07-26 14:20:07] [INFO] 
[2025-07-26 14:20:07] [INFO] 
[2025-07-26 14:20:07] [INFO] ------------------------------------------------------------------------------
[2025-07-26 14:20:07] [INFO] 
[2025-07-26 14:20:07] [INFO]                Total    Copied   Skipped  Mismatch    FAILED    Extras
[2025-07-26 14:20:07] [INFO]     Dirs :       132       132       132         0         0         0
[2025-07-26 14:20:07] [INFO]    Files :       206         0       206         0         0         0
[2025-07-26 14:20:07] [INFO]    Bytes :   2.349 g         0   2.349 g         0         0         0
[2025-07-26 14:20:07] [INFO]    Times :   0:00:00   0:00:00                       0:00:00   0:00:00
[2025-07-26 14:20:07] [INFO]    Ended : Saturday, 26 July 2025 2:20:07 pm
[2025-07-26 14:20:07] [INFO] 
[2025-07-26 14:20:07] [INFO] Mirror operation completed (Exit code: 0)
[2025-07-26 14:20:07] [INFO] Starting zip operation for D:\Documents\GitHub\portfolio.github.io
[2025-07-26 14:20:07] [INFO] Removing existing zip: C:\Users\Lenovo\Dropbox\portfolio.github.io-Sat.zip
[2025-07-26 14:20:54] [INFO] Successfully created zip: C:\Users\Lenovo\Dropbox\portfolio.github.io-Sat.zip
[2025-07-26 14:20:54] [INFO] Monitoring sync status...
[2025-07-26 14:20:55] [INFO] All sync operations completed
[2025-07-26 14:20:55] [INFO] Backup process completed
