[2025-07-24 20:45:31] [INFO] Starting Append operation from D:\Documents\MegaSync to D:\Documents\Mega
[2025-07-24 20:45:31] [INFO] 
[2025-07-24 20:45:31] [INFO] -------------------------------------------------------------------------------
[2025-07-24 20:45:31] [INFO]    ROBOCOPY     ::     Robust File Copy for Windows                              
[2025-07-24 20:45:31] [INFO] -------------------------------------------------------------------------------
[2025-07-24 20:45:31] [INFO] 
[2025-07-24 20:45:31] [INFO]   Started : Thursday, 24 July 2025 8:45:31 pm
[2025-07-24 20:45:31] [INFO]    Source : D:\Documents\MegaSync\
[2025-07-24 20:45:31] [INFO]      Dest : D:\Documents\Mega\
[2025-07-24 20:45:31] [INFO] 
[2025-07-24 20:45:31] [INFO]     Files : *.*
[2025-07-24 20:45:31] [INFO] 	    
[2025-07-24 20:45:31] [INFO]   Options : *.* /NDL /NFL /TEE /S /E /DCOPY:DA /COPY:DAT /Z /XX /MT:8 /R:3 /W:5 
[2025-07-24 20:45:31] [INFO] 
[2025-07-24 20:45:31] [INFO] ------------------------------------------------------------------------------
[2025-07-24 20:45:31] [INFO] 
[2025-07-24 20:45:31] [INFO] 
[2025-07-24 20:45:31] [INFO] ------------------------------------------------------------------------------
[2025-07-24 20:45:31] [INFO] 
[2025-07-24 20:45:31] [INFO]                Total    Copied   Skipped  Mismatch    FAILED    Extras
[2025-07-24 20:45:31] [INFO]     Dirs :       707       707       706         0         0         0
[2025-07-24 20:45:31] [INFO]    Files :      3880         0      3880         0         0         1
[2025-07-24 20:45:31] [INFO]    Bytes :   1.670 g         0   1.670 g         0         0   1.589 g
[2025-07-24 20:45:31] [INFO]    Times :   0:00:00   0:00:00                       0:00:00   0:00:00
[2025-07-24 20:45:31] [INFO]    Ended : Thursday, 24 July 2025 8:45:31 pm
[2025-07-24 20:45:31] [INFO] 
[2025-07-24 20:45:31] [INFO] Append operation completed (Exit code: 2)
[2025-07-24 20:45:31] [INFO] Starting Mirror operation from D:\Documents\GoogleDriveSync to D:\Documents\Google Drive
[2025-07-24 20:45:31] [INFO] 
[2025-07-24 20:45:31] [INFO] -------------------------------------------------------------------------------
[2025-07-24 20:45:31] [INFO]    ROBOCOPY     ::     Robust File Copy for Windows                              
[2025-07-24 20:45:31] [INFO] -------------------------------------------------------------------------------
[2025-07-24 20:45:31] [INFO] 
[2025-07-24 20:45:31] [INFO]   Started : Thursday, 24 July 2025 8:45:31 pm
[2025-07-24 20:45:31] [INFO]    Source : D:\Documents\GoogleDriveSync\
[2025-07-24 20:45:31] [INFO]      Dest : D:\Documents\Google Drive\
[2025-07-24 20:45:31] [INFO] 
[2025-07-24 20:45:31] [INFO]     Files : *.*
[2025-07-24 20:45:31] [INFO] 	    
[2025-07-24 20:45:31] [INFO]   Options : *.* /NDL /NFL /TEE /S /E /DCOPY:DA /COPY:DAT /PURGE /MIR /Z /MT:8 /R:3 /W:5 
[2025-07-24 20:45:31] [INFO] 
[2025-07-24 20:45:31] [INFO] ------------------------------------------------------------------------------
[2025-07-24 20:45:31] [INFO] 
[2025-07-24 20:45:31] [INFO] 
[2025-07-24 20:45:31] [INFO] ------------------------------------------------------------------------------
[2025-07-24 20:45:31] [INFO] 
[2025-07-24 20:45:31] [INFO]                Total    Copied   Skipped  Mismatch    FAILED    Extras
[2025-07-24 20:45:31] [INFO]     Dirs :       132       132       132         0         0         0
[2025-07-24 20:45:31] [INFO]    Files :       206         0       206         0         0         0
[2025-07-24 20:45:31] [INFO]    Bytes :   2.349 g         0   2.349 g         0         0         0
[2025-07-24 20:45:31] [INFO]    Times :   0:00:00   0:00:00                       0:00:00   0:00:00
[2025-07-24 20:45:31] [INFO]    Ended : Thursday, 24 July 2025 8:45:31 pm
[2025-07-24 20:45:31] [INFO] 
[2025-07-24 20:45:31] [INFO] Mirror operation completed (Exit code: 0)
[2025-07-24 20:45:31] [INFO] Starting zip operation for D:\Documents\GitHub\portfolio.github.io
[2025-07-24 20:45:31] [INFO] Removing existing zip: C:\Users\Lenovo\Dropbox\portfolio.github.io-Thu.zip
[2025-07-24 20:46:17] [INFO] Successfully created zip: C:\Users\Lenovo\Dropbox\portfolio.github.io-Thu.zip
[2025-07-24 20:46:17] [INFO] Monitoring sync status...
[2025-07-24 20:46:18] [INFO] All sync operations completed
[2025-07-24 20:46:18] [INFO] Backup process completed
