[2025-07-26 21:53:48] [INFO] Starting Mirror operation from D:\Documents\GoogleDriveSync to D:\Documents\Google Drive
[2025-07-26 21:53:48] [INFO] 
[2025-07-26 21:53:48] [INFO] -------------------------------------------------------------------------------
[2025-07-26 21:53:48] [INFO]    ROBOCOPY     ::     Robust File Copy for Windows                              
[2025-07-26 21:53:48] [INFO] -------------------------------------------------------------------------------
[2025-07-26 21:53:48] [INFO] 
[2025-07-26 21:53:48] [INFO]   Started : Saturday, 26 July 2025 9:53:48 pm
[2025-07-26 21:53:48] [INFO]    Source : D:\Documents\GoogleDriveSync\
[2025-07-26 21:53:48] [INFO]      Dest : D:\Documents\Google Drive\
[2025-07-26 21:53:48] [INFO] 
[2025-07-26 21:53:48] [INFO]     Files : *.*
[2025-07-26 21:53:48] [INFO] 	    
[2025-07-26 21:53:48] [INFO]   Options : *.* /NDL /NFL /TEE /S /E /DCOPY:DA /COPY:DAT /PURGE /MIR /Z /MT:1 /R:0 /W:0 
[2025-07-26 21:53:48] [INFO] 
[2025-07-26 21:53:48] [INFO] ------------------------------------------------------------------------------
[2025-07-26 21:53:49] [INFO] 
[2025-07-26 21:53:49] [INFO]   0%  
[2025-07-26 21:53:50] [INFO]   0%  
[2025-07-26 21:53:51] [INFO]   0%  
[2025-07-26 21:53:51] [INFO]   0%  
[2025-07-26 21:53:52] [INFO]   0%  
[2025-07-26 21:53:52] [INFO]   0%  
[2025-07-26 21:53:52] [INFO]   0%  
[2025-07-26 21:53:53] [INFO]   0%  
[2025-07-26 21:53:53] [INFO]   0%  
[2025-07-26 21:53:54] [INFO]   0%  
[2025-07-26 21:53:55] [INFO]   0%  
[2025-07-26 21:53:56] [INFO]   0%  
[2025-07-26 21:53:56] [INFO]   0%  
[2025-07-26 21:53:56] [INFO]   0%  
[2025-07-26 21:53:57] [INFO]   0%  
[2025-07-26 21:53:57] [INFO]   0%  
[2025-07-26 21:53:58] [INFO]   0%  
[2025-07-26 21:53:58] [INFO]   0%  
[2025-07-26 21:54:00] [INFO]   0%  
[2025-07-26 21:54:01] [INFO]   0%  
[2025-07-26 21:54:03] [INFO]   0%  
[2025-07-26 21:54:03] [INFO]   0%  
[2025-07-26 21:54:04] [INFO]   0%  
[2025-07-26 21:54:08] [INFO]   0%  
[2025-07-26 21:54:08] [INFO]   0%  
[2025-07-26 21:54:09] [INFO]   0%  
[2025-07-26 21:54:09] [INFO]   0%  
[2025-07-26 21:54:10] [INFO]   0%  
[2025-07-26 21:54:10] [INFO]   0%  
[2025-07-26 21:54:11] [INFO]   0%  
[2025-07-26 21:54:12] [INFO]   0%  
[2025-07-26 21:54:12] [INFO]   0%  
[2025-07-26 21:54:13] [INFO]   0%  
[2025-07-26 21:54:13] [INFO]   0%  
[2025-07-26 21:54:13] [INFO]   0%  
[2025-07-26 21:54:13] [INFO]   0%  
[2025-07-26 21:54:14] [INFO]   0%  
[2025-07-26 21:54:15] [INFO]   0%  
[2025-07-26 21:54:15] [INFO]   0%  
[2025-07-26 21:54:15] [INFO]   0%  
[2025-07-26 21:54:16] [INFO]   0%  
[2025-07-26 21:54:17] [INFO]   0%  
[2025-07-26 21:54:19] [INFO]   0%  
[2025-07-26 21:54:20] [INFO]   0%  
[2025-07-26 21:54:22] [INFO]   0%  
[2025-07-26 21:54:23] [INFO]   0%  
[2025-07-26 21:54:24] [INFO]   0%  
[2025-07-26 21:54:27] [INFO]   0%  
[2025-07-26 21:54:29] [INFO]   0%  
[2025-07-26 21:54:30] [INFO]   0%  
[2025-07-26 21:54:30] [INFO]   0%  
[2025-07-26 21:54:30] [INFO]   0%  
[2025-07-26 21:54:30] [INFO] 
[2025-07-26 21:54:30] [INFO] ------------------------------------------------------------------------------
[2025-07-26 21:54:30] [INFO] 
[2025-07-26 21:54:30] [INFO]                Total    Copied   Skipped  Mismatch    FAILED    Extras
[2025-07-26 21:54:30] [INFO]     Dirs :       132       132         1         0         0         0
[2025-07-26 21:54:30] [INFO]    Files :       206       206         0         0         0         0
[2025-07-26 21:54:30] [INFO]    Bytes :   2.349 g   2.349 g         0         0         0         0
[2025-07-26 21:54:30] [INFO]    Times :   0:01:23   0:00:20                       0:00:00   0:00:21
[2025-07-26 21:54:30] [INFO] 
[2025-07-26 21:54:30] [INFO] 
[2025-07-26 21:54:30] [INFO]    Speed :           120386536 Bytes/sec.
[2025-07-26 21:54:30] [INFO]    Speed :            6888.572 MegaBytes/min.
[2025-07-26 21:54:30] [INFO]    Ended : Saturday, 26 July 2025 9:54:30 pm
[2025-07-26 21:54:30] [INFO] 
[2025-07-26 21:54:30] [INFO] Mirror operation completed (Exit code: 1)
[2025-07-26 21:54:30] [INFO] Starting Mirror operation from D:\Documents\MegaSync to D:\Documents\Mega
[2025-07-26 21:54:30] [INFO] 
[2025-07-26 21:54:30] [INFO] -------------------------------------------------------------------------------
[2025-07-26 21:54:30] [INFO]    ROBOCOPY     ::     Robust File Copy for Windows                              
[2025-07-26 21:54:30] [INFO] -------------------------------------------------------------------------------
[2025-07-26 21:54:30] [INFO] 
[2025-07-26 21:54:30] [INFO]   Started : Saturday, 26 July 2025 9:54:30 pm
[2025-07-26 21:54:30] [INFO]    Source : D:\Documents\MegaSync\
[2025-07-26 21:54:30] [INFO]      Dest : D:\Documents\Mega\
[2025-07-26 21:54:30] [INFO] 
[2025-07-26 21:54:30] [INFO]     Files : *.*
[2025-07-26 21:54:30] [INFO] 	    
[2025-07-26 21:54:30] [INFO]   Options : *.* /NDL /NFL /TEE /S /E /DCOPY:DA /COPY:DAT /PURGE /MIR /Z /MT:1 /R:0 /W:0 
[2025-07-26 21:54:30] [INFO] 
[2025-07-26 21:54:30] [INFO] ------------------------------------------------------------------------------
[2025-07-26 21:54:30] [INFO] 
[2025-07-26 21:54:30] [INFO] 
[2025-07-26 21:54:30] [INFO] ------------------------------------------------------------------------------
[2025-07-26 21:54:30] [INFO] 
[2025-07-26 21:54:30] [INFO]                Total    Copied   Skipped  Mismatch    FAILED    Extras
[2025-07-26 21:54:30] [INFO]     Dirs :       707       707       707         0         0         0
[2025-07-26 21:54:30] [INFO]    Files :      3883         0      3883         0         0         0
[2025-07-26 21:54:30] [INFO]    Bytes :   1.670 g         0   1.670 g         0         0         0
[2025-07-26 21:54:30] [INFO]    Times :   0:00:00   0:00:00                       0:00:00   0:00:00
[2025-07-26 21:54:30] [INFO]    Ended : Saturday, 26 July 2025 9:54:30 pm
[2025-07-26 21:54:30] [INFO] 
[2025-07-26 21:54:30] [INFO] Mirror operation completed (Exit code: 0)
[2025-07-26 21:54:30] [INFO] Starting zip operation for D:\Documents\GitHub\portfolio.github.io
[2025-07-26 21:54:30] [INFO] Removing existing zip: C:\Users\Lenovo\Dropbox\portfolio.github.io-Sat.zip
[2025-07-26 21:55:23] [INFO] Successfully created zip: C:\Users\Lenovo\Dropbox\portfolio.github.io-Sat.zip
[2025-07-26 21:55:23] [INFO] Monitoring sync status...
[2025-07-26 21:55:24] [INFO] All sync operations completed
[2025-07-26 21:55:24] [INFO] Backup process completed
