[2025-07-27 15:10:27] [INFO] Starting Mirror operation from D:\Documents\GoogleDriveSync\Books to D:\Documents\Google Drive\Books
[2025-07-27 15:10:27] [INFO] 
[2025-07-27 15:10:27] [INFO] -------------------------------------------------------------------------------
[2025-07-27 15:10:27] [INFO]    ROBOCOPY     ::     Robust File Copy for Windows                              
[2025-07-27 15:10:27] [INFO] -------------------------------------------------------------------------------
[2025-07-27 15:10:27] [INFO] 
[2025-07-27 15:10:27] [INFO]   Started : Sunday, 27 July 2025 3:10:27 pm
[2025-07-27 15:10:27] [INFO]    Source : D:\Documents\GoogleDriveSync\Books\
[2025-07-27 15:10:27] [INFO]      Dest : D:\Documents\Google Drive\Books\
[2025-07-27 15:10:27] [INFO] 
[2025-07-27 15:10:27] [INFO]     Files : *.*
[2025-07-27 15:10:27] [INFO] 	    
[2025-07-27 15:10:27] [INFO]   Options : *.* /NDL /NFL /TEE /S /E /DCOPY:DA /COPY:DAT /PURGE /MIR /Z /MT:1 /R:0 /W:0 
[2025-07-27 15:10:27] [INFO] 
[2025-07-27 15:10:27] [INFO] ------------------------------------------------------------------------------
[2025-07-27 15:10:27] [INFO] 
[2025-07-27 15:10:27] [INFO] 	*EXTRA Dir        -1	D:\Documents\Google Drive\Books\BackupTool\
[2025-07-27 15:10:27] [INFO] 	  *EXTRA File 		    2172	D:\Documents\Google Drive\Books\BackupTool\Backup and Shutdown.lnk
[2025-07-27 15:10:27] [INFO] 	  *EXTRA File 		   74404	D:\Documents\Google Drive\Books\BackupTool\BackupTool.ps1
[2025-07-27 15:10:27] [INFO] 	  *EXTRA File 		     227	D:\Documents\Google Drive\Books\BackupTool\BackupToolShutdown.bat
[2025-07-27 15:10:27] [INFO] 	*EXTRA Dir        -1	D:\Documents\Google Drive\Books\BackupTool\config\
[2025-07-27 15:10:27] [INFO] 	  *EXTRA File 		    1392	D:\Documents\Google Drive\Books\BackupTool\config\backupSettings.json
[2025-07-27 15:10:27] [INFO] 	  *EXTRA File 		    1154	D:\Documents\Google Drive\Books\BackupTool\config\cloudProviders.json
[2025-07-27 15:10:27] [INFO] 	  *EXTRA File 		    2546	D:\Documents\Google Drive\Books\BackupTool\config\mainConfig.json
[2025-07-27 15:10:27] [INFO] 	*EXTRA Dir        -1	D:\Documents\Google Drive\Books\BackupTool\logs\
[2025-07-27 15:10:27] [INFO] 	  *EXTRA File 		    6559	D:\Documents\Google Drive\Books\BackupTool\logs\backup_20250726_215333.log
[2025-07-27 15:10:27] [INFO] 	  *EXTRA File 		     410	D:\Documents\Google Drive\Books\BackupTool\logs\backup_20250726_220509.log
[2025-07-27 15:10:27] [INFO] 	  *EXTRA File 		   13079	D:\Documents\Google Drive\Books\BackupTool\logs\backup_20250726_220713.log
[2025-07-27 15:10:27] [INFO] 	  *EXTRA File 		   16775	D:\Documents\Google Drive\Books\BackupTool\logs\backup_20250726_221002.log
[2025-07-27 15:10:28] [INFO] 	  *EXTRA File 		   23844	D:\Documents\Google Drive\Books\BackupTool\logs\backup_20250726_221358.log
[2025-07-27 15:10:28] [INFO] 	  *EXTRA File 		   16565	D:\Documents\Google Drive\Books\BackupTool\logs\backup_20250726_221957.log
[2025-07-27 15:10:28] [INFO] 	  *EXTRA File 		     518	D:\Documents\Google Drive\Books\BackupTool\logs\backup_20250727_145713.log
[2025-07-27 15:10:28] [INFO] 	  *EXTRA File 		   22170	D:\Documents\Google Drive\Books\BackupTool\logs\backup_20250727_145918.log
[2025-07-27 15:10:28] [INFO] 	  *EXTRA File 		   16517	D:\Documents\Google Drive\Books\BackupTool\logs\backup_20250727_150229.log
[2025-07-27 15:10:28] [INFO] 	  *EXTRA File 		   16517	D:\Documents\Google Drive\Books\BackupTool\logs\backup_20250727_150618.log
[2025-07-27 15:10:28] [INFO] 	*EXTRA Dir        -1	D:\Documents\Google Drive\Books\New folder\
[2025-07-27 15:10:28] [INFO] 	*EXTRA Dir        -1	D:\Documents\Google Drive\Books\New folder (2)\
[2025-07-27 15:10:28] [INFO] 
[2025-07-27 15:10:28] [INFO] ------------------------------------------------------------------------------
[2025-07-27 15:10:28] [INFO] 
[2025-07-27 15:10:28] [INFO]                Total    Copied   Skipped  Mismatch    FAILED    Extras
[2025-07-27 15:10:28] [INFO]     Dirs :         5         5         5         0         0         5
[2025-07-27 15:10:28] [INFO]    Files :        56         0        56         0         0        16
[2025-07-27 15:10:28] [INFO]    Bytes :  947.84 m         0  947.84 m         0         0   209.8 k
[2025-07-27 15:10:28] [INFO]    Times :   0:00:00   0:00:00                       0:00:00   0:00:00
[2025-07-27 15:10:28] [INFO]    Ended : Sunday, 27 July 2025 3:10:27 pm
[2025-07-27 15:10:28] [INFO] 
[2025-07-27 15:10:28] [INFO] Mirror operation completed (Exit code: 2)
[2025-07-27 15:10:28] [INFO] Starting Mirror operation from D:\Documents\GoogleDriveSync\Piano to D:\Documents\Google Drive\Piano
[2025-07-27 15:10:28] [INFO] 
[2025-07-27 15:10:28] [INFO] -------------------------------------------------------------------------------
[2025-07-27 15:10:28] [INFO]    ROBOCOPY     ::     Robust File Copy for Windows                              
[2025-07-27 15:10:28] [INFO] -------------------------------------------------------------------------------
[2025-07-27 15:10:28] [INFO] 
[2025-07-27 15:10:28] [INFO]   Started : Sunday, 27 July 2025 3:10:28 pm
[2025-07-27 15:10:28] [INFO]    Source : D:\Documents\GoogleDriveSync\Piano\
[2025-07-27 15:10:28] [INFO]      Dest : D:\Documents\Google Drive\Piano\
[2025-07-27 15:10:28] [INFO] 
[2025-07-27 15:10:28] [INFO]     Files : *.*
[2025-07-27 15:10:28] [INFO] 	    
[2025-07-27 15:10:28] [INFO]   Options : *.* /NDL /NFL /TEE /S /E /DCOPY:DA /COPY:DAT /PURGE /MIR /Z /MT:1 /R:0 /W:0 
[2025-07-27 15:10:28] [INFO] 
[2025-07-27 15:10:28] [INFO] ------------------------------------------------------------------------------
[2025-07-27 15:10:28] [INFO] 
[2025-07-27 15:10:28] [INFO] 
[2025-07-27 15:10:28] [INFO] ------------------------------------------------------------------------------
[2025-07-27 15:10:28] [INFO] 
[2025-07-27 15:10:28] [INFO]                Total    Copied   Skipped  Mismatch    FAILED    Extras
[2025-07-27 15:10:28] [INFO]     Dirs :         1         1         1         0         0         0
[2025-07-27 15:10:28] [INFO]    Files :         1         0         1         0         0         0
[2025-07-27 15:10:28] [INFO]    Bytes :    13.3 k         0    13.3 k         0         0         0
[2025-07-27 15:10:28] [INFO]    Times :   0:00:00   0:00:00                       0:00:00   0:00:00
[2025-07-27 15:10:28] [INFO]    Ended : Sunday, 27 July 2025 3:10:28 pm
[2025-07-27 15:10:28] [INFO] 
[2025-07-27 15:10:28] [INFO] Mirror operation completed (Exit code: 0)
[2025-07-27 15:10:28] [INFO] Starting Mirror operation from D:\Documents\GoogleDriveSync\SketchUp to D:\Documents\Google Drive\SketchUp
[2025-07-27 15:10:28] [INFO] 
[2025-07-27 15:10:28] [INFO] -------------------------------------------------------------------------------
[2025-07-27 15:10:28] [INFO]    ROBOCOPY     ::     Robust File Copy for Windows                              
[2025-07-27 15:10:28] [INFO] -------------------------------------------------------------------------------
[2025-07-27 15:10:28] [INFO] 
[2025-07-27 15:10:28] [INFO]   Started : Sunday, 27 July 2025 3:10:28 pm
[2025-07-27 15:10:28] [INFO]    Source : D:\Documents\GoogleDriveSync\SketchUp\
[2025-07-27 15:10:28] [INFO]      Dest : D:\Documents\Google Drive\SketchUp\
[2025-07-27 15:10:28] [INFO] 
[2025-07-27 15:10:28] [INFO]     Files : *.*
[2025-07-27 15:10:28] [INFO] 	    
[2025-07-27 15:10:28] [INFO]   Options : *.* /NDL /NFL /TEE /S /E /DCOPY:DA /COPY:DAT /PURGE /MIR /Z /MT:1 /R:0 /W:0 
[2025-07-27 15:10:28] [INFO] 
[2025-07-27 15:10:28] [INFO] ------------------------------------------------------------------------------
[2025-07-27 15:10:28] [INFO] 
[2025-07-27 15:10:28] [INFO] 
[2025-07-27 15:10:28] [INFO] ------------------------------------------------------------------------------
[2025-07-27 15:10:28] [INFO] 
[2025-07-27 15:10:28] [INFO]                Total    Copied   Skipped  Mismatch    FAILED    Extras
[2025-07-27 15:10:28] [INFO]     Dirs :        19        19        19         0         0         0
[2025-07-27 15:10:28] [INFO]    Files :        88         0        88         0         0         0
[2025-07-27 15:10:28] [INFO]    Bytes :  438.33 m         0  438.33 m         0         0         0
[2025-07-27 15:10:28] [INFO]    Times :   0:00:00   0:00:00                       0:00:00   0:00:00
[2025-07-27 15:10:28] [INFO]    Ended : Sunday, 27 July 2025 3:10:28 pm
[2025-07-27 15:10:28] [INFO] 
[2025-07-27 15:10:28] [INFO] Mirror operation completed (Exit code: 0)
[2025-07-27 15:10:28] [INFO] Starting Mirror operation from D:\Documents\GoogleDriveSync\Software to D:\Documents\Google Drive\Software
[2025-07-27 15:10:28] [INFO] 
[2025-07-27 15:10:28] [INFO] -------------------------------------------------------------------------------
[2025-07-27 15:10:28] [INFO]    ROBOCOPY     ::     Robust File Copy for Windows                              
[2025-07-27 15:10:28] [INFO] -------------------------------------------------------------------------------
[2025-07-27 15:10:28] [INFO] 
[2025-07-27 15:10:28] [INFO]   Started : Sunday, 27 July 2025 3:10:28 pm
[2025-07-27 15:10:28] [INFO]    Source : D:\Documents\GoogleDriveSync\Software\
[2025-07-27 15:10:28] [INFO]      Dest : D:\Documents\Google Drive\Software\
[2025-07-27 15:10:28] [INFO] 
[2025-07-27 15:10:28] [INFO]     Files : *.*
[2025-07-27 15:10:28] [INFO] 	    
[2025-07-27 15:10:28] [INFO]   Options : *.* /NDL /NFL /TEE /S /E /DCOPY:DA /COPY:DAT /PURGE /MIR /Z /MT:1 /R:0 /W:0 
[2025-07-27 15:10:28] [INFO] 
[2025-07-27 15:10:28] [INFO] ------------------------------------------------------------------------------
[2025-07-27 15:10:28] [INFO] 
[2025-07-27 15:10:28] [INFO] 
[2025-07-27 15:10:28] [INFO] ------------------------------------------------------------------------------
[2025-07-27 15:10:28] [INFO] 
[2025-07-27 15:10:28] [INFO]                Total    Copied   Skipped  Mismatch    FAILED    Extras
[2025-07-27 15:10:28] [INFO]     Dirs :        99        99        99         0         0         0
[2025-07-27 15:10:28] [INFO]    Files :        44         0        44         0         0         0
[2025-07-27 15:10:28] [INFO]    Bytes :  860.87 m         0  860.87 m         0         0         0
[2025-07-27 15:10:28] [INFO]    Times :   0:00:00   0:00:00                       0:00:00   0:00:00
[2025-07-27 15:10:28] [INFO]    Ended : Sunday, 27 July 2025 3:10:28 pm
[2025-07-27 15:10:28] [INFO] 
[2025-07-27 15:10:29] [INFO] Mirror operation completed (Exit code: 0)
[2025-07-27 15:10:29] [INFO] Starting Mirror operation from D:\Documents\GoogleDriveSync\Woodwork to D:\Documents\Google Drive\Woodwork
[2025-07-27 15:10:29] [INFO] 
[2025-07-27 15:10:29] [INFO] -------------------------------------------------------------------------------
[2025-07-27 15:10:29] [INFO]    ROBOCOPY     ::     Robust File Copy for Windows                              
[2025-07-27 15:10:29] [INFO] -------------------------------------------------------------------------------
[2025-07-27 15:10:29] [INFO] 
[2025-07-27 15:10:29] [INFO]   Started : Sunday, 27 July 2025 3:10:29 pm
[2025-07-27 15:10:29] [INFO]    Source : D:\Documents\GoogleDriveSync\Woodwork\
[2025-07-27 15:10:29] [INFO]      Dest : D:\Documents\Google Drive\Woodwork\
[2025-07-27 15:10:29] [INFO] 
[2025-07-27 15:10:29] [INFO]     Files : *.*
[2025-07-27 15:10:29] [INFO] 	    
[2025-07-27 15:10:29] [INFO]   Options : *.* /NDL /NFL /TEE /S /E /DCOPY:DA /COPY:DAT /PURGE /MIR /Z /MT:1 /R:0 /W:0 
[2025-07-27 15:10:29] [INFO] 
[2025-07-27 15:10:29] [INFO] ------------------------------------------------------------------------------
[2025-07-27 15:10:29] [INFO] 
[2025-07-27 15:10:29] [INFO] 
[2025-07-27 15:10:29] [INFO] ------------------------------------------------------------------------------
[2025-07-27 15:10:29] [INFO] 
[2025-07-27 15:10:29] [INFO]                Total    Copied   Skipped  Mismatch    FAILED    Extras
[2025-07-27 15:10:29] [INFO]     Dirs :         6         6         6         0         0         0
[2025-07-27 15:10:29] [INFO]    Files :        17         0        17         0         0         0
[2025-07-27 15:10:29] [INFO]    Bytes :  158.42 m         0  158.42 m         0         0         0
[2025-07-27 15:10:29] [INFO]    Times :   0:00:00   0:00:00                       0:00:00   0:00:00
[2025-07-27 15:10:29] [INFO]    Ended : Sunday, 27 July 2025 3:10:29 pm
[2025-07-27 15:10:29] [INFO] 
[2025-07-27 15:10:29] [INFO] Mirror operation completed (Exit code: 0)
[2025-07-27 15:10:29] [INFO] Starting Mirror operation from D:\Documents\GoogleDriveSync\Zoom to D:\Documents\Google Drive\Zoom
[2025-07-27 15:10:29] [INFO] 
[2025-07-27 15:10:29] [INFO] -------------------------------------------------------------------------------
[2025-07-27 15:10:29] [INFO]    ROBOCOPY     ::     Robust File Copy for Windows                              
[2025-07-27 15:10:29] [INFO] -------------------------------------------------------------------------------
[2025-07-27 15:10:29] [INFO] 
[2025-07-27 15:10:29] [INFO]   Started : Sunday, 27 July 2025 3:10:29 pm
[2025-07-27 15:10:29] [INFO]    Source : D:\Documents\GoogleDriveSync\Zoom\
[2025-07-27 15:10:29] [INFO]      Dest : D:\Documents\Google Drive\Zoom\
[2025-07-27 15:10:29] [INFO] 
[2025-07-27 15:10:29] [INFO]     Files : *.*
[2025-07-27 15:10:29] [INFO] 	    
[2025-07-27 15:10:29] [INFO]   Options : *.* /NDL /NFL /TEE /S /E /DCOPY:DA /COPY:DAT /PURGE /MIR /Z /MT:1 /R:0 /W:0 
[2025-07-27 15:10:29] [INFO] 
[2025-07-27 15:10:29] [INFO] ------------------------------------------------------------------------------
[2025-07-27 15:10:29] [INFO] 
[2025-07-27 15:10:29] [INFO] 
[2025-07-27 15:10:29] [INFO] ------------------------------------------------------------------------------
[2025-07-27 15:10:29] [INFO] 
[2025-07-27 15:10:29] [INFO]                Total    Copied   Skipped  Mismatch    FAILED    Extras
[2025-07-27 15:10:29] [INFO]     Dirs :         1         1         1         0         0         0
[2025-07-27 15:10:29] [INFO]    Files :         0         0         0         0         0         0
[2025-07-27 15:10:29] [INFO]    Bytes :         0         0         0         0         0         0
[2025-07-27 15:10:29] [INFO]    Times :   0:00:00   0:00:00                       0:00:00   0:00:00
[2025-07-27 15:10:29] [INFO]    Ended : Sunday, 27 July 2025 3:10:29 pm
[2025-07-27 15:10:29] [INFO] 
[2025-07-27 15:10:29] [INFO] Mirror operation completed (Exit code: 0)
[2025-07-27 15:10:29] [INFO] Starting Mirror operation from D:\Documents\MegaSync\NZMA to D:\Documents\Mega\NZMA
[2025-07-27 15:10:29] [INFO] 
[2025-07-27 15:10:29] [INFO] -------------------------------------------------------------------------------
[2025-07-27 15:10:29] [INFO]    ROBOCOPY     ::     Robust File Copy for Windows                              
[2025-07-27 15:10:29] [INFO] -------------------------------------------------------------------------------
[2025-07-27 15:10:29] [INFO] 
[2025-07-27 15:10:29] [INFO]   Started : Sunday, 27 July 2025 3:10:29 pm
[2025-07-27 15:10:29] [INFO]    Source : D:\Documents\MegaSync\NZMA\
[2025-07-27 15:10:29] [INFO]      Dest : D:\Documents\Mega\NZMA\
[2025-07-27 15:10:29] [INFO] 
[2025-07-27 15:10:29] [INFO]     Files : *.*
[2025-07-27 15:10:29] [INFO] 	    
[2025-07-27 15:10:29] [INFO]   Options : *.* /NDL /NFL /TEE /S /E /DCOPY:DA /COPY:DAT /PURGE /MIR /Z /MT:1 /R:0 /W:0 
[2025-07-27 15:10:29] [INFO] 
[2025-07-27 15:10:29] [INFO] ------------------------------------------------------------------------------
[2025-07-27 15:10:29] [INFO] 
[2025-07-27 15:10:29] [INFO] 
[2025-07-27 15:10:29] [INFO] ------------------------------------------------------------------------------
[2025-07-27 15:10:29] [INFO] 
[2025-07-27 15:10:29] [INFO]                Total    Copied   Skipped  Mismatch    FAILED    Extras
[2025-07-27 15:10:29] [INFO]     Dirs :        27        27        27         0         0         0
[2025-07-27 15:10:29] [INFO]    Files :        84         0        84         0         0         0
[2025-07-27 15:10:29] [INFO]    Bytes :  266.02 m         0  266.02 m         0         0         0
[2025-07-27 15:10:29] [INFO]    Times :   0:00:00   0:00:00                       0:00:00   0:00:00
[2025-07-27 15:10:29] [INFO]    Ended : Sunday, 27 July 2025 3:10:29 pm
[2025-07-27 15:10:29] [INFO] 
[2025-07-27 15:10:29] [INFO] Mirror operation completed (Exit code: 0)
[2025-07-27 15:10:29] [INFO] Starting Mirror operation from D:\Documents\MegaSync\Personal to D:\Documents\Mega\Personal
[2025-07-27 15:10:29] [INFO] 
[2025-07-27 15:10:29] [INFO] -------------------------------------------------------------------------------
[2025-07-27 15:10:29] [INFO]    ROBOCOPY     ::     Robust File Copy for Windows                              
[2025-07-27 15:10:29] [INFO] -------------------------------------------------------------------------------
[2025-07-27 15:10:29] [INFO] 
[2025-07-27 15:10:29] [INFO]   Started : Sunday, 27 July 2025 3:10:29 pm
[2025-07-27 15:10:29] [INFO]    Source : D:\Documents\MegaSync\Personal\
[2025-07-27 15:10:29] [INFO]      Dest : D:\Documents\Mega\Personal\
[2025-07-27 15:10:29] [INFO] 
[2025-07-27 15:10:29] [INFO]     Files : *.*
[2025-07-27 15:10:29] [INFO] 	    
[2025-07-27 15:10:29] [INFO]   Options : *.* /NDL /NFL /TEE /S /E /DCOPY:DA /COPY:DAT /PURGE /MIR /Z /MT:1 /R:0 /W:0 
[2025-07-27 15:10:29] [INFO] 
[2025-07-27 15:10:29] [INFO] ------------------------------------------------------------------------------
[2025-07-27 15:10:29] [INFO] 
[2025-07-27 15:10:29] [INFO] 
[2025-07-27 15:10:29] [INFO] ------------------------------------------------------------------------------
[2025-07-27 15:10:29] [INFO] 
[2025-07-27 15:10:29] [INFO]                Total    Copied   Skipped  Mismatch    FAILED    Extras
[2025-07-27 15:10:30] [INFO]     Dirs :       679       679       679         0         0         0
[2025-07-27 15:10:30] [INFO]    Files :      3799         0      3799         0         0         0
[2025-07-27 15:10:30] [INFO]    Bytes :   1.411 g         0   1.411 g         0         0         0
[2025-07-27 15:10:30] [INFO]    Times :   0:00:00   0:00:00                       0:00:00   0:00:00
[2025-07-27 15:10:30] [INFO]    Ended : Sunday, 27 July 2025 3:10:29 pm
[2025-07-27 15:10:30] [INFO] 
[2025-07-27 15:10:30] [INFO] Mirror operation completed (Exit code: 0)
[2025-07-27 15:10:30] [INFO] Starting zip operation for D:\Documents\GitHub\portfolio.github.io
[2025-07-27 15:10:30] [INFO] Removing existing zip: C:\Users\Lenovo\Dropbox\portfolio.github.io-Sun.zip
