[2025-07-24 20:16:50] [INFO] Starting zip operation for D:\Documents\MegaSync
[2025-07-24 20:18:11] [INFO] Successfully created zip: D:\Documents\Mega\-Backup.zip
[2025-07-24 20:18:11] [INFO] Starting Mirror operation from D:\Documents\GoogleDriveSync to D:\Documents\Google Drive
[2025-07-24 20:18:11] [INFO] 
[2025-07-24 20:18:11] [INFO] -------------------------------------------------------------------------------
[2025-07-24 20:18:11] [INFO]    ROBOCOPY     ::     Robust File Copy for Windows                              
[2025-07-24 20:18:11] [INFO] -------------------------------------------------------------------------------
[2025-07-24 20:18:11] [INFO] 
[2025-07-24 20:18:11] [INFO]   Started : Thursday, 24 July 2025 8:18:11 pm
[2025-07-24 20:18:11] [INFO]    Source : D:\Documents\GoogleDriveSync\
[2025-07-24 20:18:11] [INFO]      Dest : D:\Documents\Google Drive\
[2025-07-24 20:18:12] [INFO] 
[2025-07-24 20:18:12] [INFO]     Files : *.*
[2025-07-24 20:18:12] [INFO] 	    
[2025-07-24 20:18:12] [INFO]   Options : *.* /NDL /NFL /TEE /S /E /DCOPY:DA /COPY:DAT /PURGE /MIR /Z /MT:8 /R:3 /W:5 
[2025-07-24 20:18:12] [INFO] 
[2025-07-24 20:18:12] [INFO] ------------------------------------------------------------------------------
[2025-07-24 20:18:12] [INFO] 
[2025-07-24 20:18:12] [INFO] 
[2025-07-24 20:18:12] [INFO] ------------------------------------------------------------------------------
[2025-07-24 20:18:12] [INFO] 
[2025-07-24 20:18:12] [INFO]                Total    Copied   Skipped  Mismatch    FAILED    Extras
[2025-07-24 20:18:12] [INFO]     Dirs :       132       132       132         0         0         0
[2025-07-24 20:18:12] [INFO]    Files :       205         0       205         0         0         0
[2025-07-24 20:18:12] [INFO]    Bytes :   2.344 g         0   2.344 g         0         0         0
[2025-07-24 20:18:12] [INFO]    Times :   0:00:00   0:00:00                       0:00:00   0:00:00
[2025-07-24 20:18:12] [INFO]    Ended : Thursday, 24 July 2025 8:18:11 pm
[2025-07-24 20:18:12] [INFO] 
[2025-07-24 20:18:12] [INFO] Mirror operation completed (Exit code: 0)
[2025-07-24 20:18:12] [INFO] Starting zip operation for D:\Documents\GitHub\portfolio.github.io
[2025-07-24 20:18:12] [INFO] Removing existing zip: C:\Users\Lenovo\Dropbox\portfolio.github.io-Thu.zip
[2025-07-24 20:18:58] [INFO] Successfully created zip: C:\Users\Lenovo\Dropbox\portfolio.github.io-Thu.zip
[2025-07-24 20:18:59] [INFO] Monitoring sync status...
[2025-07-24 20:18:59] [INFO] All sync operations completed
[2025-07-24 20:18:59] [INFO] Backup process completed
