[2025-07-26 22:14:41] [INFO] Starting Mirror operation from D:\Documents\GoogleDriveSync\Books to D:\Documents\Google Drive\Books
[2025-07-26 22:14:41] [INFO] 
[2025-07-26 22:14:41] [INFO] -------------------------------------------------------------------------------
[2025-07-26 22:14:41] [INFO]    ROBOCOPY     ::     Robust File Copy for Windows                              
[2025-07-26 22:14:41] [INFO] -------------------------------------------------------------------------------
[2025-07-26 22:14:41] [INFO] 
[2025-07-26 22:14:41] [INFO]   Started : Saturday, 26 July 2025 10:14:41 pm
[2025-07-26 22:14:41] [INFO]    Source : D:\Documents\GoogleDriveSync\Books\
[2025-07-26 22:14:41] [INFO]      Dest : D:\Documents\Google Drive\Books\
[2025-07-26 22:14:41] [INFO] 
[2025-07-26 22:14:41] [INFO]     Files : *.*
[2025-07-26 22:14:41] [INFO] 	    
[2025-07-26 22:14:42] [INFO]   Options : *.* /NDL /NFL /TEE /S /E /DCOPY:DA /COPY:DAT /PURGE /MIR /Z /MT:1 /R:0 /W:0 
[2025-07-26 22:14:42] [INFO] 
[2025-07-26 22:14:42] [INFO] ------------------------------------------------------------------------------
[2025-07-26 22:14:42] [INFO] 
[2025-07-26 22:14:42] [INFO]   0%  
[2025-07-26 22:14:43] [INFO]   0%  
[2025-07-26 22:14:43] [INFO]   0%  
[2025-07-26 22:14:44] [INFO]   0%  
[2025-07-26 22:14:44] [INFO]   0%  
[2025-07-26 22:14:44] [INFO]   0%  
[2025-07-26 22:14:45] [INFO]   0%  
[2025-07-26 22:14:45] [INFO]   0%  
[2025-07-26 22:14:46] [INFO]   0%  
[2025-07-26 22:14:46] [INFO]   0%  
[2025-07-26 22:14:46] [INFO]   0%  
[2025-07-26 22:14:47] [INFO]   0%  
[2025-07-26 22:14:48] [INFO]   0%  
[2025-07-26 22:14:48] [INFO]   0%  
[2025-07-26 22:14:49] [INFO]   0%  
[2025-07-26 22:14:53] [INFO]   0%  
[2025-07-26 22:14:53] [INFO]   0%  
[2025-07-26 22:14:54] [INFO]   0%  
[2025-07-26 22:14:54] [INFO]   0%  
[2025-07-26 22:14:55] [INFO]   0%  
[2025-07-26 22:14:55] [INFO] 
[2025-07-26 22:14:55] [INFO] ------------------------------------------------------------------------------
[2025-07-26 22:14:55] [INFO] 
[2025-07-26 22:14:55] [INFO]                Total    Copied   Skipped  Mismatch    FAILED    Extras
[2025-07-26 22:14:55] [INFO]     Dirs :         5         5         0         0         0         0
[2025-07-26 22:14:55] [INFO]    Files :        56        56         0         0         0         0
[2025-07-26 22:14:55] [INFO]    Bytes :  947.84 m  947.84 m         0         0         0         0
[2025-07-26 22:14:55] [INFO]    Times :   0:00:26   0:00:06                       0:00:00   0:00:06
[2025-07-26 22:14:55] [INFO] 
[2025-07-26 22:14:55] [INFO] 
[2025-07-26 22:14:55] [INFO]    Speed :           149412425 Bytes/sec.
[2025-07-26 22:14:55] [INFO]    Speed :            8549.447 MegaBytes/min.
[2025-07-26 22:14:55] [INFO]    Ended : Saturday, 26 July 2025 10:14:55 pm
[2025-07-26 22:14:55] [INFO] 
[2025-07-26 22:14:55] [INFO] Mirror operation completed (Exit code: 1)
[2025-07-26 22:14:55] [INFO] Starting Mirror operation from D:\Documents\GoogleDriveSync\Piano to D:\Documents\Google Drive\Piano
[2025-07-26 22:14:55] [INFO] 
[2025-07-26 22:14:55] [INFO] -------------------------------------------------------------------------------
[2025-07-26 22:14:55] [INFO]    ROBOCOPY     ::     Robust File Copy for Windows                              
[2025-07-26 22:14:55] [INFO] -------------------------------------------------------------------------------
[2025-07-26 22:14:55] [INFO] 
[2025-07-26 22:14:55] [INFO]   Started : Saturday, 26 July 2025 10:14:55 pm
[2025-07-26 22:14:55] [INFO]    Source : D:\Documents\GoogleDriveSync\Piano\
[2025-07-26 22:14:55] [INFO]      Dest : D:\Documents\Google Drive\Piano\
[2025-07-26 22:14:55] [INFO] 
[2025-07-26 22:14:55] [INFO]     Files : *.*
[2025-07-26 22:14:55] [INFO] 	    
[2025-07-26 22:14:55] [INFO]   Options : *.* /NDL /NFL /TEE /S /E /DCOPY:DA /COPY:DAT /PURGE /MIR /Z /MT:1 /R:0 /W:0 
[2025-07-26 22:14:55] [INFO] 
[2025-07-26 22:14:55] [INFO] ------------------------------------------------------------------------------
[2025-07-26 22:14:55] [INFO] 
[2025-07-26 22:14:55] [INFO] 
[2025-07-26 22:14:55] [INFO] ------------------------------------------------------------------------------
[2025-07-26 22:14:55] [INFO] 
[2025-07-26 22:14:55] [INFO]                Total    Copied   Skipped  Mismatch    FAILED    Extras
[2025-07-26 22:14:55] [INFO]     Dirs :         1         1         0         0         0         0
[2025-07-26 22:14:55] [INFO]    Files :         1         1         0         0         0         0
[2025-07-26 22:14:55] [INFO]    Bytes :    13.3 k    13.3 k         0         0         0         0
[2025-07-26 22:14:55] [INFO]    Times :   0:00:00   0:00:00                       0:00:00   0:00:00
[2025-07-26 22:14:55] [INFO] 
[2025-07-26 22:14:55] [INFO] 
[2025-07-26 22:14:55] [INFO]    Speed :              144094 Bytes/sec.
[2025-07-26 22:14:55] [INFO]    Speed :               8.245 MegaBytes/min.
[2025-07-26 22:14:55] [INFO]    Ended : Saturday, 26 July 2025 10:14:55 pm
[2025-07-26 22:14:55] [INFO] 
[2025-07-26 22:14:55] [INFO] Mirror operation completed (Exit code: 1)
[2025-07-26 22:14:55] [INFO] Starting Mirror operation from D:\Documents\GoogleDriveSync\SketchUp to D:\Documents\Google Drive\SketchUp
[2025-07-26 22:14:55] [INFO] 
[2025-07-26 22:14:55] [INFO] -------------------------------------------------------------------------------
[2025-07-26 22:14:55] [INFO]    ROBOCOPY     ::     Robust File Copy for Windows                              
[2025-07-26 22:14:55] [INFO] -------------------------------------------------------------------------------
[2025-07-26 22:14:55] [INFO] 
[2025-07-26 22:14:55] [INFO]   Started : Saturday, 26 July 2025 10:14:55 pm
[2025-07-26 22:14:55] [INFO]    Source : D:\Documents\GoogleDriveSync\SketchUp\
[2025-07-26 22:14:55] [INFO]      Dest : D:\Documents\Google Drive\SketchUp\
[2025-07-26 22:14:55] [INFO] 
[2025-07-26 22:14:55] [INFO]     Files : *.*
[2025-07-26 22:14:55] [INFO] 	    
[2025-07-26 22:14:55] [INFO]   Options : *.* /NDL /NFL /TEE /S /E /DCOPY:DA /COPY:DAT /PURGE /MIR /Z /MT:1 /R:0 /W:0 
[2025-07-26 22:14:55] [INFO] 
[2025-07-26 22:14:55] [INFO] ------------------------------------------------------------------------------
[2025-07-26 22:14:56] [INFO] 
[2025-07-26 22:14:56] [INFO]   0%  
[2025-07-26 22:14:57] [INFO]   0%  
[2025-07-26 22:14:57] [INFO]   0%  
[2025-07-26 22:14:57] [INFO]   0%  
[2025-07-26 22:14:58] [INFO]   0%  
[2025-07-26 22:14:58] [INFO]   0%  
[2025-07-26 22:14:59] [INFO]   0%  
[2025-07-26 22:15:00] [INFO]   0%  
[2025-07-26 22:15:00] [INFO]   0%  
[2025-07-26 22:15:00] [INFO]   0%  
[2025-07-26 22:15:01] [INFO]   0%  
[2025-07-26 22:15:02] [INFO]   0%  
[2025-07-26 22:15:02] [INFO]   0%  
[2025-07-26 22:15:02] [INFO]   0%  
[2025-07-26 22:15:02] [INFO]   0%  
[2025-07-26 22:15:03] [INFO]   0%  
[2025-07-26 22:15:03] [INFO]   0%  
[2025-07-26 22:15:03] [INFO] 
[2025-07-26 22:15:03] [INFO] ------------------------------------------------------------------------------
[2025-07-26 22:15:03] [INFO] 
[2025-07-26 22:15:03] [INFO]                Total    Copied   Skipped  Mismatch    FAILED    Extras
[2025-07-26 22:15:03] [INFO]     Dirs :        19        19         0         0         0         0
[2025-07-26 22:15:03] [INFO]    Files :        88        88         0         0         0         0
[2025-07-26 22:15:03] [INFO]    Bytes :  438.33 m  438.33 m         0         0         0         0
[2025-07-26 22:15:03] [INFO]    Times :   0:00:14   0:00:03                       0:00:00   0:00:03
[2025-07-26 22:15:03] [INFO] 
[2025-07-26 22:15:03] [INFO] 
[2025-07-26 22:15:03] [INFO]    Speed :           127460839 Bytes/sec.
[2025-07-26 22:15:03] [INFO]    Speed :            7293.367 MegaBytes/min.
[2025-07-26 22:15:03] [INFO]    Ended : Saturday, 26 July 2025 10:15:03 pm
[2025-07-26 22:15:03] [INFO] 
[2025-07-26 22:15:03] [INFO] Mirror operation completed (Exit code: 1)
[2025-07-26 22:15:03] [INFO] Starting Mirror operation from D:\Documents\GoogleDriveSync\Software to D:\Documents\Google Drive\Software
[2025-07-26 22:15:03] [INFO] 
[2025-07-26 22:15:03] [INFO] -------------------------------------------------------------------------------
[2025-07-26 22:15:03] [INFO]    ROBOCOPY     ::     Robust File Copy for Windows                              
[2025-07-26 22:15:03] [INFO] -------------------------------------------------------------------------------
[2025-07-26 22:15:03] [INFO] 
[2025-07-26 22:15:03] [INFO]   Started : Saturday, 26 July 2025 10:15:03 pm
[2025-07-26 22:15:03] [INFO]    Source : D:\Documents\GoogleDriveSync\Software\
[2025-07-26 22:15:03] [INFO]      Dest : D:\Documents\Google Drive\Software\
[2025-07-26 22:15:03] [INFO] 
[2025-07-26 22:15:03] [INFO]     Files : *.*
[2025-07-26 22:15:03] [INFO] 	    
[2025-07-26 22:15:03] [INFO]   Options : *.* /NDL /NFL /TEE /S /E /DCOPY:DA /COPY:DAT /PURGE /MIR /Z /MT:1 /R:0 /W:0 
[2025-07-26 22:15:03] [INFO] 
[2025-07-26 22:15:03] [INFO] ------------------------------------------------------------------------------
[2025-07-26 22:15:04] [INFO] 
[2025-07-26 22:15:04] [INFO]   0%  
[2025-07-26 22:15:05] [INFO]   0%  
[2025-07-26 22:15:06] [INFO]   0%  
[2025-07-26 22:15:07] [INFO]   0%  
[2025-07-26 22:15:08] [INFO]   0%  
[2025-07-26 22:15:09] [INFO]   0%  
[2025-07-26 22:15:11] [INFO]   0%  
[2025-07-26 22:15:12] [INFO]   0%  
[2025-07-26 22:15:12] [INFO]   0%  
[2025-07-26 22:15:12] [INFO]   0%  
[2025-07-26 22:15:13] [INFO]   0%  
[2025-07-26 22:15:18] [INFO]   0%  
[2025-07-26 22:15:18] [INFO]   0%  
[2025-07-26 22:15:19] [INFO]   0%  
[2025-07-26 22:15:20] [INFO]   0%  
[2025-07-26 22:15:20] [INFO]   0%  
[2025-07-26 22:15:20] [INFO] 
[2025-07-26 22:15:20] [INFO] ------------------------------------------------------------------------------
[2025-07-26 22:15:20] [INFO] 
[2025-07-26 22:15:20] [INFO]                Total    Copied   Skipped  Mismatch    FAILED    Extras
[2025-07-26 22:15:20] [INFO]     Dirs :        99        99         0         0         0         0
[2025-07-26 22:15:20] [INFO]    Files :        44        44         0         0         0         0
[2025-07-26 22:15:20] [INFO]    Bytes :  860.87 m  860.87 m         0         0         0         0
[2025-07-26 22:15:20] [INFO]    Times :   0:00:32   0:00:08                       0:00:00   0:00:08
[2025-07-26 22:15:20] [INFO] 
[2025-07-26 22:15:20] [INFO] 
[2025-07-26 22:15:20] [INFO]    Speed :           109789895 Bytes/sec.
[2025-07-26 22:15:20] [INFO]    Speed :            6282.228 MegaBytes/min.
[2025-07-26 22:15:20] [INFO]    Ended : Saturday, 26 July 2025 10:15:20 pm
[2025-07-26 22:15:20] [INFO] 
[2025-07-26 22:15:20] [INFO] Mirror operation completed (Exit code: 1)
[2025-07-26 22:15:20] [INFO] Starting Mirror operation from D:\Documents\GoogleDriveSync\Woodwork to D:\Documents\Google Drive\Woodwork
[2025-07-26 22:15:20] [INFO] 
[2025-07-26 22:15:20] [INFO] -------------------------------------------------------------------------------
[2025-07-26 22:15:20] [INFO]    ROBOCOPY     ::     Robust File Copy for Windows                              
[2025-07-26 22:15:20] [INFO] -------------------------------------------------------------------------------
[2025-07-26 22:15:20] [INFO] 
[2025-07-26 22:15:20] [INFO]   Started : Saturday, 26 July 2025 10:15:20 pm
[2025-07-26 22:15:21] [INFO]    Source : D:\Documents\GoogleDriveSync\Woodwork\
[2025-07-26 22:15:21] [INFO]      Dest : D:\Documents\Google Drive\Woodwork\
[2025-07-26 22:15:21] [INFO] 
[2025-07-26 22:15:21] [INFO]     Files : *.*
[2025-07-26 22:15:21] [INFO] 	    
[2025-07-26 22:15:21] [INFO]   Options : *.* /NDL /NFL /TEE /S /E /DCOPY:DA /COPY:DAT /PURGE /MIR /Z /MT:1 /R:0 /W:0 
[2025-07-26 22:15:21] [INFO] 
[2025-07-26 22:15:21] [INFO] ------------------------------------------------------------------------------
[2025-07-26 22:15:21] [INFO] 
[2025-07-26 22:15:23] [INFO]   0%  
[2025-07-26 22:15:23] [INFO]   0%  
[2025-07-26 22:15:23] [INFO] 
[2025-07-26 22:15:23] [INFO] ------------------------------------------------------------------------------
[2025-07-26 22:15:23] [INFO] 
[2025-07-26 22:15:23] [INFO]                Total    Copied   Skipped  Mismatch    FAILED    Extras
[2025-07-26 22:15:23] [INFO]     Dirs :         6         6         0         0         0         0
[2025-07-26 22:15:23] [INFO]    Files :        17        17         0         0         0         0
[2025-07-26 22:15:23] [INFO]    Bytes :  158.42 m  158.42 m         0         0         0         0
[2025-07-26 22:15:23] [INFO]    Times :   0:00:04   0:00:01                       0:00:00   0:00:01
[2025-07-26 22:15:23] [INFO] 
[2025-07-26 22:15:23] [INFO] 
[2025-07-26 22:15:23] [INFO]    Speed :           138662164 Bytes/sec.
[2025-07-26 22:15:23] [INFO]    Speed :            7934.312 MegaBytes/min.
[2025-07-26 22:15:23] [INFO]    Ended : Saturday, 26 July 2025 10:15:23 pm
[2025-07-26 22:15:23] [INFO] 
[2025-07-26 22:15:23] [INFO] Mirror operation completed (Exit code: 1)
[2025-07-26 22:15:23] [INFO] Starting Mirror operation from D:\Documents\GoogleDriveSync\Zoom to D:\Documents\Google Drive\Zoom
[2025-07-26 22:15:23] [INFO] 
[2025-07-26 22:15:23] [INFO] -------------------------------------------------------------------------------
[2025-07-26 22:15:23] [INFO]    ROBOCOPY     ::     Robust File Copy for Windows                              
[2025-07-26 22:15:23] [INFO] -------------------------------------------------------------------------------
[2025-07-26 22:15:23] [INFO] 
[2025-07-26 22:15:23] [INFO]   Started : Saturday, 26 July 2025 10:15:23 pm
[2025-07-26 22:15:23] [INFO]    Source : D:\Documents\GoogleDriveSync\Zoom\
[2025-07-26 22:15:23] [INFO]      Dest : D:\Documents\Google Drive\Zoom\
[2025-07-26 22:15:23] [INFO] 
[2025-07-26 22:15:23] [INFO]     Files : *.*
[2025-07-26 22:15:23] [INFO] 	    
[2025-07-26 22:15:23] [INFO]   Options : *.* /NDL /NFL /TEE /S /E /DCOPY:DA /COPY:DAT /PURGE /MIR /Z /MT:1 /R:0 /W:0 
[2025-07-26 22:15:23] [INFO] 
[2025-07-26 22:15:23] [INFO] ------------------------------------------------------------------------------
[2025-07-26 22:15:23] [INFO] 
[2025-07-26 22:15:23] [INFO] 
[2025-07-26 22:15:23] [INFO] ------------------------------------------------------------------------------
[2025-07-26 22:15:23] [INFO] 
[2025-07-26 22:15:23] [INFO]                Total    Copied   Skipped  Mismatch    FAILED    Extras
[2025-07-26 22:15:23] [INFO]     Dirs :         1         1         0         0         0         0
[2025-07-26 22:15:23] [INFO]    Files :         0         0         0         0         0         0
[2025-07-26 22:15:23] [INFO]    Bytes :         0         0         0         0         0         0
[2025-07-26 22:15:23] [INFO]    Times :   0:00:00   0:00:00                       0:00:00   0:00:00
[2025-07-26 22:15:23] [INFO]    Ended : Saturday, 26 July 2025 10:15:23 pm
[2025-07-26 22:15:23] [INFO] 
[2025-07-26 22:15:23] [INFO] Mirror operation completed (Exit code: 0)
[2025-07-26 22:15:23] [INFO] Starting Mirror operation from D:\Documents\MegaSync\NZMA to D:\Documents\Mega\NZMA
[2025-07-26 22:15:23] [INFO] 
[2025-07-26 22:15:23] [INFO] -------------------------------------------------------------------------------
[2025-07-26 22:15:23] [INFO]    ROBOCOPY     ::     Robust File Copy for Windows                              
[2025-07-26 22:15:23] [INFO] -------------------------------------------------------------------------------
[2025-07-26 22:15:23] [INFO] 
[2025-07-26 22:15:23] [INFO]   Started : Saturday, 26 July 2025 10:15:23 pm
[2025-07-26 22:15:23] [INFO]    Source : D:\Documents\MegaSync\NZMA\
[2025-07-26 22:15:23] [INFO]      Dest : D:\Documents\Mega\NZMA\
[2025-07-26 22:15:23] [INFO] 
[2025-07-26 22:15:23] [INFO]     Files : *.*
[2025-07-26 22:15:23] [INFO] 	    
[2025-07-26 22:15:23] [INFO]   Options : *.* /NDL /NFL /TEE /S /E /DCOPY:DA /COPY:DAT /PURGE /MIR /Z /MT:1 /R:0 /W:0 
[2025-07-26 22:15:23] [INFO] 
[2025-07-26 22:15:23] [INFO] ------------------------------------------------------------------------------
[2025-07-26 22:15:24] [INFO] 
[2025-07-26 22:15:24] [INFO]   0%  
[2025-07-26 22:15:24] [INFO]   0%  
[2025-07-26 22:15:24] [INFO]   0%  
[2025-07-26 22:15:25] [INFO]   0%  
[2025-07-26 22:15:25] [INFO]   0%  
[2025-07-26 22:15:25] [INFO]   0%  
[2025-07-26 22:15:25] [INFO]   0%  
[2025-07-26 22:15:25] [INFO]   0%  
[2025-07-26 22:15:26] [INFO]   0%  
[2025-07-26 22:15:26] [INFO]   0%  
[2025-07-26 22:15:26] [INFO]   0%  
[2025-07-26 22:15:27] [INFO]   0%  
[2025-07-26 22:15:28] [INFO]   0%  
[2025-07-26 22:15:28] [INFO]   0%  
[2025-07-26 22:15:28] [INFO]   0%  
[2025-07-26 22:15:28] [INFO] 
[2025-07-26 22:15:28] [INFO] ------------------------------------------------------------------------------
[2025-07-26 22:15:28] [INFO] 
[2025-07-26 22:15:28] [INFO]                Total    Copied   Skipped  Mismatch    FAILED    Extras
[2025-07-26 22:15:28] [INFO]     Dirs :        27        27         0         0         0         0
[2025-07-26 22:15:28] [INFO]    Files :        84        84         0         0         0         0
[2025-07-26 22:15:28] [INFO]    Bytes :  266.02 m  266.02 m         0         0         0         0
[2025-07-26 22:15:28] [INFO]    Times :   0:00:09   0:00:02                       0:00:00   0:00:02
[2025-07-26 22:15:28] [INFO] 
[2025-07-26 22:15:28] [INFO] 
[2025-07-26 22:15:28] [INFO]    Speed :           120807496 Bytes/sec.
[2025-07-26 22:15:28] [INFO]    Speed :            6912.660 MegaBytes/min.
[2025-07-26 22:15:28] [INFO]    Ended : Saturday, 26 July 2025 10:15:28 pm
[2025-07-26 22:15:28] [INFO] 
[2025-07-26 22:15:28] [INFO] Mirror operation completed (Exit code: 1)
[2025-07-26 22:15:28] [INFO] Starting Mirror operation from D:\Documents\MegaSync\Personal to D:\Documents\Mega\Personal
[2025-07-26 22:15:29] [INFO] 
[2025-07-26 22:15:29] [INFO] -------------------------------------------------------------------------------
[2025-07-26 22:15:29] [INFO]    ROBOCOPY     ::     Robust File Copy for Windows                              
[2025-07-26 22:15:29] [INFO] -------------------------------------------------------------------------------
[2025-07-26 22:15:29] [INFO] 
[2025-07-26 22:15:29] [INFO]   Started : Saturday, 26 July 2025 10:15:29 pm
[2025-07-26 22:15:29] [INFO]    Source : D:\Documents\MegaSync\Personal\
[2025-07-26 22:15:29] [INFO]      Dest : D:\Documents\Mega\Personal\
[2025-07-26 22:15:29] [INFO] 
[2025-07-26 22:15:29] [INFO]     Files : *.*
[2025-07-26 22:15:29] [INFO] 	    
[2025-07-26 22:15:29] [INFO]   Options : *.* /NDL /NFL /TEE /S /E /DCOPY:DA /COPY:DAT /PURGE /MIR /Z /MT:1 /R:0 /W:0 
[2025-07-26 22:15:29] [INFO] 
[2025-07-26 22:15:29] [INFO] ------------------------------------------------------------------------------
[2025-07-26 22:15:33] [INFO] 
[2025-07-26 22:15:40] [INFO]   0%  
[2025-07-26 22:15:40] [INFO]   0%  
[2025-07-26 22:15:41] [INFO]   0%  
[2025-07-26 22:15:41] [INFO]   0%  
[2025-07-26 22:15:42] [INFO]   0%  
[2025-07-26 22:15:42] [INFO]   0%  
[2025-07-26 22:15:42] [INFO]   0%  
[2025-07-26 22:15:43] [INFO]   0%  
[2025-07-26 22:15:43] [INFO]   0%  
[2025-07-26 22:15:43] [INFO]   0%  
[2025-07-26 22:15:43] [INFO]   0%  
[2025-07-26 22:15:44] [INFO]   0%  
[2025-07-26 22:15:44] [INFO]   0%  
[2025-07-26 22:15:44] [INFO]   0%  
[2025-07-26 22:15:45] [INFO]   0%  
[2025-07-26 22:15:45] [INFO]   0%  
[2025-07-26 22:15:45] [INFO]   0%  
[2025-07-26 22:15:45] [INFO]   0%  
[2025-07-26 22:15:45] [INFO]   0%  
[2025-07-26 22:15:46] [INFO]   0%  
[2025-07-26 22:15:46] [INFO]   0%  
[2025-07-26 22:15:46] [INFO]   0%  
[2025-07-26 22:15:46] [INFO]   0%  
[2025-07-26 22:15:47] [INFO]   0%  
[2025-07-26 22:15:47] [INFO]   0%  
[2025-07-26 22:15:47] [INFO]   0%  
[2025-07-26 22:15:47] [INFO]   0%  
[2025-07-26 22:15:47] [INFO]   0%  
[2025-07-26 22:15:48] [INFO]   0%  
[2025-07-26 22:15:48] [INFO]   0%  
[2025-07-26 22:15:48] [INFO]   0%  
[2025-07-26 22:15:48] [INFO]   0%  
[2025-07-26 22:15:49] [INFO]   0%  
[2025-07-26 22:15:49] [INFO]   0%  
[2025-07-26 22:15:49] [INFO]   0%  
[2025-07-26 22:15:49] [INFO]   0%  
[2025-07-26 22:15:50] [INFO]   0%  
[2025-07-26 22:15:50] [INFO]   0%  
[2025-07-26 22:15:50] [INFO]   0%  
[2025-07-26 22:15:50] [INFO]   0%  
[2025-07-26 22:15:51] [INFO]   0%  
[2025-07-26 22:15:51] [INFO]   0%  
[2025-07-26 22:15:51] [INFO]   0%  
[2025-07-26 22:15:51] [INFO]   0%  
[2025-07-26 22:15:51] [INFO]   0%  
[2025-07-26 22:15:52] [INFO]   0%  
[2025-07-26 22:15:53] [INFO]   0%  
[2025-07-26 22:15:53] [INFO]   0%  
[2025-07-26 22:15:53] [INFO]   0%  
[2025-07-26 22:15:53] [INFO]   0%  
[2025-07-26 22:15:54] [INFO]   0%  
[2025-07-26 22:15:54] [INFO]   0%  
[2025-07-26 22:15:55] [INFO]   0%  
[2025-07-26 22:15:56] [INFO]   0%  
[2025-07-26 22:15:56] [INFO]   0%  
[2025-07-26 22:15:56] [INFO]   0%  
[2025-07-26 22:15:56] [INFO]   0%  
[2025-07-26 22:15:57] [INFO]   0%  
[2025-07-26 22:15:57] [INFO]   0%  
[2025-07-26 22:15:57] [INFO]   0%  
[2025-07-26 22:15:57] [INFO]   0%  
[2025-07-26 22:15:57] [INFO]   0%  
[2025-07-26 22:15:58] [INFO]   0%  
[2025-07-26 22:15:58] [INFO]   0%  
[2025-07-26 22:15:58] [INFO]   0%  
[2025-07-26 22:15:58] [INFO]   0%  
[2025-07-26 22:15:58] [INFO]   0%  
[2025-07-26 22:15:59] [INFO]   0%  
[2025-07-26 22:15:59] [INFO]   0%  
[2025-07-26 22:15:59] [INFO]   0%  
[2025-07-26 22:15:59] [INFO]   0%  
[2025-07-26 22:15:59] [INFO]   0%  
[2025-07-26 22:16:00] [INFO]   0%  
[2025-07-26 22:16:00] [INFO]   0%  
[2025-07-26 22:16:00] [INFO]   0%  
[2025-07-26 22:16:00] [INFO]   0%  
[2025-07-26 22:16:00] [INFO]   0%  
[2025-07-26 22:16:01] [INFO]   0%  
[2025-07-26 22:16:01] [INFO]   0%  
[2025-07-26 22:16:01] [INFO]   0%  
[2025-07-26 22:16:01] [INFO]   0%  
[2025-07-26 22:16:01] [INFO]   0%  
[2025-07-26 22:16:02] [INFO]   0%  
[2025-07-26 22:16:03] [INFO]   0%  
[2025-07-26 22:16:03] [INFO]   0%  
[2025-07-26 22:16:04] [INFO]   0%  
[2025-07-26 22:16:04] [INFO]   0%  
[2025-07-26 22:16:04] [INFO] 
[2025-07-26 22:16:04] [INFO] ------------------------------------------------------------------------------
[2025-07-26 22:16:04] [INFO] 
[2025-07-26 22:16:04] [INFO]                Total    Copied   Skipped  Mismatch    FAILED    Extras
[2025-07-26 22:16:04] [INFO]     Dirs :       679       679         0         0         0         0
[2025-07-26 22:16:04] [INFO]    Files :      3799      3799         0         0         0         0
[2025-07-26 22:16:04] [INFO]    Bytes :   1.411 g   1.411 g         0         0         0         0
[2025-07-26 22:16:04] [INFO]    Times :   0:01:09   0:00:17                       0:00:00   0:00:17
[2025-07-26 22:16:04] [INFO] 
[2025-07-26 22:16:04] [INFO] 
[2025-07-26 22:16:04] [INFO]    Speed :            87716931 Bytes/sec.
[2025-07-26 22:16:04] [INFO]    Speed :            5019.203 MegaBytes/min.
[2025-07-26 22:16:04] [INFO]    Ended : Saturday, 26 July 2025 10:16:04 pm
[2025-07-26 22:16:04] [INFO] 
[2025-07-26 22:16:04] [INFO] Mirror operation completed (Exit code: 1)
[2025-07-26 22:16:04] [INFO] Starting zip operation for D:\Documents\GitHub\portfolio.github.io
[2025-07-26 22:16:04] [INFO] Removing existing zip: C:\Users\Lenovo\Dropbox\portfolio.github.io-Sat.zip
[2025-07-26 22:16:54] [INFO] Successfully created zip: C:\Users\Lenovo\Dropbox\portfolio.github.io-Sat.zip
[2025-07-26 22:16:54] [INFO] Monitoring sync status...
[2025-07-26 22:16:55] [INFO] All sync operations completed
[2025-07-26 22:16:55] [INFO] Backup process completed
