[2025-07-27 14:59:44] [INFO] Starting Mirror operation from D:\Documents\GoogleDriveSync\Books to D:\Documents\Google Drive\Books
[2025-07-27 14:59:44] [INFO] 
[2025-07-27 14:59:44] [INFO] -------------------------------------------------------------------------------
[2025-07-27 14:59:44] [INFO]    ROBOCOPY     ::     Robust File Copy for Windows                              
[2025-07-27 14:59:44] [INFO] -------------------------------------------------------------------------------
[2025-07-27 14:59:44] [INFO] 
[2025-07-27 14:59:44] [INFO]   Started : Sunday, 27 July 2025 2:59:44 pm
[2025-07-27 14:59:44] [INFO]    Source : D:\Documents\GoogleDriveSync\Books\
[2025-07-27 14:59:44] [INFO]      Dest : D:\Documents\Google Drive\Books\
[2025-07-27 14:59:44] [INFO] 
[2025-07-27 14:59:44] [INFO]     Files : *.*
[2025-07-27 14:59:44] [INFO] 	    
[2025-07-27 14:59:44] [INFO]   Options : *.* /NDL /NFL /TEE /S /E /DCOPY:DA /COPY:DAT /PURGE /MIR /Z /MT:1 /R:0 /W:0 
[2025-07-27 14:59:44] [INFO] 
[2025-07-27 14:59:44] [INFO] ------------------------------------------------------------------------------
[2025-07-27 14:59:44] [INFO] 
[2025-07-27 14:59:44] [INFO] 
[2025-07-27 14:59:44] [INFO] ------------------------------------------------------------------------------
[2025-07-27 14:59:44] [INFO] 
[2025-07-27 14:59:44] [INFO]                Total    Copied   Skipped  Mismatch    FAILED    Extras
[2025-07-27 14:59:44] [INFO]     Dirs :         5         5         5         0         0         0
[2025-07-27 14:59:44] [INFO]    Files :        56         0        56         0         0         0
[2025-07-27 14:59:44] [INFO]    Bytes :  947.84 m         0  947.84 m         0         0         0
[2025-07-27 14:59:44] [INFO]    Times :   0:00:00   0:00:00                       0:00:00   0:00:00
[2025-07-27 14:59:44] [INFO]    Ended : Sunday, 27 July 2025 2:59:44 pm
[2025-07-27 14:59:44] [INFO] 
[2025-07-27 14:59:44] [INFO] Mirror operation completed (Exit code: 0)
[2025-07-27 14:59:44] [INFO] Starting Mirror operation from D:\Documents\GoogleDriveSync\Piano to D:\Documents\Google Drive\Piano
[2025-07-27 14:59:44] [INFO] 
[2025-07-27 14:59:44] [INFO] -------------------------------------------------------------------------------
[2025-07-27 14:59:44] [INFO]    ROBOCOPY     ::     Robust File Copy for Windows                              
[2025-07-27 14:59:44] [INFO] -------------------------------------------------------------------------------
[2025-07-27 14:59:44] [INFO] 
[2025-07-27 14:59:44] [INFO]   Started : Sunday, 27 July 2025 2:59:44 pm
[2025-07-27 14:59:44] [INFO]    Source : D:\Documents\GoogleDriveSync\Piano\
[2025-07-27 14:59:44] [INFO]      Dest : D:\Documents\Google Drive\Piano\
[2025-07-27 14:59:44] [INFO] 
[2025-07-27 14:59:44] [INFO]     Files : *.*
[2025-07-27 14:59:44] [INFO] 	    
[2025-07-27 14:59:44] [INFO]   Options : *.* /NDL /NFL /TEE /S /E /DCOPY:DA /COPY:DAT /PURGE /MIR /Z /MT:1 /R:0 /W:0 
[2025-07-27 14:59:44] [INFO] 
[2025-07-27 14:59:44] [INFO] ------------------------------------------------------------------------------
[2025-07-27 14:59:44] [INFO] 
[2025-07-27 14:59:44] [INFO] 
[2025-07-27 14:59:44] [INFO] ------------------------------------------------------------------------------
[2025-07-27 14:59:44] [INFO] 
[2025-07-27 14:59:44] [INFO]                Total    Copied   Skipped  Mismatch    FAILED    Extras
[2025-07-27 14:59:44] [INFO]     Dirs :         1         1         1         0         0         0
[2025-07-27 14:59:44] [INFO]    Files :         1         0         1         0         0         0
[2025-07-27 14:59:44] [INFO]    Bytes :    13.3 k         0    13.3 k         0         0         0
[2025-07-27 14:59:44] [INFO]    Times :   0:00:00   0:00:00                       0:00:00   0:00:00
[2025-07-27 14:59:44] [INFO]    Ended : Sunday, 27 July 2025 2:59:44 pm
[2025-07-27 14:59:44] [INFO] 
[2025-07-27 14:59:44] [INFO] Mirror operation completed (Exit code: 0)
[2025-07-27 14:59:44] [INFO] Starting Mirror operation from D:\Documents\GoogleDriveSync\SketchUp to D:\Documents\Google Drive\SketchUp
[2025-07-27 14:59:44] [INFO] 
[2025-07-27 14:59:44] [INFO] -------------------------------------------------------------------------------
[2025-07-27 14:59:44] [INFO]    ROBOCOPY     ::     Robust File Copy for Windows                              
[2025-07-27 14:59:44] [INFO] -------------------------------------------------------------------------------
[2025-07-27 14:59:44] [INFO] 
[2025-07-27 14:59:44] [INFO]   Started : Sunday, 27 July 2025 2:59:44 pm
[2025-07-27 14:59:44] [INFO]    Source : D:\Documents\GoogleDriveSync\SketchUp\
[2025-07-27 14:59:44] [INFO]      Dest : D:\Documents\Google Drive\SketchUp\
[2025-07-27 14:59:44] [INFO] 
[2025-07-27 14:59:44] [INFO]     Files : *.*
[2025-07-27 14:59:44] [INFO] 	    
[2025-07-27 14:59:44] [INFO]   Options : *.* /NDL /NFL /TEE /S /E /DCOPY:DA /COPY:DAT /PURGE /MIR /Z /MT:1 /R:0 /W:0 
[2025-07-27 14:59:44] [INFO] 
[2025-07-27 14:59:44] [INFO] ------------------------------------------------------------------------------
[2025-07-27 14:59:44] [INFO] 
[2025-07-27 14:59:44] [INFO] 
[2025-07-27 14:59:44] [INFO] ------------------------------------------------------------------------------
[2025-07-27 14:59:44] [INFO] 
[2025-07-27 14:59:44] [INFO]                Total    Copied   Skipped  Mismatch    FAILED    Extras
[2025-07-27 14:59:44] [INFO]     Dirs :        19        19        19         0         0         0
[2025-07-27 14:59:44] [INFO]    Files :        88         0        88         0         0         0
[2025-07-27 14:59:44] [INFO]    Bytes :  438.33 m         0  438.33 m         0         0         0
[2025-07-27 14:59:44] [INFO]    Times :   0:00:00   0:00:00                       0:00:00   0:00:00
[2025-07-27 14:59:44] [INFO]    Ended : Sunday, 27 July 2025 2:59:44 pm
[2025-07-27 14:59:44] [INFO] 
[2025-07-27 14:59:44] [INFO] Mirror operation completed (Exit code: 0)
[2025-07-27 14:59:45] [INFO] Starting Mirror operation from D:\Documents\GoogleDriveSync\Software to D:\Documents\Google Drive\Software
[2025-07-27 14:59:45] [INFO] 
[2025-07-27 14:59:45] [INFO] -------------------------------------------------------------------------------
[2025-07-27 14:59:45] [INFO]    ROBOCOPY     ::     Robust File Copy for Windows                              
[2025-07-27 14:59:45] [INFO] -------------------------------------------------------------------------------
[2025-07-27 14:59:45] [INFO] 
[2025-07-27 14:59:45] [INFO]   Started : Sunday, 27 July 2025 2:59:45 pm
[2025-07-27 14:59:45] [INFO]    Source : D:\Documents\GoogleDriveSync\Software\
[2025-07-27 14:59:45] [INFO]      Dest : D:\Documents\Google Drive\Software\
[2025-07-27 14:59:45] [INFO] 
[2025-07-27 14:59:45] [INFO]     Files : *.*
[2025-07-27 14:59:45] [INFO] 	    
[2025-07-27 14:59:45] [INFO]   Options : *.* /NDL /NFL /TEE /S /E /DCOPY:DA /COPY:DAT /PURGE /MIR /Z /MT:1 /R:0 /W:0 
[2025-07-27 14:59:45] [INFO] 
[2025-07-27 14:59:45] [INFO] ------------------------------------------------------------------------------
[2025-07-27 14:59:45] [INFO] 
[2025-07-27 14:59:45] [INFO] 
[2025-07-27 14:59:45] [INFO] ------------------------------------------------------------------------------
[2025-07-27 14:59:45] [INFO] 
[2025-07-27 14:59:45] [INFO]                Total    Copied   Skipped  Mismatch    FAILED    Extras
[2025-07-27 14:59:45] [INFO]     Dirs :        99        99        99         0         0         0
[2025-07-27 14:59:45] [INFO]    Files :        44         1        43         0         0         0
[2025-07-27 14:59:45] [INFO]    Bytes :  860.87 m       106  860.87 m         0         0         0
[2025-07-27 14:59:45] [INFO]    Times :   0:00:00   0:00:00                       0:00:00   0:00:00
[2025-07-27 14:59:45] [INFO] 
[2025-07-27 14:59:45] [INFO] 
[2025-07-27 14:59:45] [INFO]    Speed :               17666 Bytes/sec.
[2025-07-27 14:59:45] [INFO]    Speed :               1.010 MegaBytes/min.
[2025-07-27 14:59:45] [INFO]    Ended : Sunday, 27 July 2025 2:59:45 pm
[2025-07-27 14:59:45] [INFO] 
[2025-07-27 14:59:45] [INFO] Mirror operation completed (Exit code: 1)
[2025-07-27 14:59:45] [INFO] Starting Mirror operation from D:\Documents\GoogleDriveSync\Woodwork to D:\Documents\Google Drive\Woodwork
[2025-07-27 14:59:45] [INFO] 
[2025-07-27 14:59:45] [INFO] -------------------------------------------------------------------------------
[2025-07-27 14:59:45] [INFO]    ROBOCOPY     ::     Robust File Copy for Windows                              
[2025-07-27 14:59:45] [INFO] -------------------------------------------------------------------------------
[2025-07-27 14:59:45] [INFO] 
[2025-07-27 14:59:45] [INFO]   Started : Sunday, 27 July 2025 2:59:45 pm
[2025-07-27 14:59:45] [INFO]    Source : D:\Documents\GoogleDriveSync\Woodwork\
[2025-07-27 14:59:45] [INFO]      Dest : D:\Documents\Google Drive\Woodwork\
[2025-07-27 14:59:45] [INFO] 
[2025-07-27 14:59:45] [INFO]     Files : *.*
[2025-07-27 14:59:45] [INFO] 	    
[2025-07-27 14:59:45] [INFO]   Options : *.* /NDL /NFL /TEE /S /E /DCOPY:DA /COPY:DAT /PURGE /MIR /Z /MT:1 /R:0 /W:0 
[2025-07-27 14:59:45] [INFO] 
[2025-07-27 14:59:45] [INFO] ------------------------------------------------------------------------------
[2025-07-27 14:59:45] [INFO] 
[2025-07-27 14:59:45] [INFO] 
[2025-07-27 14:59:45] [INFO] ------------------------------------------------------------------------------
[2025-07-27 14:59:45] [INFO] 
[2025-07-27 14:59:45] [INFO]                Total    Copied   Skipped  Mismatch    FAILED    Extras
[2025-07-27 14:59:45] [INFO]     Dirs :         6         6         6         0         0         0
[2025-07-27 14:59:45] [INFO]    Files :        17         0        17         0         0         0
[2025-07-27 14:59:45] [INFO]    Bytes :  158.42 m         0  158.42 m         0         0         0
[2025-07-27 14:59:45] [INFO]    Times :   0:00:00   0:00:00                       0:00:00   0:00:00
[2025-07-27 14:59:45] [INFO]    Ended : Sunday, 27 July 2025 2:59:45 pm
[2025-07-27 14:59:45] [INFO] 
[2025-07-27 14:59:45] [INFO] Mirror operation completed (Exit code: 0)
[2025-07-27 14:59:45] [INFO] Starting Mirror operation from D:\Documents\GoogleDriveSync\Zoom to D:\Documents\Google Drive\Zoom
[2025-07-27 14:59:45] [INFO] 
[2025-07-27 14:59:45] [INFO] -------------------------------------------------------------------------------
[2025-07-27 14:59:45] [INFO]    ROBOCOPY     ::     Robust File Copy for Windows                              
[2025-07-27 14:59:45] [INFO] -------------------------------------------------------------------------------
[2025-07-27 14:59:45] [INFO] 
[2025-07-27 14:59:45] [INFO]   Started : Sunday, 27 July 2025 2:59:45 pm
[2025-07-27 14:59:45] [INFO]    Source : D:\Documents\GoogleDriveSync\Zoom\
[2025-07-27 14:59:45] [INFO]      Dest : D:\Documents\Google Drive\Zoom\
[2025-07-27 14:59:45] [INFO] 
[2025-07-27 14:59:45] [INFO]     Files : *.*
[2025-07-27 14:59:45] [INFO] 	    
[2025-07-27 14:59:45] [INFO]   Options : *.* /NDL /NFL /TEE /S /E /DCOPY:DA /COPY:DAT /PURGE /MIR /Z /MT:1 /R:0 /W:0 
[2025-07-27 14:59:45] [INFO] 
[2025-07-27 14:59:45] [INFO] ------------------------------------------------------------------------------
[2025-07-27 14:59:45] [INFO] 
[2025-07-27 14:59:45] [INFO] 
[2025-07-27 14:59:45] [INFO] ------------------------------------------------------------------------------
[2025-07-27 14:59:45] [INFO] 
[2025-07-27 14:59:45] [INFO]                Total    Copied   Skipped  Mismatch    FAILED    Extras
[2025-07-27 14:59:45] [INFO]     Dirs :         1         1         1         0         0         0
[2025-07-27 14:59:45] [INFO]    Files :         0         0         0         0         0         0
[2025-07-27 14:59:45] [INFO]    Bytes :         0         0         0         0         0         0
[2025-07-27 14:59:45] [INFO]    Times :   0:00:00   0:00:00                       0:00:00   0:00:00
[2025-07-27 14:59:45] [INFO]    Ended : Sunday, 27 July 2025 2:59:45 pm
[2025-07-27 14:59:45] [INFO] 
[2025-07-27 14:59:45] [INFO] Mirror operation completed (Exit code: 0)
[2025-07-27 14:59:45] [INFO] Starting Mirror operation from D:\Documents\Mega\NZMA to D:\Documents\Mega\NZMA
[2025-07-27 14:59:45] [INFO] 
[2025-07-27 14:59:45] [INFO] -------------------------------------------------------------------------------
[2025-07-27 14:59:45] [INFO]    ROBOCOPY     ::     Robust File Copy for Windows                              
[2025-07-27 14:59:45] [INFO] -------------------------------------------------------------------------------
[2025-07-27 14:59:45] [INFO] 
[2025-07-27 14:59:45] [INFO]   Started : Sunday, 27 July 2025 2:59:45 pm
[2025-07-27 14:59:45] [INFO]    Source : D:\Documents\Mega\NZMA\
[2025-07-27 14:59:45] [INFO]      Dest : D:\Documents\Mega\NZMA\
[2025-07-27 14:59:45] [INFO] 
[2025-07-27 14:59:45] [INFO]     Files : *.*
[2025-07-27 14:59:45] [INFO] 	    
[2025-07-27 14:59:45] [INFO]   Options : *.* /NDL /NFL /TEE /S /E /DCOPY:DA /COPY:DAT /PURGE /MIR /Z /MT:1 /R:0 /W:0 
[2025-07-27 14:59:45] [INFO] 
[2025-07-27 14:59:45] [INFO] ------------------------------------------------------------------------------
[2025-07-27 14:59:45] [INFO] 
[2025-07-27 14:59:45] [INFO] 
[2025-07-27 14:59:45] [INFO] ------------------------------------------------------------------------------
[2025-07-27 14:59:45] [INFO] 
[2025-07-27 14:59:45] [INFO]                Total    Copied   Skipped  Mismatch    FAILED    Extras
[2025-07-27 14:59:45] [INFO]     Dirs :        27        27        27         0         0         0
[2025-07-27 14:59:45] [INFO]    Files :        84         0        84         0         0         0
[2025-07-27 14:59:46] [INFO]    Bytes :  266.02 m         0  266.02 m         0         0         0
[2025-07-27 14:59:46] [INFO]    Times :   0:00:00   0:00:00                       0:00:00   0:00:00
[2025-07-27 14:59:46] [INFO]    Ended : Sunday, 27 July 2025 2:59:45 pm
[2025-07-27 14:59:46] [INFO] 
[2025-07-27 14:59:46] [INFO] Mirror operation completed (Exit code: 0)
[2025-07-27 14:59:46] [INFO] Starting Mirror operation from D:\Documents\MegaSync to D:\Documents\Mega\MegaSync
[2025-07-27 14:59:46] [INFO] 
[2025-07-27 14:59:46] [INFO] -------------------------------------------------------------------------------
[2025-07-27 14:59:46] [INFO]    ROBOCOPY     ::     Robust File Copy for Windows                              
[2025-07-27 14:59:46] [INFO] -------------------------------------------------------------------------------
[2025-07-27 14:59:46] [INFO] 
[2025-07-27 14:59:46] [INFO]   Started : Sunday, 27 July 2025 2:59:46 pm
[2025-07-27 14:59:46] [INFO]    Source : D:\Documents\MegaSync\
[2025-07-27 14:59:46] [INFO]      Dest : D:\Documents\Mega\MegaSync\
[2025-07-27 14:59:46] [INFO] 
[2025-07-27 14:59:46] [INFO]     Files : *.*
[2025-07-27 14:59:46] [INFO] 	    
[2025-07-27 14:59:46] [INFO]   Options : *.* /NDL /NFL /TEE /S /E /DCOPY:DA /COPY:DAT /PURGE /MIR /Z /MT:1 /R:0 /W:0 
[2025-07-27 14:59:46] [INFO] 
[2025-07-27 14:59:46] [INFO] ------------------------------------------------------------------------------
[2025-07-27 14:59:46] [INFO] 
[2025-07-27 14:59:46] [INFO]   0%  
[2025-07-27 14:59:46] [INFO]   0%  
[2025-07-27 14:59:49] [INFO]   0%  
[2025-07-27 14:59:58] [INFO]   0%  
[2025-07-27 14:59:58] [INFO]   0%  
[2025-07-27 14:59:58] [INFO]   0%  
[2025-07-27 14:59:59] [INFO]   0%  
[2025-07-27 14:59:59] [INFO]   0%  
[2025-07-27 14:59:59] [INFO]   0%  
[2025-07-27 15:00:00] [INFO]   0%  
[2025-07-27 15:00:00] [INFO]   0%  
[2025-07-27 15:00:00] [INFO]   0%  
[2025-07-27 15:00:01] [INFO]   0%  
[2025-07-27 15:00:01] [INFO]   0%  
[2025-07-27 15:00:01] [INFO]   0%  
[2025-07-27 15:00:02] [INFO]   0%  
[2025-07-27 15:00:02] [INFO]   0%  
[2025-07-27 15:00:02] [INFO]   0%  
[2025-07-27 15:00:03] [INFO]   0%  
[2025-07-27 15:00:03] [INFO]   0%  
[2025-07-27 15:00:03] [INFO]   0%  
[2025-07-27 15:00:04] [INFO]   0%  
[2025-07-27 15:00:04] [INFO]   0%  
[2025-07-27 15:00:04] [INFO]   0%  
[2025-07-27 15:00:04] [INFO]   0%  
[2025-07-27 15:00:05] [INFO]   0%  
[2025-07-27 15:00:05] [INFO]   0%  
[2025-07-27 15:00:05] [INFO]   0%  
[2025-07-27 15:00:05] [INFO]   0%  
[2025-07-27 15:00:06] [INFO]   0%  
[2025-07-27 15:00:07] [INFO]   0%  
[2025-07-27 15:00:07] [INFO]   0%  
[2025-07-27 15:00:07] [INFO]   0%  
[2025-07-27 15:00:08] [INFO]   0%  
[2025-07-27 15:00:08] [INFO]   0%  
[2025-07-27 15:00:09] [INFO]   0%  
[2025-07-27 15:00:09] [INFO]   0%  
[2025-07-27 15:00:10] [INFO]   0%  
[2025-07-27 15:00:10] [INFO]   0%  
[2025-07-27 15:00:11] [INFO]   0%  
[2025-07-27 15:00:11] [INFO]   0%  
[2025-07-27 15:00:11] [INFO]   0%  
[2025-07-27 15:00:12] [INFO]   0%  
[2025-07-27 15:00:12] [INFO]   0%  
[2025-07-27 15:00:12] [INFO]   0%  
[2025-07-27 15:00:13] [INFO]   0%  
[2025-07-27 15:00:14] [INFO]   0%  
[2025-07-27 15:00:14] [INFO]   0%  
[2025-07-27 15:00:15] [INFO]   0%  
[2025-07-27 15:00:15] [INFO]   0%  
[2025-07-27 15:00:15] [INFO]   0%  
[2025-07-27 15:00:16] [INFO]   0%  
[2025-07-27 15:00:16] [INFO]   0%  
[2025-07-27 15:00:16] [INFO]   0%  
[2025-07-27 15:00:16] [INFO]   0%  
[2025-07-27 15:00:16] [INFO]   0%  
[2025-07-27 15:00:17] [INFO]   0%  
[2025-07-27 15:00:17] [INFO]   0%  
[2025-07-27 15:00:17] [INFO]   0%  
[2025-07-27 15:00:18] [INFO]   0%  
[2025-07-27 15:00:18] [INFO]   0%  
[2025-07-27 15:00:18] [INFO]   0%  
[2025-07-27 15:00:19] [INFO]   0%  
[2025-07-27 15:00:19] [INFO]   0%  
[2025-07-27 15:00:19] [INFO]   0%  
[2025-07-27 15:00:19] [INFO]   0%  
[2025-07-27 15:00:19] [INFO]   0%  
[2025-07-27 15:00:20] [INFO]   0%  
[2025-07-27 15:00:20] [INFO]   0%  
[2025-07-27 15:00:20] [INFO]   0%  
[2025-07-27 15:00:20] [INFO]   0%  
[2025-07-27 15:00:21] [INFO]   0%  
[2025-07-27 15:00:21] [INFO]   0%  
[2025-07-27 15:00:21] [INFO]   0%  
[2025-07-27 15:00:22] [INFO]   0%  
[2025-07-27 15:00:22] [INFO]   0%  
[2025-07-27 15:00:22] [INFO]   0%  
[2025-07-27 15:00:22] [INFO]   0%  
[2025-07-27 15:00:23] [INFO]   0%  
[2025-07-27 15:00:23] [INFO]   0%  
[2025-07-27 15:00:23] [INFO]   0%  
[2025-07-27 15:00:23] [INFO]   0%  
[2025-07-27 15:00:24] [INFO]   0%  
[2025-07-27 15:00:24] [INFO]   0%  
[2025-07-27 15:00:24] [INFO]   0%  
[2025-07-27 15:00:24] [INFO]   0%  
[2025-07-27 15:00:24] [INFO]   0%  
[2025-07-27 15:00:25] [INFO]   0%  
[2025-07-27 15:00:25] [INFO]   0%  
[2025-07-27 15:00:26] [INFO]   0%  
[2025-07-27 15:00:27] [INFO]   0%  
[2025-07-27 15:00:27] [INFO]   0%  
[2025-07-27 15:00:27] [INFO]   0%  
[2025-07-27 15:00:27] [INFO]   0%  
[2025-07-27 15:00:28] [INFO]   0%  
[2025-07-27 15:00:28] [INFO]   0%  
[2025-07-27 15:00:28] [INFO]   0%  
[2025-07-27 15:00:28] [INFO]   0%  
[2025-07-27 15:00:28] [INFO]   0%  
[2025-07-27 15:00:29] [INFO]   0%  
[2025-07-27 15:00:29] [INFO]   0%  
[2025-07-27 15:00:29] [INFO]   0%  
[2025-07-27 15:00:30] [INFO]   0%  
[2025-07-27 15:00:30] [INFO]   0%  
[2025-07-27 15:00:30] [INFO]   0%  
[2025-07-27 15:00:30] [INFO]   0%  
[2025-07-27 15:00:31] [INFO]   0%  
[2025-07-27 15:00:31] [INFO]   0%  
[2025-07-27 15:00:31] [INFO]   0%  
[2025-07-27 15:00:31] [INFO]   0%  
[2025-07-27 15:00:32] [INFO]   0%  
[2025-07-27 15:00:32] [INFO]   0%  
[2025-07-27 15:00:32] [INFO]   0%  
[2025-07-27 15:00:32] [INFO]   0%  
[2025-07-27 15:00:33] [INFO]   0%  
[2025-07-27 15:00:33] [INFO]   0%  
[2025-07-27 15:00:33] [INFO]   0%  
[2025-07-27 15:00:33] [INFO]   0%  
[2025-07-27 15:00:33] [INFO]   0%  
[2025-07-27 15:00:34] [INFO]   0%  
[2025-07-27 15:00:34] [INFO]   0%  
[2025-07-27 15:00:34] [INFO]   0%  
[2025-07-27 15:00:34] [INFO]   0%  
[2025-07-27 15:00:34] [INFO]   0%  
[2025-07-27 15:00:35] [INFO]   0%  
[2025-07-27 15:00:35] [INFO]   0%  
[2025-07-27 15:00:35] [INFO]   0%  
[2025-07-27 15:00:35] [INFO]   0%  
[2025-07-27 15:00:35] [INFO]   0%  
[2025-07-27 15:00:36] [INFO]   0%  
[2025-07-27 15:00:36] [INFO]   0%  
[2025-07-27 15:00:36] [INFO]   0%  
[2025-07-27 15:00:36] [INFO]   0%  
[2025-07-27 15:00:37] [INFO]   0%  
[2025-07-27 15:00:37] [INFO]   0%  
[2025-07-27 15:00:37] [INFO]   0%  
[2025-07-27 15:00:37] [INFO]   0%  
[2025-07-27 15:00:38] [INFO]   0%  
[2025-07-27 15:00:38] [INFO]   0%  
[2025-07-27 15:00:38] [INFO]   0%  
[2025-07-27 15:00:38] [INFO]   0%  
[2025-07-27 15:00:38] [INFO]   0%  
[2025-07-27 15:00:39] [INFO]   0%  
[2025-07-27 15:00:39] [INFO] 
[2025-07-27 15:00:39] [INFO] ------------------------------------------------------------------------------
[2025-07-27 15:00:39] [INFO] 
[2025-07-27 15:00:39] [INFO]                Total    Copied   Skipped  Mismatch    FAILED    Extras
[2025-07-27 15:00:39] [INFO]     Dirs :       707       707         0         0         0         0
[2025-07-27 15:00:39] [INFO]    Files :      3883      3883         0         0         0         0
[2025-07-27 15:00:39] [INFO]    Bytes :   1.670 g   1.670 g         0         0         0         0
[2025-07-27 15:00:39] [INFO]    Times :   0:01:41   0:00:25                       0:00:00   0:00:27
[2025-07-27 15:00:39] [INFO] 
[2025-07-27 15:00:39] [INFO] 
[2025-07-27 15:00:39] [INFO]    Speed :            70994253 Bytes/sec.
[2025-07-27 15:00:39] [INFO]    Speed :            4062.323 MegaBytes/min.
[2025-07-27 15:00:39] [INFO]    Ended : Sunday, 27 July 2025 3:00:39 pm
[2025-07-27 15:00:39] [INFO] 
[2025-07-27 15:00:39] [INFO] Mirror operation completed (Exit code: 1)
[2025-07-27 15:00:39] [INFO] Starting zip operation for D:\Documents\GitHub\portfolio.github.io
[2025-07-27 15:02:02] [INFO] Successfully created zip: C:\Users\Lenovo\Dropbox\portfolio.github.io-Sun.zip
[2025-07-27 15:02:02] [INFO] Enforced retention policy (kept 1 backups)
[2025-07-27 15:02:02] [INFO] Monitoring sync status...
[2025-07-27 15:02:04] [INFO] All sync operations completed
[2025-07-27 15:02:04] [INFO] Backup process completed
